Copyright 1986-2018 Xilinx, Inc. All Rights Reserved.
-------------------------------------------------------------------------------------
| Tool Version : Vivado v.2018.1 (lin64) Build 2188600 Wed Apr  4 18:39:19 MDT 2018
| Date         : Tue May 15 19:24:04 2018
| Host         : pedro-crucial-250 running 64-bit Ubuntu 16.04.4 LTS
| Command      : report_timing_summary -file ./results/post_route_timing_summary.rpt
| Design       : artix_top
| Device       : 7a50t-ftg256
| Speed File   : -1  PRODUCTION 1.21 2018-02-08
-------------------------------------------------------------------------------------

Timing Summary Report

------------------------------------------------------------------------------------------------
| Timer Settings
| --------------
------------------------------------------------------------------------------------------------

  Enable Multi Corner Analysis               :  Yes
  Enable Pessimism Removal                   :  Yes
  Pessimism Removal Resolution               :  Nearest Common Node
  Enable Input Delay Default Clock           :  No
  Enable Preset / Clear Arcs                 :  No
  Disable Flight Delays                      :  No
  Ignore I/O Paths                           :  No
  Timing Early Launch at Borrowing Latches   :  false

  Corner  Analyze    Analyze    
  Name    Max Paths  Min Paths  
  ------  ---------  ---------  
  Slow    Yes        Yes        
  Fast    Yes        Yes        



check_timing report

Table of Contents
-----------------
1. checking no_clock
2. checking constant_clock
3. checking pulse_width_clock
4. checking unconstrained_internal_endpoints
5. checking no_input_delay
6. checking no_output_delay
7. checking multiple_clock
8. checking generated_clocks
9. checking loops
10. checking partial_input_delay
11. checking partial_output_delay
12. checking latch_loops

1. checking no_clock
--------------------
 There are 0 register/latch pins with no clock.


2. checking constant_clock
--------------------------
 There are 0 register/latch pins with constant_clock.


3. checking pulse_width_clock
-----------------------------
 There are 0 register/latch pins which need pulse_width check


4. checking unconstrained_internal_endpoints
--------------------------------------------
 There are 0 pins that are not constrained for maximum delay.

 There are 0 pins that are not constrained for maximum delay due to constant clock.


5. checking no_input_delay
--------------------------
 There are 0 input ports with no input delay specified.

 There are 0 input ports with no input delay but user has a false path constraint.


6. checking no_output_delay
---------------------------
 There are 8 ports with no output delay specified. (HIGH)

 There are 0 ports with no output delay but user has a false path constraint

 There are 0 ports with no output delay but with a timing clock defined on it or propagating through it


7. checking multiple_clock
--------------------------
 There are 0 register/latch pins with multiple clocks.


8. checking generated_clocks
----------------------------
 There are 0 generated clocks that are not connected to a clock source.


9. checking loops
-----------------
 There are 0 combinational loops in the design.


10. checking partial_input_delay
--------------------------------
 There are 0 input ports with partial input delay specified.


11. checking partial_output_delay
---------------------------------
 There are 0 ports with partial output delay specified.


12. checking latch_loops
------------------------
 There are 0 combinational latch loops in the design through latch input



------------------------------------------------------------------------------------------------
| Design Timing Summary
| ---------------------
------------------------------------------------------------------------------------------------

    WNS(ns)      TNS(ns)  TNS Failing Endpoints  TNS Total Endpoints      WHS(ns)      THS(ns)  THS Failing Endpoints  THS Total Endpoints     WPWS(ns)     TPWS(ns)  TPWS Failing Endpoints  TPWS Total Endpoints  
    -------      -------  ---------------------  -------------------      -------      -------  ---------------------  -------------------     --------     --------  ----------------------  --------------------  
     -0.125       -0.652                     20                63015        0.007        0.000                      0                62983       -0.076       -9.728                     128                 54720  


Timing constraints are not met.


------------------------------------------------------------------------------------------------
| Clock Summary
| -------------
------------------------------------------------------------------------------------------------

Clock                                                                                       Waveform(ns)         Period(ns)      Frequency(MHz)
-----                                                                                       ------------         ----------      --------------
clk_in                                                                                      {0.000 2.500}        5.000           200.000         
  clk100_artix_clock_wiz                                                                    {0.000 5.000}        10.000          100.000         
  clk300_artix_clock_wiz                                                                    {0.000 1.250}        2.500           400.000         
  clkfbout_artix_clock_wiz                                                                  {0.000 2.500}        5.000           200.000         
dbg_hub/inst/BSCANID.u_xsdbm_id/SWITCH_N_EXT_BSCAN.bscan_inst/SERIES7_BSCAN.bscan_inst/TCK  {0.000 16.500}       33.000          30.303          


------------------------------------------------------------------------------------------------
| Intra Clock Table
| -----------------
------------------------------------------------------------------------------------------------

Clock                                                                                           WNS(ns)      TNS(ns)  TNS Failing Endpoints  TNS Total Endpoints      WHS(ns)      THS(ns)  THS Failing Endpoints  THS Total Endpoints     WPWS(ns)     TPWS(ns)  TPWS Failing Endpoints  TPWS Total Endpoints  
-----                                                                                           -------      -------  ---------------------  -------------------      -------      -------  ---------------------  -------------------     --------     --------  ----------------------  --------------------  
clk_in                                                                                                                                                                                                                                        1.100        0.000                       0                     1  
  clk100_artix_clock_wiz                                                                          4.323        0.000                      0                 1138        0.027        0.000                      0                 1138        3.750        0.000                       0                   817  
  clk300_artix_clock_wiz                                                                         -0.125       -0.652                     20                60728        0.007        0.000                      0                60728       -0.076       -9.728                     128                 53418  
  clkfbout_artix_clock_wiz                                                                                                                                                                                                                    2.845        0.000                       0                     3  
dbg_hub/inst/BSCANID.u_xsdbm_id/SWITCH_N_EXT_BSCAN.bscan_inst/SERIES7_BSCAN.bscan_inst/TCK       26.873        0.000                      0                  926        0.087        0.000                      0                  926       15.250        0.000                       0                   481  


------------------------------------------------------------------------------------------------
| Inter Clock Table
| -----------------
------------------------------------------------------------------------------------------------

From Clock              To Clock                    WNS(ns)      TNS(ns)  TNS Failing Endpoints  TNS Total Endpoints      WHS(ns)      THS(ns)  THS Failing Endpoints  THS Total Endpoints  
----------              --------                    -------      -------  ---------------------  -------------------      -------      -------  ---------------------  -------------------  
clk300_artix_clock_wiz  clk100_artix_clock_wiz        3.092        0.000                      0                   16                                                                        
clk100_artix_clock_wiz  clk300_artix_clock_wiz        1.268        0.000                      0                   32                                                                        


------------------------------------------------------------------------------------------------
| Other Path Groups Table
| -----------------------
------------------------------------------------------------------------------------------------

Path Group                                                                                  From Clock                                                                                  To Clock                                                                                        WNS(ns)      TNS(ns)  TNS Failing Endpoints  TNS Total Endpoints      WHS(ns)      THS(ns)  THS Failing Endpoints  THS Total Endpoints  
----------                                                                                  ----------                                                                                  --------                                                                                        -------      -------  ---------------------  -------------------      -------      -------  ---------------------  -------------------  
**async_default**                                                                           clk100_artix_clock_wiz                                                                      clk100_artix_clock_wiz                                                                            6.326        0.000                      0                   91        0.337        0.000                      0                   91  
**async_default**                                                                           dbg_hub/inst/BSCANID.u_xsdbm_id/SWITCH_N_EXT_BSCAN.bscan_inst/SERIES7_BSCAN.bscan_inst/TCK  dbg_hub/inst/BSCANID.u_xsdbm_id/SWITCH_N_EXT_BSCAN.bscan_inst/SERIES7_BSCAN.bscan_inst/TCK       27.993        0.000                      0                  100        0.349        0.000                      0                  100  


------------------------------------------------------------------------------------------------
| Timing Details
| --------------
------------------------------------------------------------------------------------------------


---------------------------------------------------------------------------------------------------
From Clock:  clk_in
  To Clock:  clk_in

Setup :           NA  Failing Endpoints,  Worst Slack           NA  ,  Total Violation           NA
Hold  :           NA  Failing Endpoints,  Worst Slack           NA  ,  Total Violation           NA
PW    :            0  Failing Endpoints,  Worst Slack        1.100ns,  Total Violation        0.000ns
---------------------------------------------------------------------------------------------------


Pulse Width Checks
--------------------------------------------------------------------------------------
Clock Name:         clk_in
Waveform(ns):       { 0.000 2.500 }
Period(ns):         5.000
Sources:            { clk_in }

Check Type        Corner  Lib Pin            Reference Pin  Required(ns)  Actual(ns)  Slack(ns)  Location         Pin
Min Period        n/a     MMCME2_ADV/CLKIN1  n/a            1.249         5.000       3.751      MMCME2_ADV_X0Y0  clock_wiz_inst/inst/mmcm_adv_inst/CLKIN1
Max Period        n/a     MMCME2_ADV/CLKIN1  n/a            100.000       5.000       95.000     MMCME2_ADV_X0Y0  clock_wiz_inst/inst/mmcm_adv_inst/CLKIN1
Low Pulse Width   Fast    MMCME2_ADV/CLKIN1  n/a            1.400         2.500       1.100      MMCME2_ADV_X0Y0  clock_wiz_inst/inst/mmcm_adv_inst/CLKIN1
High Pulse Width  Slow    MMCME2_ADV/CLKIN1  n/a            1.400         2.500       1.100      MMCME2_ADV_X0Y0  clock_wiz_inst/inst/mmcm_adv_inst/CLKIN1



---------------------------------------------------------------------------------------------------
From Clock:  clk100_artix_clock_wiz
  To Clock:  clk100_artix_clock_wiz

Setup :            0  Failing Endpoints,  Worst Slack        4.323ns,  Total Violation        0.000ns
Hold  :            0  Failing Endpoints,  Worst Slack        0.027ns,  Total Violation        0.000ns
PW    :            0  Failing Endpoints,  Worst Slack        3.750ns,  Total Violation        0.000ns
---------------------------------------------------------------------------------------------------


Max Delay Paths
--------------------------------------------------------------------------------------
Slack (MET) :             4.323ns  (required time - arrival time)
  Source:                 dbg_hub/inst/BSCANID.u_xsdbm_id/CORE_XSDB.UUT_MASTER/U_XSDB_BUS_CONTROLLER/current_state_reg[2]/C
                            (rising edge-triggered cell FDCE clocked by clk100_artix_clock_wiz  {rise@0.000ns fall@5.000ns period=10.000ns})
  Destination:            dbg_hub/inst/BSCANID.u_xsdbm_id/CORE_XSDB.UUT_MASTER/U_XSDB_BUS_CONTROLLER/dec_wdc_r_reg/D
                            (rising edge-triggered cell FDCE clocked by clk100_artix_clock_wiz  {rise@0.000ns fall@5.000ns period=10.000ns})
  Path Group:             clk100_artix_clock_wiz
  Path Type:              Setup (Max at Slow Process Corner)
  Requirement:            10.000ns  (clk100_artix_clock_wiz rise@10.000ns - clk100_artix_clock_wiz rise@0.000ns)
  Data Path Delay:        5.594ns  (logic 1.448ns (25.886%)  route 4.146ns (74.114%))
  Logic Levels:           5  (LUT3=1 LUT5=2 LUT6=2)
  Clock Path Skew:        -0.045ns (DCD - SCD + CPR)
    Destination Clock Delay (DCD):    -1.504ns = ( 8.496 - 10.000 ) 
    Source Clock Delay      (SCD):    -0.897ns
    Clock Pessimism Removal (CPR):    0.561ns
  Clock Uncertainty:      0.067ns  ((TSJ^2 + DJ^2)^1/2) / 2 + PE
    Total System Jitter     (TSJ):    0.071ns
    Discrete Jitter          (DJ):    0.115ns
    Phase Error              (PE):    0.000ns

    Location             Delay type                Incr(ns)  Path(ns)    Netlist Resource(s)
  -------------------------------------------------------------------    -------------------
                         (clock clk100_artix_clock_wiz rise edge)
                                                      0.000     0.000 r  
    N11                                               0.000     0.000 r  clk_in (IN)
                         net (fo=0)                   0.000     0.000    clock_wiz_inst/inst/clk_in1
    N11                  IBUF (Prop_ibuf_I_O)         1.519     1.519 r  clock_wiz_inst/inst/clkin1_ibufg/O
                         net (fo=1, routed)           1.233     2.752    clock_wiz_inst/inst/clk_in1_artix_clock_wiz
    MMCME2_ADV_X0Y0      MMCME2_ADV (Prop_mmcme2_adv_CLKIN1_CLKOUT0)
                                                     -6.965    -4.213 r  clock_wiz_inst/inst/mmcm_adv_inst/CLKOUT0
                         net (fo=1, routed)           1.666    -2.546    clock_wiz_inst/inst/clk100_artix_clock_wiz
    BUFGCTRL_X0Y1        BUFG (Prop_bufg_I_O)         0.096    -2.450 r  clock_wiz_inst/inst/clkout1_buf/O
                         net (fo=815, routed)         1.553    -0.897    dbg_hub/inst/BSCANID.u_xsdbm_id/CORE_XSDB.UUT_MASTER/U_XSDB_BUS_CONTROLLER/clk
    SLICE_X43Y91         FDCE                                         r  dbg_hub/inst/BSCANID.u_xsdbm_id/CORE_XSDB.UUT_MASTER/U_XSDB_BUS_CONTROLLER/current_state_reg[2]/C
  -------------------------------------------------------------------    -------------------
    SLICE_X43Y91         FDCE (Prop_fdce_C_Q)         0.419    -0.478 r  dbg_hub/inst/BSCANID.u_xsdbm_id/CORE_XSDB.UUT_MASTER/U_XSDB_BUS_CONTROLLER/current_state_reg[2]/Q
                         net (fo=18, routed)          1.313     0.834    dbg_hub/inst/BSCANID.u_xsdbm_id/CORE_XSDB.UUT_MASTER/U_XSDB_BUS_CONTROLLER/U_TIMER/Q[2]
    SLICE_X43Y89         LUT6 (Prop_lut6_I1_O)        0.297     1.131 r  dbg_hub/inst/BSCANID.u_xsdbm_id/CORE_XSDB.UUT_MASTER/U_XSDB_BUS_CONTROLLER/U_TIMER/current_state[0]_i_6/O
                         net (fo=1, routed)           0.433     1.565    dbg_hub/inst/BSCANID.u_xsdbm_id/CORE_XSDB.UUT_MASTER/U_XSDB_BUS_CONTROLLER/U_RD_ABORT_FLAG/ram_empty_i_reg
    SLICE_X43Y89         LUT5 (Prop_lut5_I1_O)        0.124     1.689 r  dbg_hub/inst/BSCANID.u_xsdbm_id/CORE_XSDB.UUT_MASTER/U_XSDB_BUS_CONTROLLER/U_RD_ABORT_FLAG/current_state[0]_i_4/O
                         net (fo=3, routed)           0.654     2.343    dbg_hub/inst/BSCANID.u_xsdbm_id/CORE_XSDB.UUT_MASTER/U_XSDB_BUS_CONTROLLER/U_TIMER/current_state_reg[0]_0
    SLICE_X40Y90         LUT6 (Prop_lut6_I5_O)        0.124     2.467 r  dbg_hub/inst/BSCANID.u_xsdbm_id/CORE_XSDB.UUT_MASTER/U_XSDB_BUS_CONTROLLER/U_TIMER/current_state[0]_i_1/O
                         net (fo=24, routed)          1.320     3.787    dbg_hub/inst/BSCANID.u_xsdbm_id/CORE_XSDB.UUT_MASTER/U_XSDB_BUS_CONTROLLER/U_TIMER/next_state[0]
    SLICE_X36Y87         LUT5 (Prop_lut5_I0_O)        0.152     3.939 r  dbg_hub/inst/BSCANID.u_xsdbm_id/CORE_XSDB.UUT_MASTER/U_XSDB_BUS_CONTROLLER/U_TIMER/g0_b0__4/O
                         net (fo=1, routed)           0.426     4.364    dbg_hub/inst/BSCANID.u_xsdbm_id/CORE_XSDB.UUT_MASTER/U_XSDB_BUS_CONTROLLER/U_TIMER/g0_b0__4_n_0
    SLICE_X36Y86         LUT3 (Prop_lut3_I1_O)        0.332     4.696 r  dbg_hub/inst/BSCANID.u_xsdbm_id/CORE_XSDB.UUT_MASTER/U_XSDB_BUS_CONTROLLER/U_TIMER/dec_wdc_r_i_1/O
                         net (fo=1, routed)           0.000     4.696    dbg_hub/inst/BSCANID.u_xsdbm_id/CORE_XSDB.UUT_MASTER/U_XSDB_BUS_CONTROLLER/U_TIMER_n_12
    SLICE_X36Y86         FDCE                                         r  dbg_hub/inst/BSCANID.u_xsdbm_id/CORE_XSDB.UUT_MASTER/U_XSDB_BUS_CONTROLLER/dec_wdc_r_reg/D
  -------------------------------------------------------------------    -------------------

                         (clock clk100_artix_clock_wiz rise edge)
                                                     10.000    10.000 r  
    N11                                               0.000    10.000 r  clk_in (IN)
                         net (fo=0)                   0.000    10.000    clock_wiz_inst/inst/clk_in1
    N11                  IBUF (Prop_ibuf_I_O)         1.448    11.448 r  clock_wiz_inst/inst/clkin1_ibufg/O
                         net (fo=1, routed)           1.162    12.610    clock_wiz_inst/inst/clk_in1_artix_clock_wiz
    MMCME2_ADV_X0Y0      MMCME2_ADV (Prop_mmcme2_adv_CLKIN1_CLKOUT0)
                                                     -7.221     5.388 r  clock_wiz_inst/inst/mmcm_adv_inst/CLKOUT0
                         net (fo=1, routed)           1.587     6.975    clock_wiz_inst/inst/clk100_artix_clock_wiz
    BUFGCTRL_X0Y1        BUFG (Prop_bufg_I_O)         0.091     7.066 r  clock_wiz_inst/inst/clkout1_buf/O
                         net (fo=815, routed)         1.430     8.496    dbg_hub/inst/BSCANID.u_xsdbm_id/CORE_XSDB.UUT_MASTER/U_XSDB_BUS_CONTROLLER/clk
    SLICE_X36Y86         FDCE                                         r  dbg_hub/inst/BSCANID.u_xsdbm_id/CORE_XSDB.UUT_MASTER/U_XSDB_BUS_CONTROLLER/dec_wdc_r_reg/C
                         clock pessimism              0.561     9.058    
                         clock uncertainty           -0.067     8.990    
    SLICE_X36Y86         FDCE (Setup_fdce_C_D)        0.029     9.019    dbg_hub/inst/BSCANID.u_xsdbm_id/CORE_XSDB.UUT_MASTER/U_XSDB_BUS_CONTROLLER/dec_wdc_r_reg
  -------------------------------------------------------------------
                         required time                          9.019    
                         arrival time                          -4.696    
  -------------------------------------------------------------------
                         slack                                  4.323    





Min Delay Paths
--------------------------------------------------------------------------------------
Slack (MET) :             0.027ns  (arrival time - required time)
  Source:                 vio_inst/inst/DECODER_INST/probe_out_modified_reg[11]/C
                            (rising edge-triggered cell FDRE clocked by clk100_artix_clock_wiz  {rise@0.000ns fall@5.000ns period=10.000ns})
  Destination:            vio_inst/inst/DECODER_INST/Bus_data_out_reg[11]/D
                            (rising edge-triggered cell FDSE clocked by clk100_artix_clock_wiz  {rise@0.000ns fall@5.000ns period=10.000ns})
  Path Group:             clk100_artix_clock_wiz
  Path Type:              Hold (Min at Fast Process Corner)
  Requirement:            0.000ns  (clk100_artix_clock_wiz rise@0.000ns - clk100_artix_clock_wiz rise@0.000ns)
  Data Path Delay:        0.381ns  (logic 0.186ns (48.842%)  route 0.195ns (51.158%))
  Logic Levels:           1  (LUT6=1)
  Clock Path Skew:        0.263ns (DCD - SCD - CPR)
    Destination Clock Delay (DCD):    -0.807ns
    Source Clock Delay      (SCD):    -0.568ns
    Clock Pessimism Removal (CPR):    -0.502ns

    Location             Delay type                Incr(ns)  Path(ns)    Netlist Resource(s)
  -------------------------------------------------------------------    -------------------
                         (clock clk100_artix_clock_wiz rise edge)
                                                      0.000     0.000 r  
    N11                                               0.000     0.000 r  clk_in (IN)
                         net (fo=0)                   0.000     0.000    clock_wiz_inst/inst/clk_in1
    N11                  IBUF (Prop_ibuf_I_O)         0.286     0.286 r  clock_wiz_inst/inst/clkin1_ibufg/O
                         net (fo=1, routed)           0.440     0.727    clock_wiz_inst/inst/clk_in1_artix_clock_wiz
    MMCME2_ADV_X0Y0      MMCME2_ADV (Prop_mmcme2_adv_CLKIN1_CLKOUT0)
                                                     -2.362    -1.636 r  clock_wiz_inst/inst/mmcm_adv_inst/CLKOUT0
                         net (fo=1, routed)           0.489    -1.147    clock_wiz_inst/inst/clk100_artix_clock_wiz
    BUFGCTRL_X0Y1        BUFG (Prop_bufg_I_O)         0.026    -1.121 r  clock_wiz_inst/inst/clkout1_buf/O
                         net (fo=815, routed)         0.553    -0.568    vio_inst/inst/DECODER_INST/out
    SLICE_X33Y80         FDRE                                         r  vio_inst/inst/DECODER_INST/probe_out_modified_reg[11]/C
  -------------------------------------------------------------------    -------------------
    SLICE_X33Y80         FDRE (Prop_fdre_C_Q)         0.141    -0.427 r  vio_inst/inst/DECODER_INST/probe_out_modified_reg[11]/Q
                         net (fo=1, routed)           0.195    -0.233    vio_inst/inst/DECODER_INST/probe_out_modified[11]
    SLICE_X37Y81         LUT6 (Prop_lut6_I3_O)        0.045    -0.188 r  vio_inst/inst/DECODER_INST/Bus_data_out[11]_i_1/O
                         net (fo=1, routed)           0.000    -0.188    vio_inst/inst/DECODER_INST/Bus_data_out[11]_i_1_n_0
    SLICE_X37Y81         FDSE                                         r  vio_inst/inst/DECODER_INST/Bus_data_out_reg[11]/D
  -------------------------------------------------------------------    -------------------

                         (clock clk100_artix_clock_wiz rise edge)
                                                      0.000     0.000 r  
    N11                                               0.000     0.000 r  clk_in (IN)
                         net (fo=0)                   0.000     0.000    clock_wiz_inst/inst/clk_in1
    N11                  IBUF (Prop_ibuf_I_O)         0.475     0.475 r  clock_wiz_inst/inst/clkin1_ibufg/O
                         net (fo=1, routed)           0.480     0.955    clock_wiz_inst/inst/clk_in1_artix_clock_wiz
    MMCME2_ADV_X0Y0      MMCME2_ADV (Prop_mmcme2_adv_CLKIN1_CLKOUT0)
                                                     -3.145    -2.191 r  clock_wiz_inst/inst/mmcm_adv_inst/CLKOUT0
                         net (fo=1, routed)           0.534    -1.657    clock_wiz_inst/inst/clk100_artix_clock_wiz
    BUFGCTRL_X0Y1        BUFG (Prop_bufg_I_O)         0.029    -1.628 r  clock_wiz_inst/inst/clkout1_buf/O
                         net (fo=815, routed)         0.820    -0.807    vio_inst/inst/DECODER_INST/out
    SLICE_X37Y81         FDSE                                         r  vio_inst/inst/DECODER_INST/Bus_data_out_reg[11]/C
                         clock pessimism              0.502    -0.306    
    SLICE_X37Y81         FDSE (Hold_fdse_C_D)         0.091    -0.215    vio_inst/inst/DECODER_INST/Bus_data_out_reg[11]
  -------------------------------------------------------------------
                         required time                          0.215    
                         arrival time                          -0.188    
  -------------------------------------------------------------------
                         slack                                  0.027    





Pulse Width Checks
--------------------------------------------------------------------------------------
Clock Name:         clk100_artix_clock_wiz
Waveform(ns):       { 0.000 5.000 }
Period(ns):         10.000
Sources:            { clock_wiz_inst/inst/mmcm_adv_inst/CLKOUT0 }

Check Type        Corner  Lib Pin             Reference Pin  Required(ns)  Actual(ns)  Slack(ns)  Location         Pin
Min Period        n/a     BUFG/I              n/a            2.155         10.000      7.845      BUFGCTRL_X0Y1    clock_wiz_inst/inst/clkout1_buf/I
Max Period        n/a     MMCME2_ADV/CLKOUT0  n/a            213.360       10.000      203.360    MMCME2_ADV_X0Y0  clock_wiz_inst/inst/mmcm_adv_inst/CLKOUT0
Low Pulse Width   Fast    RAMD32/CLK          n/a            1.250         5.000       3.750      SLICE_X42Y85     dbg_hub/inst/BSCANID.u_xsdbm_id/CORE_XSDB.UUT_MASTER/U_ICON_INTERFACE/U_CMD6_RD/U_RD_FIFO/SUBCORE_FIFO.xsdbm_v3_0_0_rdfifo_inst/inst_fifo_gen/gconvfifo.rf/grf.rf/gntv_or_sync_fifo.mem/gdm.dm_gen.dm/RAM_reg_0_15_0_5/RAMA/CLK
High Pulse Width  Slow    RAMD32/CLK          n/a            1.250         5.000       3.750      SLICE_X42Y85     dbg_hub/inst/BSCANID.u_xsdbm_id/CORE_XSDB.UUT_MASTER/U_ICON_INTERFACE/U_CMD6_RD/U_RD_FIFO/SUBCORE_FIFO.xsdbm_v3_0_0_rdfifo_inst/inst_fifo_gen/gconvfifo.rf/grf.rf/gntv_or_sync_fifo.mem/gdm.dm_gen.dm/RAM_reg_0_15_0_5/RAMA/CLK



---------------------------------------------------------------------------------------------------
From Clock:  clk300_artix_clock_wiz
  To Clock:  clk300_artix_clock_wiz

Setup :           20  Failing Endpoints,  Worst Slack       -0.125ns,  Total Violation       -0.652ns
Hold  :            0  Failing Endpoints,  Worst Slack        0.007ns,  Total Violation        0.000ns
PW    :          128  Failing Endpoints,  Worst Slack       -0.076ns,  Total Violation       -9.728ns
---------------------------------------------------------------------------------------------------


Max Delay Paths
--------------------------------------------------------------------------------------
Slack (VIOLATED) :        -0.125ns  (required time - arrival time)
  Source:                 gen_code_label[3].heater_inst/gen_bram[2].sp_bram_1/U0/inst_blk_mem_gen/gnbram.gnativebmg.native_blk_mem_gen/valid.cstr/ramloop[0].ram.r/prim_noinit.ram/DEVICE_7SERIES.NO_BMM_INFO.SP.SIMPLE_PRIM36.ram/CLKARDCLK
                            (rising edge-triggered cell RAMB36E1 clocked by clk300_artix_clock_wiz  {rise@0.000ns fall@1.250ns period=2.500ns})
  Destination:            gen_code_label[3].heater_inst/gen_bram[2].sp_bram_1/U0/inst_blk_mem_gen/gnbram.gnativebmg.native_blk_mem_gen/valid.cstr/mux_a_wire.mux_reg.ce_pri.douta_i_reg[23]/D
                            (rising edge-triggered cell FDRE clocked by clk300_artix_clock_wiz  {rise@0.000ns fall@1.250ns period=2.500ns})
  Path Group:             clk300_artix_clock_wiz
  Path Type:              Setup (Max at Slow Process Corner)
  Requirement:            2.500ns  (clk300_artix_clock_wiz rise@2.500ns - clk300_artix_clock_wiz rise@0.000ns)
  Data Path Delay:        2.362ns  (logic 0.882ns (37.349%)  route 1.480ns (62.651%))
  Logic Levels:           0  
  Clock Path Skew:        -0.167ns (DCD - SCD + CPR)
    Destination Clock Delay (DCD):    -1.506ns = ( 0.994 - 2.500 ) 
    Source Clock Delay      (SCD):    -0.848ns
    Clock Pessimism Removal (CPR):    0.491ns
  Clock Uncertainty:      0.056ns  ((TSJ^2 + DJ^2)^1/2) / 2 + PE
    Total System Jitter     (TSJ):    0.071ns
    Discrete Jitter          (DJ):    0.087ns
    Phase Error              (PE):    0.000ns

    Location             Delay type                Incr(ns)  Path(ns)    Netlist Resource(s)
  -------------------------------------------------------------------    -------------------
                         (clock clk300_artix_clock_wiz rise edge)
                                                      0.000     0.000 r  
    N11                                               0.000     0.000 r  clk_in (IN)
                         net (fo=0)                   0.000     0.000    clock_wiz_inst/inst/clk_in1
    N11                  IBUF (Prop_ibuf_I_O)         1.519     1.519 r  clock_wiz_inst/inst/clkin1_ibufg/O
                         net (fo=1, routed)           1.233     2.752    clock_wiz_inst/inst/clk_in1_artix_clock_wiz
    MMCME2_ADV_X0Y0      MMCME2_ADV (Prop_mmcme2_adv_CLKIN1_CLKOUT1)
                                                     -6.965    -4.213 r  clock_wiz_inst/inst/mmcm_adv_inst/CLKOUT1
                         net (fo=1, routed)           1.666    -2.546    clock_wiz_inst/inst/clk300_artix_clock_wiz
    BUFGCTRL_X0Y0        BUFG (Prop_bufg_I_O)         0.096    -2.450 r  clock_wiz_inst/inst/clkout2_buf/O
                         net (fo=53416, routed)       1.603    -0.848    gen_code_label[3].heater_inst/gen_bram[2].sp_bram_1/U0/inst_blk_mem_gen/gnbram.gnativebmg.native_blk_mem_gen/valid.cstr/ramloop[0].ram.r/prim_noinit.ram/clka
    RAMB36_X2Y3          RAMB36E1                                     r  gen_code_label[3].heater_inst/gen_bram[2].sp_bram_1/U0/inst_blk_mem_gen/gnbram.gnativebmg.native_blk_mem_gen/valid.cstr/ramloop[0].ram.r/prim_noinit.ram/DEVICE_7SERIES.NO_BMM_INFO.SP.SIMPLE_PRIM36.ram/CLKARDCLK
  -------------------------------------------------------------------    -------------------
    RAMB36_X2Y3          RAMB36E1 (Prop_ramb36e1_CLKARDCLK_DOADO[23])
                                                      0.882     0.034 r  gen_code_label[3].heater_inst/gen_bram[2].sp_bram_1/U0/inst_blk_mem_gen/gnbram.gnativebmg.native_blk_mem_gen/valid.cstr/ramloop[0].ram.r/prim_noinit.ram/DEVICE_7SERIES.NO_BMM_INFO.SP.SIMPLE_PRIM36.ram/DOADO[23]
                         net (fo=1, routed)           1.480     1.514    gen_code_label[3].heater_inst/gen_bram[2].sp_bram_1/U0/inst_blk_mem_gen/gnbram.gnativebmg.native_blk_mem_gen/valid.cstr/ram_douta[23]
    SLICE_X35Y25         FDRE                                         r  gen_code_label[3].heater_inst/gen_bram[2].sp_bram_1/U0/inst_blk_mem_gen/gnbram.gnativebmg.native_blk_mem_gen/valid.cstr/mux_a_wire.mux_reg.ce_pri.douta_i_reg[23]/D
  -------------------------------------------------------------------    -------------------

                         (clock clk300_artix_clock_wiz rise edge)
                                                      2.500     2.500 r  
    N11                                               0.000     2.500 r  clk_in (IN)
                         net (fo=0)                   0.000     2.500    clock_wiz_inst/inst/clk_in1
    N11                  IBUF (Prop_ibuf_I_O)         1.448     3.948 r  clock_wiz_inst/inst/clkin1_ibufg/O
                         net (fo=1, routed)           1.162     5.110    clock_wiz_inst/inst/clk_in1_artix_clock_wiz
    MMCME2_ADV_X0Y0      MMCME2_ADV (Prop_mmcme2_adv_CLKIN1_CLKOUT1)
                                                     -7.221    -2.112 r  clock_wiz_inst/inst/mmcm_adv_inst/CLKOUT1
                         net (fo=1, routed)           1.587    -0.525    clock_wiz_inst/inst/clk300_artix_clock_wiz
    BUFGCTRL_X0Y0        BUFG (Prop_bufg_I_O)         0.091    -0.434 r  clock_wiz_inst/inst/clkout2_buf/O
                         net (fo=53416, routed)       1.427     0.994    gen_code_label[3].heater_inst/gen_bram[2].sp_bram_1/U0/inst_blk_mem_gen/gnbram.gnativebmg.native_blk_mem_gen/valid.cstr/clka
    SLICE_X35Y25         FDRE                                         r  gen_code_label[3].heater_inst/gen_bram[2].sp_bram_1/U0/inst_blk_mem_gen/gnbram.gnativebmg.native_blk_mem_gen/valid.cstr/mux_a_wire.mux_reg.ce_pri.douta_i_reg[23]/C
                         clock pessimism              0.491     1.485    
                         clock uncertainty           -0.056     1.429    
    SLICE_X35Y25         FDRE (Setup_fdre_C_D)       -0.040     1.389    gen_code_label[3].heater_inst/gen_bram[2].sp_bram_1/U0/inst_blk_mem_gen/gnbram.gnativebmg.native_blk_mem_gen/valid.cstr/mux_a_wire.mux_reg.ce_pri.douta_i_reg[23]
  -------------------------------------------------------------------
                         required time                          1.389    
                         arrival time                          -1.514    
  -------------------------------------------------------------------
                         slack                                 -0.125    





Min Delay Paths
--------------------------------------------------------------------------------------
Slack (MET) :             0.007ns  (arrival time - required time)
  Source:                 gen_code_label[5].heater_inst/srl32_0/U0/i_synth/i_bb_inst/f1.only_clb.srl_sig_reg[63][28]/C
                            (rising edge-triggered cell FDRE clocked by clk300_artix_clock_wiz  {rise@0.000ns fall@1.250ns period=2.500ns})
  Destination:            gen_code_label[5].heater_inst/gen_srl[1].srl32_1/U0/i_synth/i_bb_inst/f1.only_clb.srl_sig_reg[0][28]/D
                            (rising edge-triggered cell FDRE clocked by clk300_artix_clock_wiz  {rise@0.000ns fall@1.250ns period=2.500ns})
  Path Group:             clk300_artix_clock_wiz
  Path Type:              Hold (Min at Fast Process Corner)
  Requirement:            0.000ns  (clk300_artix_clock_wiz rise@0.000ns - clk300_artix_clock_wiz rise@0.000ns)
  Data Path Delay:        0.354ns  (logic 0.164ns (46.331%)  route 0.190ns (53.669%))
  Logic Levels:           0  
  Clock Path Skew:        0.271ns (DCD - SCD - CPR)
    Destination Clock Delay (DCD):    -0.793ns
    Source Clock Delay      (SCD):    -0.557ns
    Clock Pessimism Removal (CPR):    -0.507ns

    Location             Delay type                Incr(ns)  Path(ns)    Netlist Resource(s)
  -------------------------------------------------------------------    -------------------
                         (clock clk300_artix_clock_wiz rise edge)
                                                      0.000     0.000 r  
    N11                                               0.000     0.000 r  clk_in (IN)
                         net (fo=0)                   0.000     0.000    clock_wiz_inst/inst/clk_in1
    N11                  IBUF (Prop_ibuf_I_O)         0.286     0.286 r  clock_wiz_inst/inst/clkin1_ibufg/O
                         net (fo=1, routed)           0.440     0.727    clock_wiz_inst/inst/clk_in1_artix_clock_wiz
    MMCME2_ADV_X0Y0      MMCME2_ADV (Prop_mmcme2_adv_CLKIN1_CLKOUT1)
                                                     -2.362    -1.636 r  clock_wiz_inst/inst/mmcm_adv_inst/CLKOUT1
                         net (fo=1, routed)           0.489    -1.147    clock_wiz_inst/inst/clk300_artix_clock_wiz
    BUFGCTRL_X0Y0        BUFG (Prop_bufg_I_O)         0.026    -1.121 r  clock_wiz_inst/inst/clkout2_buf/O
                         net (fo=53416, routed)       0.564    -0.557    gen_code_label[5].heater_inst/srl32_0/U0/i_synth/i_bb_inst/clk
    SLICE_X30Y49         FDRE                                         r  gen_code_label[5].heater_inst/srl32_0/U0/i_synth/i_bb_inst/f1.only_clb.srl_sig_reg[63][28]/C
  -------------------------------------------------------------------    -------------------
    SLICE_X30Y49         FDRE (Prop_fdre_C_Q)         0.164    -0.393 r  gen_code_label[5].heater_inst/srl32_0/U0/i_synth/i_bb_inst/f1.only_clb.srl_sig_reg[63][28]/Q
                         net (fo=1, routed)           0.190    -0.203    gen_code_label[5].heater_inst/gen_srl[1].srl32_1/U0/i_synth/i_bb_inst/d[28]
    SLICE_X15Y50         FDRE                                         r  gen_code_label[5].heater_inst/gen_srl[1].srl32_1/U0/i_synth/i_bb_inst/f1.only_clb.srl_sig_reg[0][28]/D
  -------------------------------------------------------------------    -------------------

                         (clock clk300_artix_clock_wiz rise edge)
                                                      0.000     0.000 r  
    N11                                               0.000     0.000 r  clk_in (IN)
                         net (fo=0)                   0.000     0.000    clock_wiz_inst/inst/clk_in1
    N11                  IBUF (Prop_ibuf_I_O)         0.475     0.475 r  clock_wiz_inst/inst/clkin1_ibufg/O
                         net (fo=1, routed)           0.480     0.955    clock_wiz_inst/inst/clk_in1_artix_clock_wiz
    MMCME2_ADV_X0Y0      MMCME2_ADV (Prop_mmcme2_adv_CLKIN1_CLKOUT1)
                                                     -3.145    -2.191 r  clock_wiz_inst/inst/mmcm_adv_inst/CLKOUT1
                         net (fo=1, routed)           0.534    -1.657    clock_wiz_inst/inst/clk300_artix_clock_wiz
    BUFGCTRL_X0Y0        BUFG (Prop_bufg_I_O)         0.029    -1.628 r  clock_wiz_inst/inst/clkout2_buf/O
                         net (fo=53416, routed)       0.834    -0.793    gen_code_label[5].heater_inst/gen_srl[1].srl32_1/U0/i_synth/i_bb_inst/clk
    SLICE_X15Y50         FDRE                                         r  gen_code_label[5].heater_inst/gen_srl[1].srl32_1/U0/i_synth/i_bb_inst/f1.only_clb.srl_sig_reg[0][28]/C
                         clock pessimism              0.507    -0.287    
    SLICE_X15Y50         FDRE (Hold_fdre_C_D)         0.076    -0.211    gen_code_label[5].heater_inst/gen_srl[1].srl32_1/U0/i_synth/i_bb_inst/f1.only_clb.srl_sig_reg[0][28]
  -------------------------------------------------------------------
                         required time                          0.211    
                         arrival time                          -0.203    
  -------------------------------------------------------------------
                         slack                                  0.007    





Pulse Width Checks
--------------------------------------------------------------------------------------
Clock Name:         clk300_artix_clock_wiz
Waveform(ns):       { 0.000 1.250 }
Period(ns):         2.500
Sources:            { clock_wiz_inst/inst/mmcm_adv_inst/CLKOUT1 }

Check Type        Corner  Lib Pin             Reference Pin  Required(ns)  Actual(ns)  Slack(ns)  Location         Pin
Min Period        n/a     RAMB36E1/CLKARDCLK  n/a            2.576         2.500       -0.076     RAMB36_X2Y3      gen_code_label[3].heater_inst/gen_bram[2].sp_bram_1/U0/inst_blk_mem_gen/gnbram.gnativebmg.native_blk_mem_gen/valid.cstr/ramloop[0].ram.r/prim_noinit.ram/DEVICE_7SERIES.NO_BMM_INFO.SP.SIMPLE_PRIM36.ram/CLKARDCLK
Max Period        n/a     MMCME2_ADV/CLKOUT1  n/a            213.360       2.500       210.860    MMCME2_ADV_X0Y0  clock_wiz_inst/inst/mmcm_adv_inst/CLKOUT1
Low Pulse Width   Slow    SRLC32E/CLK         n/a            0.980         1.250       0.270      SLICE_X54Y132    gen_code_label[0].heater_inst/gen_srl[3].srl32_1/U0/i_synth/i_bb_inst/f1.only_clb.srl_sig_reg[32][0]_srl32/CLK
High Pulse Width  Fast    SRLC32E/CLK         n/a            0.980         1.250       0.270      SLICE_X38Y129    gen_code_label[0].heater_inst/gen_srl[3].srl32_1/U0/i_synth/i_bb_inst/f1.only_clb.srl_sig_reg[32][10]_srl32/CLK



---------------------------------------------------------------------------------------------------
From Clock:  clkfbout_artix_clock_wiz
  To Clock:  clkfbout_artix_clock_wiz

Setup :           NA  Failing Endpoints,  Worst Slack           NA  ,  Total Violation           NA
Hold  :           NA  Failing Endpoints,  Worst Slack           NA  ,  Total Violation           NA
PW    :            0  Failing Endpoints,  Worst Slack        2.845ns,  Total Violation        0.000ns
---------------------------------------------------------------------------------------------------


Pulse Width Checks
--------------------------------------------------------------------------------------
Clock Name:         clkfbout_artix_clock_wiz
Waveform(ns):       { 0.000 2.500 }
Period(ns):         5.000
Sources:            { clock_wiz_inst/inst/mmcm_adv_inst/CLKFBOUT }

Check Type  Corner  Lib Pin             Reference Pin  Required(ns)  Actual(ns)  Slack(ns)  Location         Pin
Min Period  n/a     BUFG/I              n/a            2.155         5.000       2.845      BUFGCTRL_X0Y3    clock_wiz_inst/inst/clkf_buf/I
Max Period  n/a     MMCME2_ADV/CLKFBIN  n/a            100.000       5.000       95.000     MMCME2_ADV_X0Y0  clock_wiz_inst/inst/mmcm_adv_inst/CLKFBIN



---------------------------------------------------------------------------------------------------
From Clock:  dbg_hub/inst/BSCANID.u_xsdbm_id/SWITCH_N_EXT_BSCAN.bscan_inst/SERIES7_BSCAN.bscan_inst/TCK
  To Clock:  dbg_hub/inst/BSCANID.u_xsdbm_id/SWITCH_N_EXT_BSCAN.bscan_inst/SERIES7_BSCAN.bscan_inst/TCK

Setup :            0  Failing Endpoints,  Worst Slack       26.873ns,  Total Violation        0.000ns
Hold  :            0  Failing Endpoints,  Worst Slack        0.087ns,  Total Violation        0.000ns
PW    :            0  Failing Endpoints,  Worst Slack       15.250ns,  Total Violation        0.000ns
---------------------------------------------------------------------------------------------------


Max Delay Paths
--------------------------------------------------------------------------------------
Slack (MET) :             26.873ns  (required time - arrival time)
  Source:                 dbg_hub/inst/BSCANID.u_xsdbm_id/SWITCH_N_EXT_BSCAN.bscan_switch/state_reg[0]/C
                            (rising edge-triggered cell FDRE clocked by dbg_hub/inst/BSCANID.u_xsdbm_id/SWITCH_N_EXT_BSCAN.bscan_inst/SERIES7_BSCAN.bscan_inst/TCK  {rise@0.000ns fall@16.500ns period=33.000ns})
  Destination:            dbg_hub/inst/BSCANID.u_xsdbm_id/SWITCH_N_EXT_BSCAN.bscan_switch/portno_temp_reg[5]/D
                            (rising edge-triggered cell FDRE clocked by dbg_hub/inst/BSCANID.u_xsdbm_id/SWITCH_N_EXT_BSCAN.bscan_inst/SERIES7_BSCAN.bscan_inst/TCK  {rise@0.000ns fall@16.500ns period=33.000ns})
  Path Group:             dbg_hub/inst/BSCANID.u_xsdbm_id/SWITCH_N_EXT_BSCAN.bscan_inst/SERIES7_BSCAN.bscan_inst/TCK
  Path Type:              Setup (Max at Slow Process Corner)
  Requirement:            33.000ns  (dbg_hub/inst/BSCANID.u_xsdbm_id/SWITCH_N_EXT_BSCAN.bscan_inst/SERIES7_BSCAN.bscan_inst/TCK rise@33.000ns - dbg_hub/inst/BSCANID.u_xsdbm_id/SWITCH_N_EXT_BSCAN.bscan_inst/SERIES7_BSCAN.bscan_inst/TCK rise@0.000ns)
  Data Path Delay:        6.129ns  (logic 1.627ns (26.547%)  route 4.502ns (73.453%))
  Logic Levels:           5  (CARRY4=2 LUT4=1 LUT5=1 LUT6=1)
  Clock Path Skew:        -0.042ns (DCD - SCD + CPR)
    Destination Clock Delay (DCD):    3.114ns = ( 36.114 - 33.000 ) 
    Source Clock Delay      (SCD):    3.501ns
    Clock Pessimism Removal (CPR):    0.344ns
  Clock Uncertainty:      0.035ns  ((TSJ^2 + TIJ^2)^1/2 + DJ) / 2 + PE
    Total System Jitter     (TSJ):    0.071ns
    Total Input Jitter      (TIJ):    0.000ns
    Discrete Jitter          (DJ):    0.000ns
    Phase Error              (PE):    0.000ns

    Location             Delay type                Incr(ns)  Path(ns)    Netlist Resource(s)
  -------------------------------------------------------------------    -------------------
                         (clock dbg_hub/inst/BSCANID.u_xsdbm_id/SWITCH_N_EXT_BSCAN.bscan_inst/SERIES7_BSCAN.bscan_inst/TCK rise edge)
                                                      0.000     0.000 r  
    BSCAN_X0Y0           BSCANE2                      0.000     0.000 r  dbg_hub/inst/BSCANID.u_xsdbm_id/SWITCH_N_EXT_BSCAN.bscan_inst/SERIES7_BSCAN.bscan_inst/TCK
                         net (fo=1, routed)           1.855     1.855    dbg_hub/inst/BSCANID.u_xsdbm_id/tck_bs
    BUFGCTRL_X0Y2        BUFG (Prop_bufg_I_O)         0.096     1.951 r  dbg_hub/inst/BSCANID.u_xsdbm_id/SWITCH_N_EXT_BSCAN.u_bufg_icon_tck/O
                         net (fo=480, routed)         1.550     3.501    dbg_hub/inst/BSCANID.u_xsdbm_id/SWITCH_N_EXT_BSCAN.bscan_switch/s_bscan_tck
    SLICE_X29Y87         FDRE                                         r  dbg_hub/inst/BSCANID.u_xsdbm_id/SWITCH_N_EXT_BSCAN.bscan_switch/state_reg[0]/C
  -------------------------------------------------------------------    -------------------
    SLICE_X29Y87         FDRE (Prop_fdre_C_Q)         0.419     3.920 r  dbg_hub/inst/BSCANID.u_xsdbm_id/SWITCH_N_EXT_BSCAN.bscan_switch/state_reg[0]/Q
                         net (fo=55, routed)          2.209     6.129    dbg_hub/inst/BSCANID.u_xsdbm_id/SWITCH_N_EXT_BSCAN.bscan_switch/state[0]
    SLICE_X30Y82         LUT4 (Prop_lut4_I1_O)        0.296     6.425 r  dbg_hub/inst/BSCANID.u_xsdbm_id/SWITCH_N_EXT_BSCAN.bscan_switch/curid_inferred_i_19/O
                         net (fo=2, routed)           0.814     7.239    dbg_hub/inst/BSCANID.u_xsdbm_id/SWITCH_N_EXT_BSCAN.bscan_switch/curid[13]
    SLICE_X28Y81         LUT6 (Prop_lut6_I4_O)        0.124     7.363 r  dbg_hub/inst/BSCANID.u_xsdbm_id/SWITCH_N_EXT_BSCAN.bscan_switch/portno_temp[5]_i_11/O
                         net (fo=1, routed)           0.000     7.363    dbg_hub/inst/BSCANID.u_xsdbm_id/SWITCH_N_EXT_BSCAN.bscan_switch/portno_temp[5]_i_11_n_0
    SLICE_X28Y81         CARRY4 (Prop_carry4_S[1]_CO[3])
                                                      0.550     7.913 r  dbg_hub/inst/BSCANID.u_xsdbm_id/SWITCH_N_EXT_BSCAN.bscan_switch/portno_temp_reg[5]_i_4/CO[3]
                         net (fo=1, routed)           0.000     7.913    dbg_hub/inst/BSCANID.u_xsdbm_id/SWITCH_N_EXT_BSCAN.bscan_switch/portno_temp_reg[5]_i_4_n_0
    SLICE_X28Y82         CARRY4 (Prop_carry4_CI_CO[3])
                                                      0.114     8.027 r  dbg_hub/inst/BSCANID.u_xsdbm_id/SWITCH_N_EXT_BSCAN.bscan_switch/portno_temp_reg[5]_i_3/CO[3]
                         net (fo=9, routed)           1.478     9.505    dbg_hub/inst/BSCANID.u_xsdbm_id/SWITCH_N_EXT_BSCAN.bscan_switch/portno_temp_reg[5]_i_3_n_0
    SLICE_X30Y85         LUT5 (Prop_lut5_I2_O)        0.124     9.629 r  dbg_hub/inst/BSCANID.u_xsdbm_id/SWITCH_N_EXT_BSCAN.bscan_switch/portno_temp[5]_i_1/O
                         net (fo=1, routed)           0.000     9.629    dbg_hub/inst/BSCANID.u_xsdbm_id/SWITCH_N_EXT_BSCAN.bscan_switch/portno_temp[5]_i_1_n_0
    SLICE_X30Y85         FDRE                                         r  dbg_hub/inst/BSCANID.u_xsdbm_id/SWITCH_N_EXT_BSCAN.bscan_switch/portno_temp_reg[5]/D
  -------------------------------------------------------------------    -------------------

                         (clock dbg_hub/inst/BSCANID.u_xsdbm_id/SWITCH_N_EXT_BSCAN.bscan_inst/SERIES7_BSCAN.bscan_inst/TCK rise edge)
                                                     33.000    33.000 r  
    BSCAN_X0Y0           BSCANE2                      0.000    33.000 r  dbg_hub/inst/BSCANID.u_xsdbm_id/SWITCH_N_EXT_BSCAN.bscan_inst/SERIES7_BSCAN.bscan_inst/TCK
                         net (fo=1, routed)           1.594    34.594    dbg_hub/inst/BSCANID.u_xsdbm_id/tck_bs
    BUFGCTRL_X0Y2        BUFG (Prop_bufg_I_O)         0.091    34.685 r  dbg_hub/inst/BSCANID.u_xsdbm_id/SWITCH_N_EXT_BSCAN.u_bufg_icon_tck/O
                         net (fo=480, routed)         1.430    36.114    dbg_hub/inst/BSCANID.u_xsdbm_id/SWITCH_N_EXT_BSCAN.bscan_switch/s_bscan_tck
    SLICE_X30Y85         FDRE                                         r  dbg_hub/inst/BSCANID.u_xsdbm_id/SWITCH_N_EXT_BSCAN.bscan_switch/portno_temp_reg[5]/C
                         clock pessimism              0.344    36.459    
                         clock uncertainty           -0.035    36.423    
    SLICE_X30Y85         FDRE (Setup_fdre_C_D)        0.079    36.502    dbg_hub/inst/BSCANID.u_xsdbm_id/SWITCH_N_EXT_BSCAN.bscan_switch/portno_temp_reg[5]
  -------------------------------------------------------------------
                         required time                         36.502    
                         arrival time                          -9.629    
  -------------------------------------------------------------------
                         slack                                 26.873    





Min Delay Paths
--------------------------------------------------------------------------------------
Slack (MET) :             0.087ns  (arrival time - required time)
  Source:                 dbg_hub/inst/BSCANID.u_xsdbm_id/CORE_XSDB.UUT_MASTER/U_ICON_INTERFACE/U_CMD2/shift_en_reg/C
                            (rising edge-triggered cell FDRE clocked by dbg_hub/inst/BSCANID.u_xsdbm_id/SWITCH_N_EXT_BSCAN.bscan_inst/SERIES7_BSCAN.bscan_inst/TCK  {rise@0.000ns fall@16.500ns period=33.000ns})
  Destination:            dbg_hub/inst/BSCANID.u_xsdbm_id/CORE_XSDB.UUT_MASTER/U_ICON_INTERFACE/U_CMD2/shift_reg_in_reg[0]/D
                            (rising edge-triggered cell FDRE clocked by dbg_hub/inst/BSCANID.u_xsdbm_id/SWITCH_N_EXT_BSCAN.bscan_inst/SERIES7_BSCAN.bscan_inst/TCK  {rise@0.000ns fall@16.500ns period=33.000ns})
  Path Group:             dbg_hub/inst/BSCANID.u_xsdbm_id/SWITCH_N_EXT_BSCAN.bscan_inst/SERIES7_BSCAN.bscan_inst/TCK
  Path Type:              Hold (Min at Fast Process Corner)
  Requirement:            0.000ns  (dbg_hub/inst/BSCANID.u_xsdbm_id/SWITCH_N_EXT_BSCAN.bscan_inst/SERIES7_BSCAN.bscan_inst/TCK rise@0.000ns - dbg_hub/inst/BSCANID.u_xsdbm_id/SWITCH_N_EXT_BSCAN.bscan_inst/SERIES7_BSCAN.bscan_inst/TCK rise@0.000ns)
  Data Path Delay:        0.443ns  (logic 0.186ns (41.946%)  route 0.257ns (58.054%))
  Logic Levels:           1  (LUT3=1)
  Clock Path Skew:        0.265ns (DCD - SCD - CPR)
    Destination Clock Delay (DCD):    1.716ns
    Source Clock Delay      (SCD):    1.327ns
    Clock Pessimism Removal (CPR):    0.124ns

    Location             Delay type                Incr(ns)  Path(ns)    Netlist Resource(s)
  -------------------------------------------------------------------    -------------------
                         (clock dbg_hub/inst/BSCANID.u_xsdbm_id/SWITCH_N_EXT_BSCAN.bscan_inst/SERIES7_BSCAN.bscan_inst/TCK rise edge)
                                                      0.000     0.000 r  
    BSCAN_X0Y0           BSCANE2                      0.000     0.000 r  dbg_hub/inst/BSCANID.u_xsdbm_id/SWITCH_N_EXT_BSCAN.bscan_inst/SERIES7_BSCAN.bscan_inst/TCK
                         net (fo=1, routed)           0.742     0.742    dbg_hub/inst/BSCANID.u_xsdbm_id/tck_bs
    BUFGCTRL_X0Y2        BUFG (Prop_bufg_I_O)         0.026     0.768 r  dbg_hub/inst/BSCANID.u_xsdbm_id/SWITCH_N_EXT_BSCAN.u_bufg_icon_tck/O
                         net (fo=480, routed)         0.560     1.327    dbg_hub/inst/BSCANID.u_xsdbm_id/CORE_XSDB.UUT_MASTER/U_ICON_INTERFACE/U_CMD2/m_bscan_tck[0]
    SLICE_X33Y92         FDRE                                         r  dbg_hub/inst/BSCANID.u_xsdbm_id/CORE_XSDB.UUT_MASTER/U_ICON_INTERFACE/U_CMD2/shift_en_reg/C
  -------------------------------------------------------------------    -------------------
    SLICE_X33Y92         FDRE (Prop_fdre_C_Q)         0.141     1.468 r  dbg_hub/inst/BSCANID.u_xsdbm_id/CORE_XSDB.UUT_MASTER/U_ICON_INTERFACE/U_CMD2/shift_en_reg/Q
                         net (fo=4, routed)           0.257     1.726    dbg_hub/inst/BSCANID.u_xsdbm_id/CORE_XSDB.UUT_MASTER/U_ICON_INTERFACE/U_CMD2/shift_en
    SLICE_X40Y92         LUT3 (Prop_lut3_I1_O)        0.045     1.771 r  dbg_hub/inst/BSCANID.u_xsdbm_id/CORE_XSDB.UUT_MASTER/U_ICON_INTERFACE/U_CMD2/shift_reg_in[0]_i_1__0/O
                         net (fo=1, routed)           0.000     1.771    dbg_hub/inst/BSCANID.u_xsdbm_id/CORE_XSDB.UUT_MASTER/U_ICON_INTERFACE/U_CMD2/shift_reg_in[0]_i_1__0_n_0
    SLICE_X40Y92         FDRE                                         r  dbg_hub/inst/BSCANID.u_xsdbm_id/CORE_XSDB.UUT_MASTER/U_ICON_INTERFACE/U_CMD2/shift_reg_in_reg[0]/D
  -------------------------------------------------------------------    -------------------

                         (clock dbg_hub/inst/BSCANID.u_xsdbm_id/SWITCH_N_EXT_BSCAN.bscan_inst/SERIES7_BSCAN.bscan_inst/TCK rise edge)
                                                      0.000     0.000 r  
    BSCAN_X0Y0           BSCANE2                      0.000     0.000 r  dbg_hub/inst/BSCANID.u_xsdbm_id/SWITCH_N_EXT_BSCAN.bscan_inst/SERIES7_BSCAN.bscan_inst/TCK
                         net (fo=1, routed)           0.858     0.858    dbg_hub/inst/BSCANID.u_xsdbm_id/tck_bs
    BUFGCTRL_X0Y2        BUFG (Prop_bufg_I_O)         0.029     0.887 r  dbg_hub/inst/BSCANID.u_xsdbm_id/SWITCH_N_EXT_BSCAN.u_bufg_icon_tck/O
                         net (fo=480, routed)         0.830     1.716    dbg_hub/inst/BSCANID.u_xsdbm_id/CORE_XSDB.UUT_MASTER/U_ICON_INTERFACE/U_CMD2/m_bscan_tck[0]
    SLICE_X40Y92         FDRE                                         r  dbg_hub/inst/BSCANID.u_xsdbm_id/CORE_XSDB.UUT_MASTER/U_ICON_INTERFACE/U_CMD2/shift_reg_in_reg[0]/C
                         clock pessimism             -0.124     1.592    
    SLICE_X40Y92         FDRE (Hold_fdre_C_D)         0.092     1.684    dbg_hub/inst/BSCANID.u_xsdbm_id/CORE_XSDB.UUT_MASTER/U_ICON_INTERFACE/U_CMD2/shift_reg_in_reg[0]
  -------------------------------------------------------------------
                         required time                         -1.684    
                         arrival time                           1.771    
  -------------------------------------------------------------------
                         slack                                  0.087    





Pulse Width Checks
--------------------------------------------------------------------------------------
Clock Name:         dbg_hub/inst/BSCANID.u_xsdbm_id/SWITCH_N_EXT_BSCAN.bscan_inst/SERIES7_BSCAN.bscan_inst/TCK
Waveform(ns):       { 0.000 16.500 }
Period(ns):         33.000
Sources:            { dbg_hub/inst/BSCANID.u_xsdbm_id/SWITCH_N_EXT_BSCAN.bscan_inst/SERIES7_BSCAN.bscan_inst/TCK }

Check Type        Corner  Lib Pin     Reference Pin  Required(ns)  Actual(ns)  Slack(ns)  Location       Pin
Min Period        n/a     BUFG/I      n/a            2.155         33.000      30.845     BUFGCTRL_X0Y2  dbg_hub/inst/BSCANID.u_xsdbm_id/SWITCH_N_EXT_BSCAN.u_bufg_icon_tck/I
Low Pulse Width   Slow    RAMD32/CLK  n/a            1.250         16.500      15.250     SLICE_X38Y85   dbg_hub/inst/BSCANID.u_xsdbm_id/CORE_XSDB.UUT_MASTER/U_ICON_INTERFACE/U_CMD6_WR/U_WR_FIFO/SUBCORE_FIFO.xsdbm_v3_0_0_wrfifo_inst/inst_fifo_gen/gconvfifo.rf/grf.rf/gntv_or_sync_fifo.mem/gdm.dm_gen.dm/RAM_reg_0_15_0_5/RAMA/CLK
High Pulse Width  Fast    RAMD32/CLK  n/a            1.250         16.500      15.250     SLICE_X38Y85   dbg_hub/inst/BSCANID.u_xsdbm_id/CORE_XSDB.UUT_MASTER/U_ICON_INTERFACE/U_CMD6_WR/U_WR_FIFO/SUBCORE_FIFO.xsdbm_v3_0_0_wrfifo_inst/inst_fifo_gen/gconvfifo.rf/grf.rf/gntv_or_sync_fifo.mem/gdm.dm_gen.dm/RAM_reg_0_15_0_5/RAMA/CLK



---------------------------------------------------------------------------------------------------
From Clock:  clk300_artix_clock_wiz
  To Clock:  clk100_artix_clock_wiz

Setup :            0  Failing Endpoints,  Worst Slack        3.092ns,  Total Violation        0.000ns
Hold  :           NA  Failing Endpoints,  Worst Slack           NA  ,  Total Violation           NA
---------------------------------------------------------------------------------------------------


Max Delay Paths
--------------------------------------------------------------------------------------
Slack (MET) :             3.092ns  (required time - arrival time)
  Source:                 gen_code_label[2].heater_inst/lfsr_check_inst/error_reg/C
                            (rising edge-triggered cell FDRE clocked by clk300_artix_clock_wiz  {rise@0.000ns fall@1.250ns period=2.500ns})
  Destination:            vio_inst/inst/PROBE_IN_INST/probe_in_reg_reg[2]/D
                            (rising edge-triggered cell FDRE clocked by clk100_artix_clock_wiz  {rise@0.000ns fall@5.000ns period=10.000ns})
  Path Group:             clk100_artix_clock_wiz
  Path Type:              Setup (Max at Slow Process Corner)
  Requirement:            5.000ns  (MaxDelay Path 5.000ns)
  Data Path Delay:        1.841ns  (logic 0.456ns (24.771%)  route 1.385ns (75.229%))
  Logic Levels:           0  
  Timing Exception:       MaxDelay Path 5.000ns -datapath_only

    Location             Delay type                Incr(ns)  Path(ns)    Netlist Resource(s)
  -------------------------------------------------------------------    -------------------
    SLICE_X62Y46                                      0.000     0.000 r  gen_code_label[2].heater_inst/lfsr_check_inst/error_reg/C
    SLICE_X62Y46         FDRE (Prop_fdre_C_Q)         0.456     0.456 r  gen_code_label[2].heater_inst/lfsr_check_inst/error_reg/Q
                         net (fo=3, routed)           1.385     1.841    vio_inst/inst/PROBE_IN_INST/probe_in0[2]
    SLICE_X41Y43         FDRE                                         r  vio_inst/inst/PROBE_IN_INST/probe_in_reg_reg[2]/D
  -------------------------------------------------------------------    -------------------

                         max delay                    5.000     5.000    
    SLICE_X41Y43         FDRE (Setup_fdre_C_D)       -0.067     4.933    vio_inst/inst/PROBE_IN_INST/probe_in_reg_reg[2]
  -------------------------------------------------------------------
                         required time                          4.933    
                         arrival time                          -1.841    
  -------------------------------------------------------------------
                         slack                                  3.092    





---------------------------------------------------------------------------------------------------
From Clock:  clk100_artix_clock_wiz
  To Clock:  clk300_artix_clock_wiz

Setup :            0  Failing Endpoints,  Worst Slack        1.268ns,  Total Violation        0.000ns
Hold  :           NA  Failing Endpoints,  Worst Slack           NA  ,  Total Violation           NA
---------------------------------------------------------------------------------------------------


Max Delay Paths
--------------------------------------------------------------------------------------
Slack (MET) :             1.268ns  (required time - arrival time)
  Source:                 vio_inst/inst/PROBE_OUT_ALL_INST/G_PROBE_OUT[1].PROBE_OUT0_INST/Probe_out_reg[2]/C
                            (rising edge-triggered cell FDRE clocked by clk100_artix_clock_wiz  {rise@0.000ns fall@5.000ns period=10.000ns})
  Destination:            gen_code_label[2].heater_inst/reset_pre_reg/D
                            (rising edge-triggered cell FDRE clocked by clk300_artix_clock_wiz  {rise@0.000ns fall@1.250ns period=2.500ns})
  Path Group:             clk300_artix_clock_wiz
  Path Type:              Setup (Max at Slow Process Corner)
  Requirement:            5.000ns  (MaxDelay Path 5.000ns)
  Data Path Delay:        3.763ns  (logic 0.716ns (19.025%)  route 3.047ns (80.975%))
  Logic Levels:           1  (LUT1=1)
  Timing Exception:       MaxDelay Path 5.000ns -datapath_only

    Location             Delay type                Incr(ns)  Path(ns)    Netlist Resource(s)
  -------------------------------------------------------------------    -------------------
    SLICE_X41Y77                                      0.000     0.000 r  vio_inst/inst/PROBE_OUT_ALL_INST/G_PROBE_OUT[1].PROBE_OUT0_INST/Probe_out_reg[2]/C
    SLICE_X41Y77         FDRE (Prop_fdre_C_Q)         0.419     0.419 f  vio_inst/inst/PROBE_OUT_ALL_INST/G_PROBE_OUT[1].PROBE_OUT0_INST/Probe_out_reg[2]/Q
                         net (fo=1, routed)           3.047     3.466    gen_code_label[2].heater_inst/enable
    SLICE_X43Y8          LUT1 (Prop_lut1_I0_O)        0.297     3.763 r  gen_code_label[2].heater_inst/reset_pre_i_1/O
                         net (fo=1, routed)           0.000     3.763    gen_code_label[2].heater_inst/reset_pre_i_1_n_0
    SLICE_X43Y8          FDRE                                         r  gen_code_label[2].heater_inst/reset_pre_reg/D
  -------------------------------------------------------------------    -------------------

                         max delay                    5.000     5.000    
    SLICE_X43Y8          FDRE (Setup_fdre_C_D)        0.031     5.031    gen_code_label[2].heater_inst/reset_pre_reg
  -------------------------------------------------------------------
                         required time                          5.031    
                         arrival time                          -3.763    
  -------------------------------------------------------------------
                         slack                                  1.268    





---------------------------------------------------------------------------------------------------
Path Group:  **async_default**
From Clock:  clk100_artix_clock_wiz
  To Clock:  clk100_artix_clock_wiz

Setup :            0  Failing Endpoints,  Worst Slack        6.326ns,  Total Violation        0.000ns
Hold  :            0  Failing Endpoints,  Worst Slack        0.337ns,  Total Violation        0.000ns
---------------------------------------------------------------------------------------------------


Max Delay Paths
--------------------------------------------------------------------------------------
Slack (MET) :             6.326ns  (required time - arrival time)
  Source:                 dbg_hub/inst/BSCANID.u_xsdbm_id/CORE_XSDB.UUT_MASTER/U_ICON_INTERFACE/U_CMD1/ctl_reg_reg[0]/C
                            (rising edge-triggered cell FDRE clocked by clk100_artix_clock_wiz  {rise@0.000ns fall@5.000ns period=10.000ns})
  Destination:            dbg_hub/inst/BSCANID.u_xsdbm_id/CORE_XSDB.UUT_MASTER/U_XSDB_BUS_CONTROLLER/active_sl_den_mask_reg[0]/CLR
                            (recovery check against rising-edge clock clk100_artix_clock_wiz  {rise@0.000ns fall@5.000ns period=10.000ns})
  Path Group:             **async_default**
  Path Type:              Recovery (Max at Slow Process Corner)
  Requirement:            10.000ns  (clk100_artix_clock_wiz rise@10.000ns - clk100_artix_clock_wiz rise@0.000ns)
  Data Path Delay:        3.252ns  (logic 0.456ns (14.022%)  route 2.796ns (85.978%))
  Logic Levels:           0  
  Clock Path Skew:        -0.036ns (DCD - SCD + CPR)
    Destination Clock Delay (DCD):    -1.499ns = ( 8.501 - 10.000 ) 
    Source Clock Delay      (SCD):    -0.901ns
    Clock Pessimism Removal (CPR):    0.561ns
  Clock Uncertainty:      0.067ns  ((TSJ^2 + DJ^2)^1/2) / 2 + PE
    Total System Jitter     (TSJ):    0.071ns
    Discrete Jitter          (DJ):    0.115ns
    Phase Error              (PE):    0.000ns

    Location             Delay type                Incr(ns)  Path(ns)    Netlist Resource(s)
  -------------------------------------------------------------------    -------------------
                         (clock clk100_artix_clock_wiz rise edge)
                                                      0.000     0.000 r  
    N11                                               0.000     0.000 r  clk_in (IN)
                         net (fo=0)                   0.000     0.000    clock_wiz_inst/inst/clk_in1
    N11                  IBUF (Prop_ibuf_I_O)         1.519     1.519 r  clock_wiz_inst/inst/clkin1_ibufg/O
                         net (fo=1, routed)           1.233     2.752    clock_wiz_inst/inst/clk_in1_artix_clock_wiz
    MMCME2_ADV_X0Y0      MMCME2_ADV (Prop_mmcme2_adv_CLKIN1_CLKOUT0)
                                                     -6.965    -4.213 r  clock_wiz_inst/inst/mmcm_adv_inst/CLKOUT0
                         net (fo=1, routed)           1.666    -2.546    clock_wiz_inst/inst/clk100_artix_clock_wiz
    BUFGCTRL_X0Y1        BUFG (Prop_bufg_I_O)         0.096    -2.450 r  clock_wiz_inst/inst/clkout1_buf/O
                         net (fo=815, routed)         1.549    -0.901    dbg_hub/inst/BSCANID.u_xsdbm_id/CORE_XSDB.UUT_MASTER/U_ICON_INTERFACE/U_CMD1/clk
    SLICE_X37Y87         FDRE                                         r  dbg_hub/inst/BSCANID.u_xsdbm_id/CORE_XSDB.UUT_MASTER/U_ICON_INTERFACE/U_CMD1/ctl_reg_reg[0]/C
  -------------------------------------------------------------------    -------------------
    SLICE_X37Y87         FDRE (Prop_fdre_C_Q)         0.456    -0.445 f  dbg_hub/inst/BSCANID.u_xsdbm_id/CORE_XSDB.UUT_MASTER/U_ICON_INTERFACE/U_CMD1/ctl_reg_reg[0]/Q
                         net (fo=162, routed)         2.796     2.351    dbg_hub/inst/BSCANID.u_xsdbm_id/CORE_XSDB.UUT_MASTER/U_XSDB_BUS_CONTROLLER/out[0]
    SLICE_X42Y89         FDCE                                         f  dbg_hub/inst/BSCANID.u_xsdbm_id/CORE_XSDB.UUT_MASTER/U_XSDB_BUS_CONTROLLER/active_sl_den_mask_reg[0]/CLR
  -------------------------------------------------------------------    -------------------

                         (clock clk100_artix_clock_wiz rise edge)
                                                     10.000    10.000 r  
    N11                                               0.000    10.000 r  clk_in (IN)
                         net (fo=0)                   0.000    10.000    clock_wiz_inst/inst/clk_in1
    N11                  IBUF (Prop_ibuf_I_O)         1.448    11.448 r  clock_wiz_inst/inst/clkin1_ibufg/O
                         net (fo=1, routed)           1.162    12.610    clock_wiz_inst/inst/clk_in1_artix_clock_wiz
    MMCME2_ADV_X0Y0      MMCME2_ADV (Prop_mmcme2_adv_CLKIN1_CLKOUT0)
                                                     -7.221     5.388 r  clock_wiz_inst/inst/mmcm_adv_inst/CLKOUT0
                         net (fo=1, routed)           1.587     6.975    clock_wiz_inst/inst/clk100_artix_clock_wiz
    BUFGCTRL_X0Y1        BUFG (Prop_bufg_I_O)         0.091     7.066 r  clock_wiz_inst/inst/clkout1_buf/O
                         net (fo=815, routed)         1.435     8.501    dbg_hub/inst/BSCANID.u_xsdbm_id/CORE_XSDB.UUT_MASTER/U_XSDB_BUS_CONTROLLER/clk
    SLICE_X42Y89         FDCE                                         r  dbg_hub/inst/BSCANID.u_xsdbm_id/CORE_XSDB.UUT_MASTER/U_XSDB_BUS_CONTROLLER/active_sl_den_mask_reg[0]/C
                         clock pessimism              0.561     9.063    
                         clock uncertainty           -0.067     8.995    
    SLICE_X42Y89         FDCE (Recov_fdce_C_CLR)     -0.319     8.676    dbg_hub/inst/BSCANID.u_xsdbm_id/CORE_XSDB.UUT_MASTER/U_XSDB_BUS_CONTROLLER/active_sl_den_mask_reg[0]
  -------------------------------------------------------------------
                         required time                          8.676    
                         arrival time                          -2.351    
  -------------------------------------------------------------------
                         slack                                  6.326    





Min Delay Paths
--------------------------------------------------------------------------------------
Slack (MET) :             0.337ns  (arrival time - required time)
  Source:                 dbg_hub/inst/BSCANID.u_xsdbm_id/CORE_XSDB.UUT_MASTER/U_ICON_INTERFACE/U_CMD6_RD/U_RD_FIFO/SUBCORE_FIFO.xsdbm_v3_0_0_rdfifo_inst/inst_fifo_gen/gconvfifo.rf/grf.rf/rstblk/ngwrdrst.grst.g7serrst.wr_rst_reg_reg[1]/C
                            (rising edge-triggered cell FDPE clocked by clk100_artix_clock_wiz  {rise@0.000ns fall@5.000ns period=10.000ns})
  Destination:            dbg_hub/inst/BSCANID.u_xsdbm_id/CORE_XSDB.UUT_MASTER/U_ICON_INTERFACE/U_CMD6_RD/U_RD_FIFO/SUBCORE_FIFO.xsdbm_v3_0_0_rdfifo_inst/inst_fifo_gen/gconvfifo.rf/grf.rf/gntv_or_sync_fifo.gl0.wr/wpntr/gic0.gc0.count_d1_reg[2]/CLR
                            (removal check against rising-edge clock clk100_artix_clock_wiz  {rise@0.000ns fall@5.000ns period=10.000ns})
  Path Group:             **async_default**
  Path Type:              Removal (Min at Fast Process Corner)
  Requirement:            0.000ns  (clk100_artix_clock_wiz rise@0.000ns - clk100_artix_clock_wiz rise@0.000ns)
  Data Path Delay:        0.260ns  (logic 0.141ns (54.267%)  route 0.119ns (45.733%))
  Logic Levels:           0  
  Clock Path Skew:        0.015ns (DCD - SCD - CPR)
    Destination Clock Delay (DCD):    -0.801ns
    Source Clock Delay      (SCD):    -0.563ns
    Clock Pessimism Removal (CPR):    -0.253ns

    Location             Delay type                Incr(ns)  Path(ns)    Netlist Resource(s)
  -------------------------------------------------------------------    -------------------
                         (clock clk100_artix_clock_wiz rise edge)
                                                      0.000     0.000 r  
    N11                                               0.000     0.000 r  clk_in (IN)
                         net (fo=0)                   0.000     0.000    clock_wiz_inst/inst/clk_in1
    N11                  IBUF (Prop_ibuf_I_O)         0.286     0.286 r  clock_wiz_inst/inst/clkin1_ibufg/O
                         net (fo=1, routed)           0.440     0.727    clock_wiz_inst/inst/clk_in1_artix_clock_wiz
    MMCME2_ADV_X0Y0      MMCME2_ADV (Prop_mmcme2_adv_CLKIN1_CLKOUT0)
                                                     -2.362    -1.636 r  clock_wiz_inst/inst/mmcm_adv_inst/CLKOUT0
                         net (fo=1, routed)           0.489    -1.147    clock_wiz_inst/inst/clk100_artix_clock_wiz
    BUFGCTRL_X0Y1        BUFG (Prop_bufg_I_O)         0.026    -1.121 r  clock_wiz_inst/inst/clkout1_buf/O
                         net (fo=815, routed)         0.558    -0.563    dbg_hub/inst/BSCANID.u_xsdbm_id/CORE_XSDB.UUT_MASTER/U_ICON_INTERFACE/U_CMD6_RD/U_RD_FIFO/SUBCORE_FIFO.xsdbm_v3_0_0_rdfifo_inst/inst_fifo_gen/gconvfifo.rf/grf.rf/rstblk/clk
    SLICE_X47Y86         FDPE                                         r  dbg_hub/inst/BSCANID.u_xsdbm_id/CORE_XSDB.UUT_MASTER/U_ICON_INTERFACE/U_CMD6_RD/U_RD_FIFO/SUBCORE_FIFO.xsdbm_v3_0_0_rdfifo_inst/inst_fifo_gen/gconvfifo.rf/grf.rf/rstblk/ngwrdrst.grst.g7serrst.wr_rst_reg_reg[1]/C
  -------------------------------------------------------------------    -------------------
    SLICE_X47Y86         FDPE (Prop_fdpe_C_Q)         0.141    -0.422 f  dbg_hub/inst/BSCANID.u_xsdbm_id/CORE_XSDB.UUT_MASTER/U_ICON_INTERFACE/U_CMD6_RD/U_RD_FIFO/SUBCORE_FIFO.xsdbm_v3_0_0_rdfifo_inst/inst_fifo_gen/gconvfifo.rf/grf.rf/rstblk/ngwrdrst.grst.g7serrst.wr_rst_reg_reg[1]/Q
                         net (fo=12, routed)          0.119    -0.304    dbg_hub/inst/BSCANID.u_xsdbm_id/CORE_XSDB.UUT_MASTER/U_ICON_INTERFACE/U_CMD6_RD/U_RD_FIFO/SUBCORE_FIFO.xsdbm_v3_0_0_rdfifo_inst/inst_fifo_gen/gconvfifo.rf/grf.rf/gntv_or_sync_fifo.gl0.wr/wpntr/out[0]
    SLICE_X44Y86         FDCE                                         f  dbg_hub/inst/BSCANID.u_xsdbm_id/CORE_XSDB.UUT_MASTER/U_ICON_INTERFACE/U_CMD6_RD/U_RD_FIFO/SUBCORE_FIFO.xsdbm_v3_0_0_rdfifo_inst/inst_fifo_gen/gconvfifo.rf/grf.rf/gntv_or_sync_fifo.gl0.wr/wpntr/gic0.gc0.count_d1_reg[2]/CLR
  -------------------------------------------------------------------    -------------------

                         (clock clk100_artix_clock_wiz rise edge)
                                                      0.000     0.000 r  
    N11                                               0.000     0.000 r  clk_in (IN)
                         net (fo=0)                   0.000     0.000    clock_wiz_inst/inst/clk_in1
    N11                  IBUF (Prop_ibuf_I_O)         0.475     0.475 r  clock_wiz_inst/inst/clkin1_ibufg/O
                         net (fo=1, routed)           0.480     0.955    clock_wiz_inst/inst/clk_in1_artix_clock_wiz
    MMCME2_ADV_X0Y0      MMCME2_ADV (Prop_mmcme2_adv_CLKIN1_CLKOUT0)
                                                     -3.145    -2.191 r  clock_wiz_inst/inst/mmcm_adv_inst/CLKOUT0
                         net (fo=1, routed)           0.534    -1.657    clock_wiz_inst/inst/clk100_artix_clock_wiz
    BUFGCTRL_X0Y1        BUFG (Prop_bufg_I_O)         0.029    -1.628 r  clock_wiz_inst/inst/clkout1_buf/O
                         net (fo=815, routed)         0.826    -0.801    dbg_hub/inst/BSCANID.u_xsdbm_id/CORE_XSDB.UUT_MASTER/U_ICON_INTERFACE/U_CMD6_RD/U_RD_FIFO/SUBCORE_FIFO.xsdbm_v3_0_0_rdfifo_inst/inst_fifo_gen/gconvfifo.rf/grf.rf/gntv_or_sync_fifo.gl0.wr/wpntr/clk
    SLICE_X44Y86         FDCE                                         r  dbg_hub/inst/BSCANID.u_xsdbm_id/CORE_XSDB.UUT_MASTER/U_ICON_INTERFACE/U_CMD6_RD/U_RD_FIFO/SUBCORE_FIFO.xsdbm_v3_0_0_rdfifo_inst/inst_fifo_gen/gconvfifo.rf/grf.rf/gntv_or_sync_fifo.gl0.wr/wpntr/gic0.gc0.count_d1_reg[2]/C
                         clock pessimism              0.253    -0.548    
    SLICE_X44Y86         FDCE (Remov_fdce_C_CLR)     -0.092    -0.640    dbg_hub/inst/BSCANID.u_xsdbm_id/CORE_XSDB.UUT_MASTER/U_ICON_INTERFACE/U_CMD6_RD/U_RD_FIFO/SUBCORE_FIFO.xsdbm_v3_0_0_rdfifo_inst/inst_fifo_gen/gconvfifo.rf/grf.rf/gntv_or_sync_fifo.gl0.wr/wpntr/gic0.gc0.count_d1_reg[2]
  -------------------------------------------------------------------
                         required time                          0.640    
                         arrival time                          -0.304    
  -------------------------------------------------------------------
                         slack                                  0.337    





---------------------------------------------------------------------------------------------------
Path Group:  **async_default**
From Clock:  dbg_hub/inst/BSCANID.u_xsdbm_id/SWITCH_N_EXT_BSCAN.bscan_inst/SERIES7_BSCAN.bscan_inst/TCK
  To Clock:  dbg_hub/inst/BSCANID.u_xsdbm_id/SWITCH_N_EXT_BSCAN.bscan_inst/SERIES7_BSCAN.bscan_inst/TCK

Setup :            0  Failing Endpoints,  Worst Slack       27.993ns,  Total Violation        0.000ns
Hold  :            0  Failing Endpoints,  Worst Slack        0.349ns,  Total Violation        0.000ns
---------------------------------------------------------------------------------------------------


Max Delay Paths
--------------------------------------------------------------------------------------
Slack (MET) :             27.993ns  (required time - arrival time)
  Source:                 dbg_hub/inst/BSCANID.u_xsdbm_id/SWITCH_N_EXT_BSCAN.bscan_switch/portno_reg[5]/C
                            (rising edge-triggered cell FDRE clocked by dbg_hub/inst/BSCANID.u_xsdbm_id/SWITCH_N_EXT_BSCAN.bscan_inst/SERIES7_BSCAN.bscan_inst/TCK  {rise@0.000ns fall@16.500ns period=33.000ns})
  Destination:            dbg_hub/inst/BSCANID.u_xsdbm_id/CORE_XSDB.U_ICON/U_CMD/iTARGET_reg[12]/CLR
                            (recovery check against rising-edge clock dbg_hub/inst/BSCANID.u_xsdbm_id/SWITCH_N_EXT_BSCAN.bscan_inst/SERIES7_BSCAN.bscan_inst/TCK  {rise@0.000ns fall@16.500ns period=33.000ns})
  Path Group:             **async_default**
  Path Type:              Recovery (Max at Slow Process Corner)
  Requirement:            33.000ns  (dbg_hub/inst/BSCANID.u_xsdbm_id/SWITCH_N_EXT_BSCAN.bscan_inst/SERIES7_BSCAN.bscan_inst/TCK rise@33.000ns - dbg_hub/inst/BSCANID.u_xsdbm_id/SWITCH_N_EXT_BSCAN.bscan_inst/SERIES7_BSCAN.bscan_inst/TCK rise@0.000ns)
  Data Path Delay:        4.456ns  (logic 0.963ns (21.613%)  route 3.493ns (78.386%))
  Logic Levels:           3  (LUT1=1 LUT4=1 LUT6=1)
  Clock Path Skew:        -0.111ns (DCD - SCD + CPR)
    Destination Clock Delay (DCD):    3.117ns = ( 36.117 - 33.000 ) 
    Source Clock Delay      (SCD):    3.502ns
    Clock Pessimism Removal (CPR):    0.273ns
  Clock Uncertainty:      0.035ns  ((TSJ^2 + TIJ^2)^1/2 + DJ) / 2 + PE
    Total System Jitter     (TSJ):    0.071ns
    Total Input Jitter      (TIJ):    0.000ns
    Discrete Jitter          (DJ):    0.000ns
    Phase Error              (PE):    0.000ns

    Location             Delay type                Incr(ns)  Path(ns)    Netlist Resource(s)
  -------------------------------------------------------------------    -------------------
                         (clock dbg_hub/inst/BSCANID.u_xsdbm_id/SWITCH_N_EXT_BSCAN.bscan_inst/SERIES7_BSCAN.bscan_inst/TCK rise edge)
                                                      0.000     0.000 r  
    BSCAN_X0Y0           BSCANE2                      0.000     0.000 r  dbg_hub/inst/BSCANID.u_xsdbm_id/SWITCH_N_EXT_BSCAN.bscan_inst/SERIES7_BSCAN.bscan_inst/TCK
                         net (fo=1, routed)           1.855     1.855    dbg_hub/inst/BSCANID.u_xsdbm_id/tck_bs
    BUFGCTRL_X0Y2        BUFG (Prop_bufg_I_O)         0.096     1.951 r  dbg_hub/inst/BSCANID.u_xsdbm_id/SWITCH_N_EXT_BSCAN.u_bufg_icon_tck/O
                         net (fo=480, routed)         1.551     3.502    dbg_hub/inst/BSCANID.u_xsdbm_id/SWITCH_N_EXT_BSCAN.bscan_switch/s_bscan_tck
    SLICE_X36Y90         FDRE                                         r  dbg_hub/inst/BSCANID.u_xsdbm_id/SWITCH_N_EXT_BSCAN.bscan_switch/portno_reg[5]/C
  -------------------------------------------------------------------    -------------------
    SLICE_X36Y90         FDRE (Prop_fdre_C_Q)         0.419     3.921 f  dbg_hub/inst/BSCANID.u_xsdbm_id/SWITCH_N_EXT_BSCAN.bscan_switch/portno_reg[5]/Q
                         net (fo=1, routed)           0.737     4.658    dbg_hub/inst/BSCANID.u_xsdbm_id/SWITCH_N_EXT_BSCAN.bscan_switch/portno[5]
    SLICE_X33Y90         LUT6 (Prop_lut6_I5_O)        0.296     4.954 f  dbg_hub/inst/BSCANID.u_xsdbm_id/SWITCH_N_EXT_BSCAN.bscan_switch/m_bscan_drck[0]_INST_0_i_1/O
                         net (fo=5, routed)           1.216     6.170    dbg_hub/inst/BSCANID.u_xsdbm_id/SWITCH_N_EXT_BSCAN.bscan_switch/m_bscan_drck[0]_INST_0_i_1_n_0
    SLICE_X32Y85         LUT4 (Prop_lut4_I3_O)        0.124     6.294 r  dbg_hub/inst/BSCANID.u_xsdbm_id/SWITCH_N_EXT_BSCAN.bscan_switch/m_bscan_sel[0]_INST_0/O
                         net (fo=2, routed)           0.816     7.110    dbg_hub/inst/BSCANID.u_xsdbm_id/CORE_XSDB.U_ICON/U_CMD/state_reg[0]_0
    SLICE_X31Y85         LUT1 (Prop_lut1_I0_O)        0.124     7.234 f  dbg_hub/inst/BSCANID.u_xsdbm_id/CORE_XSDB.U_ICON/U_CMD/iTARGET[15]_i_2/O
                         net (fo=10, routed)          0.723     7.957    dbg_hub/inst/BSCANID.u_xsdbm_id/CORE_XSDB.U_ICON/U_CMD/iSEL_n
    SLICE_X28Y87         FDCE                                         f  dbg_hub/inst/BSCANID.u_xsdbm_id/CORE_XSDB.U_ICON/U_CMD/iTARGET_reg[12]/CLR
  -------------------------------------------------------------------    -------------------

                         (clock dbg_hub/inst/BSCANID.u_xsdbm_id/SWITCH_N_EXT_BSCAN.bscan_inst/SERIES7_BSCAN.bscan_inst/TCK rise edge)
                                                     33.000    33.000 r  
    BSCAN_X0Y0           BSCANE2                      0.000    33.000 r  dbg_hub/inst/BSCANID.u_xsdbm_id/SWITCH_N_EXT_BSCAN.bscan_inst/SERIES7_BSCAN.bscan_inst/TCK
                         net (fo=1, routed)           1.594    34.594    dbg_hub/inst/BSCANID.u_xsdbm_id/tck_bs
    BUFGCTRL_X0Y2        BUFG (Prop_bufg_I_O)         0.091    34.685 r  dbg_hub/inst/BSCANID.u_xsdbm_id/SWITCH_N_EXT_BSCAN.u_bufg_icon_tck/O
                         net (fo=480, routed)         1.433    36.117    dbg_hub/inst/BSCANID.u_xsdbm_id/CORE_XSDB.U_ICON/U_CMD/m_bscan_tck[0]
    SLICE_X28Y87         FDCE                                         r  dbg_hub/inst/BSCANID.u_xsdbm_id/CORE_XSDB.U_ICON/U_CMD/iTARGET_reg[12]/C
                         clock pessimism              0.273    36.390    
                         clock uncertainty           -0.035    36.355    
    SLICE_X28Y87         FDCE (Recov_fdce_C_CLR)     -0.405    35.950    dbg_hub/inst/BSCANID.u_xsdbm_id/CORE_XSDB.U_ICON/U_CMD/iTARGET_reg[12]
  -------------------------------------------------------------------
                         required time                         35.950    
                         arrival time                          -7.957    
  -------------------------------------------------------------------
                         slack                                 27.993    





Min Delay Paths
--------------------------------------------------------------------------------------
Slack (MET) :             0.349ns  (arrival time - required time)
  Source:                 dbg_hub/inst/BSCANID.u_xsdbm_id/CORE_XSDB.UUT_MASTER/U_ICON_INTERFACE/U_CMD6_RD/U_RD_FIFO/SUBCORE_FIFO.xsdbm_v3_0_0_rdfifo_inst/inst_fifo_gen/gconvfifo.rf/grf.rf/rstblk/ngwrdrst.grst.g7serrst.rd_rst_reg_reg[2]/C
                            (rising edge-triggered cell FDPE clocked by dbg_hub/inst/BSCANID.u_xsdbm_id/SWITCH_N_EXT_BSCAN.bscan_inst/SERIES7_BSCAN.bscan_inst/TCK  {rise@0.000ns fall@16.500ns period=33.000ns})
  Destination:            dbg_hub/inst/BSCANID.u_xsdbm_id/CORE_XSDB.UUT_MASTER/U_ICON_INTERFACE/U_CMD6_RD/U_RD_FIFO/SUBCORE_FIFO.xsdbm_v3_0_0_rdfifo_inst/inst_fifo_gen/gconvfifo.rf/grf.rf/gntv_or_sync_fifo.gl0.rd/gr1.gr1_int.rfwft/gpregsm1.curr_fwft_state_reg[0]/CLR
                            (removal check against rising-edge clock dbg_hub/inst/BSCANID.u_xsdbm_id/SWITCH_N_EXT_BSCAN.bscan_inst/SERIES7_BSCAN.bscan_inst/TCK  {rise@0.000ns fall@16.500ns period=33.000ns})
  Path Group:             **async_default**
  Path Type:              Removal (Min at Fast Process Corner)
  Requirement:            0.000ns  (dbg_hub/inst/BSCANID.u_xsdbm_id/SWITCH_N_EXT_BSCAN.bscan_inst/SERIES7_BSCAN.bscan_inst/TCK rise@0.000ns - dbg_hub/inst/BSCANID.u_xsdbm_id/SWITCH_N_EXT_BSCAN.bscan_inst/SERIES7_BSCAN.bscan_inst/TCK rise@0.000ns)
  Data Path Delay:        0.273ns  (logic 0.141ns (51.642%)  route 0.132ns (48.358%))
  Logic Levels:           0  
  Clock Path Skew:        0.016ns (DCD - SCD - CPR)
    Destination Clock Delay (DCD):    1.716ns
    Source Clock Delay      (SCD):    1.327ns
    Clock Pessimism Removal (CPR):    0.373ns

    Location             Delay type                Incr(ns)  Path(ns)    Netlist Resource(s)
  -------------------------------------------------------------------    -------------------
                         (clock dbg_hub/inst/BSCANID.u_xsdbm_id/SWITCH_N_EXT_BSCAN.bscan_inst/SERIES7_BSCAN.bscan_inst/TCK rise edge)
                                                      0.000     0.000 r  
    BSCAN_X0Y0           BSCANE2                      0.000     0.000 r  dbg_hub/inst/BSCANID.u_xsdbm_id/SWITCH_N_EXT_BSCAN.bscan_inst/SERIES7_BSCAN.bscan_inst/TCK
                         net (fo=1, routed)           0.742     0.742    dbg_hub/inst/BSCANID.u_xsdbm_id/tck_bs
    BUFGCTRL_X0Y2        BUFG (Prop_bufg_I_O)         0.026     0.768 r  dbg_hub/inst/BSCANID.u_xsdbm_id/SWITCH_N_EXT_BSCAN.u_bufg_icon_tck/O
                         net (fo=480, routed)         0.560     1.327    dbg_hub/inst/BSCANID.u_xsdbm_id/CORE_XSDB.UUT_MASTER/U_ICON_INTERFACE/U_CMD6_RD/U_RD_FIFO/SUBCORE_FIFO.xsdbm_v3_0_0_rdfifo_inst/inst_fifo_gen/gconvfifo.rf/grf.rf/rstblk/m_bscan_tck[0]
    SLICE_X45Y88         FDPE                                         r  dbg_hub/inst/BSCANID.u_xsdbm_id/CORE_XSDB.UUT_MASTER/U_ICON_INTERFACE/U_CMD6_RD/U_RD_FIFO/SUBCORE_FIFO.xsdbm_v3_0_0_rdfifo_inst/inst_fifo_gen/gconvfifo.rf/grf.rf/rstblk/ngwrdrst.grst.g7serrst.rd_rst_reg_reg[2]/C
  -------------------------------------------------------------------    -------------------
    SLICE_X45Y88         FDPE (Prop_fdpe_C_Q)         0.141     1.468 f  dbg_hub/inst/BSCANID.u_xsdbm_id/CORE_XSDB.UUT_MASTER/U_ICON_INTERFACE/U_CMD6_RD/U_RD_FIFO/SUBCORE_FIFO.xsdbm_v3_0_0_rdfifo_inst/inst_fifo_gen/gconvfifo.rf/grf.rf/rstblk/ngwrdrst.grst.g7serrst.rd_rst_reg_reg[2]/Q
                         net (fo=18, routed)          0.132     1.600    dbg_hub/inst/BSCANID.u_xsdbm_id/CORE_XSDB.UUT_MASTER/U_ICON_INTERFACE/U_CMD6_RD/U_RD_FIFO/SUBCORE_FIFO.xsdbm_v3_0_0_rdfifo_inst/inst_fifo_gen/gconvfifo.rf/grf.rf/gntv_or_sync_fifo.gl0.rd/gr1.gr1_int.rfwft/out[1]
    SLICE_X44Y89         FDCE                                         f  dbg_hub/inst/BSCANID.u_xsdbm_id/CORE_XSDB.UUT_MASTER/U_ICON_INTERFACE/U_CMD6_RD/U_RD_FIFO/SUBCORE_FIFO.xsdbm_v3_0_0_rdfifo_inst/inst_fifo_gen/gconvfifo.rf/grf.rf/gntv_or_sync_fifo.gl0.rd/gr1.gr1_int.rfwft/gpregsm1.curr_fwft_state_reg[0]/CLR
  -------------------------------------------------------------------    -------------------

                         (clock dbg_hub/inst/BSCANID.u_xsdbm_id/SWITCH_N_EXT_BSCAN.bscan_inst/SERIES7_BSCAN.bscan_inst/TCK rise edge)
                                                      0.000     0.000 r  
    BSCAN_X0Y0           BSCANE2                      0.000     0.000 r  dbg_hub/inst/BSCANID.u_xsdbm_id/SWITCH_N_EXT_BSCAN.bscan_inst/SERIES7_BSCAN.bscan_inst/TCK
                         net (fo=1, routed)           0.858     0.858    dbg_hub/inst/BSCANID.u_xsdbm_id/tck_bs
    BUFGCTRL_X0Y2        BUFG (Prop_bufg_I_O)         0.029     0.887 r  dbg_hub/inst/BSCANID.u_xsdbm_id/SWITCH_N_EXT_BSCAN.u_bufg_icon_tck/O
                         net (fo=480, routed)         0.830     1.716    dbg_hub/inst/BSCANID.u_xsdbm_id/CORE_XSDB.UUT_MASTER/U_ICON_INTERFACE/U_CMD6_RD/U_RD_FIFO/SUBCORE_FIFO.xsdbm_v3_0_0_rdfifo_inst/inst_fifo_gen/gconvfifo.rf/grf.rf/gntv_or_sync_fifo.gl0.rd/gr1.gr1_int.rfwft/m_bscan_tck[0]
    SLICE_X44Y89         FDCE                                         r  dbg_hub/inst/BSCANID.u_xsdbm_id/CORE_XSDB.UUT_MASTER/U_ICON_INTERFACE/U_CMD6_RD/U_RD_FIFO/SUBCORE_FIFO.xsdbm_v3_0_0_rdfifo_inst/inst_fifo_gen/gconvfifo.rf/grf.rf/gntv_or_sync_fifo.gl0.rd/gr1.gr1_int.rfwft/gpregsm1.curr_fwft_state_reg[0]/C
                         clock pessimism             -0.373     1.343    
    SLICE_X44Y89         FDCE (Remov_fdce_C_CLR)     -0.092     1.251    dbg_hub/inst/BSCANID.u_xsdbm_id/CORE_XSDB.UUT_MASTER/U_ICON_INTERFACE/U_CMD6_RD/U_RD_FIFO/SUBCORE_FIFO.xsdbm_v3_0_0_rdfifo_inst/inst_fifo_gen/gconvfifo.rf/grf.rf/gntv_or_sync_fifo.gl0.rd/gr1.gr1_int.rfwft/gpregsm1.curr_fwft_state_reg[0]
  -------------------------------------------------------------------
                         required time                         -1.251    
                         arrival time                           1.600    
  -------------------------------------------------------------------
                         slack                                  0.349    





