Copyright 1986-2019 Xilinx, Inc. All Rights Reserved.
------------------------------------------------------------------------------------------
| Tool Version      : Vivado v.2019.1 (lin64) Build 2552052 Fri May 24 14:47:09 MDT 2019
| Date              : Thu Nov 14 10:02:21 2019
| Host              : pedro-mini-itx running 64-bit Ubuntu 18.04.3 LTS
| Command           : report_timing_summary -file ./results/post_route_timing_summary.rpt
| Design            : top
| Device            : xczu7ev-ffvc1156
| Speed File        : -2  PRODUCTION 1.25 05-09-2019
| Temperature Grade : E
------------------------------------------------------------------------------------------

Timing Summary Report

------------------------------------------------------------------------------------------------
| Timer Settings
| --------------
------------------------------------------------------------------------------------------------

  Enable Multi Corner Analysis               :  Yes
  Enable Pessimism Removal                   :  Yes
  Pessimism Removal Resolution               :  Nearest Common Node
  Enable Input Delay Default Clock           :  No
  Enable Preset / Clear Arcs                 :  No
  Disable Flight Delays                      :  No
  Ignore I/O Paths                           :  No
  Timing Early Launch at Borrowing Latches   :  No
  Borrow Time for Max Delay Exceptions       :  Yes

  Corner  Analyze    Analyze    
  Name    Max Paths  Min Paths  
  ------  ---------  ---------  
  Slow    Yes        Yes        
  Fast    Yes        Yes        



check_timing report

Table of Contents
-----------------
1. checking no_clock
2. checking constant_clock
3. checking pulse_width_clock
4. checking unconstrained_internal_endpoints
5. checking no_input_delay
6. checking no_output_delay
7. checking multiple_clock
8. checking generated_clocks
9. checking loops
10. checking partial_input_delay
11. checking partial_output_delay
12. checking latch_loops

1. checking no_clock
--------------------
 There are 0 register/latch pins with no clock.


2. checking constant_clock
--------------------------
 There are 0 register/latch pins with constant_clock.


3. checking pulse_width_clock
-----------------------------
 There are 0 register/latch pins which need pulse_width check


4. checking unconstrained_internal_endpoints
--------------------------------------------
 There are 0 pins that are not constrained for maximum delay.

 There are 0 pins that are not constrained for maximum delay due to constant clock.


5. checking no_input_delay
--------------------------
 There are 0 input ports with no input delay specified.

 There are 0 input ports with no input delay but user has a false path constraint.


6. checking no_output_delay
---------------------------
 There are 0 ports with no output delay specified.

 There are 0 ports with no output delay but user has a false path constraint

 There are 0 ports with no output delay but with a timing clock defined on it or propagating through it


7. checking multiple_clock
--------------------------
 There are 0 register/latch pins with multiple clocks.


8. checking generated_clocks
----------------------------
 There are 0 generated clocks that are not connected to a clock source.


9. checking loops
-----------------
 There are 0 combinational loops in the design.


10. checking partial_input_delay
--------------------------------
 There are 0 input ports with partial input delay specified.


11. checking partial_output_delay
---------------------------------
 There are 0 ports with partial output delay specified.


12. checking latch_loops
------------------------
 There are 0 combinational latch loops in the design through latch input



------------------------------------------------------------------------------------------------
| Design Timing Summary
| ---------------------
------------------------------------------------------------------------------------------------

    WNS(ns)      TNS(ns)  TNS Failing Endpoints  TNS Total Endpoints      WHS(ns)      THS(ns)  THS Failing Endpoints  THS Total Endpoints     WPWS(ns)     TPWS(ns)  TPWS Failing Endpoints  TPWS Total Endpoints  
    -------      -------  ---------------------  -------------------      -------      -------  ---------------------  -------------------     --------     --------  ----------------------  --------------------  
      0.442        0.000                      0               157818        0.010        0.000                      0               157818        0.431        0.000                       0                128832  


All user specified timing constraints are met.


------------------------------------------------------------------------------------------------
| Clock Summary
| -------------
------------------------------------------------------------------------------------------------

Clock                        Waveform(ns)         Period(ns)      Frequency(MHz)
-----                        ------------         ----------      --------------
clk_pl_0                     {0.000 5.000}        10.000          100.000         
clk_wiz_inst/inst/clk_in100  {0.000 5.000}        10.000          100.000         
  clk_out_clk_wiz_uzed       {0.000 1.000}        2.000           500.000         
  clkfbout_clk_wiz_uzed      {0.000 5.000}        10.000          100.000         


------------------------------------------------------------------------------------------------
| Intra Clock Table
| -----------------
------------------------------------------------------------------------------------------------

Clock                            WNS(ns)      TNS(ns)  TNS Failing Endpoints  TNS Total Endpoints      WHS(ns)      THS(ns)  THS Failing Endpoints  THS Total Endpoints     WPWS(ns)     TPWS(ns)  TPWS Failing Endpoints  TPWS Total Endpoints  
-----                            -------      -------  ---------------------  -------------------      -------      -------  ---------------------  -------------------     --------     --------  ----------------------  --------------------  
clk_pl_0                           5.369        0.000                      0                 4922        0.020        0.000                      0                 4922        3.500        0.000                       0                  2074  
clk_wiz_inst/inst/clk_in100                                                                                                                                                    2.000        0.000                       0                     1  
  clk_out_clk_wiz_uzed             0.442        0.000                      0               152768        0.010        0.000                      0               152768        0.431        0.000                       0                126754  
  clkfbout_clk_wiz_uzed                                                                                                                                                        8.710        0.000                       0                     3  


------------------------------------------------------------------------------------------------
| Inter Clock Table
| -----------------
------------------------------------------------------------------------------------------------

From Clock            To Clock                  WNS(ns)      TNS(ns)  TNS Failing Endpoints  TNS Total Endpoints      WHS(ns)      THS(ns)  THS Failing Endpoints  THS Total Endpoints  
----------            --------                  -------      -------  ---------------------  -------------------      -------      -------  ---------------------  -------------------  
clk_pl_0              clk_out_clk_wiz_uzed        0.487        0.000                      0                   32        0.159        0.000                      0                   32  


------------------------------------------------------------------------------------------------
| Other Path Groups Table
| -----------------------
------------------------------------------------------------------------------------------------

Path Group         From Clock         To Clock               WNS(ns)      TNS(ns)  TNS Failing Endpoints  TNS Total Endpoints      WHS(ns)      THS(ns)  THS Failing Endpoints  THS Total Endpoints  
----------         ----------         --------               -------      -------  ---------------------  -------------------      -------      -------  ---------------------  -------------------  
**async_default**  clk_pl_0           clk_pl_0                 8.496        0.000                      0                   96        0.207        0.000                      0                   96  


------------------------------------------------------------------------------------------------
| Timing Details
| --------------
------------------------------------------------------------------------------------------------


---------------------------------------------------------------------------------------------------
From Clock:  clk_pl_0
  To Clock:  clk_pl_0

Setup :            0  Failing Endpoints,  Worst Slack        5.369ns,  Total Violation        0.000ns
Hold  :            0  Failing Endpoints,  Worst Slack        0.020ns,  Total Violation        0.000ns
PW    :            0  Failing Endpoints,  Worst Slack        3.500ns,  Total Violation        0.000ns
---------------------------------------------------------------------------------------------------


Max Delay Paths
--------------------------------------------------------------------------------------
Slack (MET) :             5.369ns  (required time - arrival time)
  Source:                 system_i/ps8_0_axi_periph/s00_couplers/auto_ds/inst/gen_downsizer.gen_simple_downsizer.axi_downsizer_inst/USE_READ.read_addr_inst/S_AXI_AID_Q_reg[9]/C
                            (rising edge-triggered cell FDRE clocked by clk_pl_0  {rise@0.000ns fall@5.000ns period=10.000ns})
  Destination:            system_i/ps8_0_axi_periph/s00_couplers/auto_ds/inst/gen_downsizer.gen_simple_downsizer.axi_downsizer_inst/USE_READ.read_addr_inst/queue_id_reg[4]/CE
                            (rising edge-triggered cell FDRE clocked by clk_pl_0  {rise@0.000ns fall@5.000ns period=10.000ns})
  Path Group:             clk_pl_0
  Path Type:              Setup (Max at Slow Process Corner)
  Requirement:            10.000ns  (clk_pl_0 rise@10.000ns - clk_pl_0 rise@0.000ns)
  Data Path Delay:        4.110ns  (logic 0.526ns (12.798%)  route 3.584ns (87.202%))
  Logic Levels:           4  (LUT2=1 LUT6=3)
  Clock Path Skew:        -0.331ns (DCD - SCD + CPR)
    Destination Clock Delay (DCD):    1.189ns = ( 11.189 - 10.000 ) 
    Source Clock Delay      (SCD):    1.580ns
    Clock Pessimism Removal (CPR):    0.060ns
  Clock Uncertainty:      0.130ns  ((TSJ^2 + DJ^2)^1/2) / 2 + PE
    Total System Jitter     (TSJ):    0.071ns
    Discrete Jitter          (DJ):    0.250ns
    Phase Error              (PE):    0.000ns
  Clock Net Delay (Source):      1.372ns (routing 0.182ns, distribution 1.190ns)
  Clock Net Delay (Destination): 1.021ns (routing 0.162ns, distribution 0.859ns)

    Location             Delay type                Incr(ns)  Path(ns)    Netlist Resource(s)
  -------------------------------------------------------------------    -------------------
                         (clock clk_pl_0 rise edge)
                                                      0.000     0.000 r  
    PS8_X0Y0             PS8                          0.000     0.000 r  system_i/zynq_ultra_ps_e_0/inst/PS8_i/PLCLK[0]
                         net (fo=1, routed)           0.180     0.180    system_i/zynq_ultra_ps_e_0/inst/pl_clk_unbuffered[0]
    BUFG_PS_X0Y73        BUFG_PS (Prop_BUFG_PS_I_O)
                                                      0.028     0.208 r  system_i/zynq_ultra_ps_e_0/inst/buffer_pl_clk_0.PL_CLK_0_BUFG/O
    X1Y3 (CLOCK_ROOT)    net (fo=2075, routed)        1.372     1.580    system_i/ps8_0_axi_periph/s00_couplers/auto_ds/inst/gen_downsizer.gen_simple_downsizer.axi_downsizer_inst/USE_READ.read_addr_inst/CLK
    SLICE_X19Y243        FDRE                                         r  system_i/ps8_0_axi_periph/s00_couplers/auto_ds/inst/gen_downsizer.gen_simple_downsizer.axi_downsizer_inst/USE_READ.read_addr_inst/S_AXI_AID_Q_reg[9]/C
  -------------------------------------------------------------------    -------------------
    SLICE_X19Y243        FDRE (Prop_HFF2_SLICEM_C_Q)
                                                      0.078     1.658 r  system_i/ps8_0_axi_periph/s00_couplers/auto_ds/inst/gen_downsizer.gen_simple_downsizer.axi_downsizer_inst/USE_READ.read_addr_inst/S_AXI_AID_Q_reg[9]/Q
                         net (fo=2, routed)           0.996     2.654    system_i/ps8_0_axi_periph/s00_couplers/auto_ds/inst/gen_downsizer.gen_simple_downsizer.axi_downsizer_inst/USE_READ.read_addr_inst/cmd_queue/inst/m_axi_arvalid_INST_0_0[9]
    SLICE_X48Y187        LUT6 (Prop_H6LUT_SLICEL_I0_O)
                                                      0.150     2.804 f  system_i/ps8_0_axi_periph/s00_couplers/auto_ds/inst/gen_downsizer.gen_simple_downsizer.axi_downsizer_inst/USE_READ.read_addr_inst/cmd_queue/inst/m_axi_arvalid_INST_0_i_5/O
                         net (fo=1, routed)           0.435     3.239    system_i/ps8_0_axi_periph/s00_couplers/auto_ds/inst/gen_downsizer.gen_simple_downsizer.axi_downsizer_inst/USE_READ.read_addr_inst/cmd_queue/inst/m_axi_arvalid_INST_0_i_5_n_0
    SLICE_X48Y148        LUT6 (Prop_H6LUT_SLICEL_I2_O)
                                                      0.150     3.389 r  system_i/ps8_0_axi_periph/s00_couplers/auto_ds/inst/gen_downsizer.gen_simple_downsizer.axi_downsizer_inst/USE_READ.read_addr_inst/cmd_queue/inst/m_axi_arvalid_INST_0_i_1/O
                         net (fo=1, routed)           0.847     4.236    system_i/ps8_0_axi_periph/s00_couplers/auto_ds/inst/gen_downsizer.gen_simple_downsizer.axi_downsizer_inst/USE_READ.read_addr_inst/cmd_queue/inst/m_axi_arvalid_INST_0_i_1_n_0
    SLICE_X48Y236        LUT6 (Prop_G6LUT_SLICEL_I3_O)
                                                      0.097     4.333 r  system_i/ps8_0_axi_periph/s00_couplers/auto_ds/inst/gen_downsizer.gen_simple_downsizer.axi_downsizer_inst/USE_READ.read_addr_inst/cmd_queue/inst/m_axi_arvalid_INST_0/O
                         net (fo=9, routed)           0.054     4.387    system_i/ps8_0_axi_periph/s00_couplers/auto_ds/inst/gen_downsizer.gen_simple_downsizer.axi_downsizer_inst/USE_READ.read_addr_inst/cmd_queue/inst/command_ongoing_reg
    SLICE_X48Y236        LUT2 (Prop_H6LUT_SLICEL_I0_O)
                                                      0.051     4.438 r  system_i/ps8_0_axi_periph/s00_couplers/auto_ds/inst/gen_downsizer.gen_simple_downsizer.axi_downsizer_inst/USE_READ.read_addr_inst/cmd_queue/inst/queue_id[15]_i_1__0/O
                         net (fo=19, routed)          1.252     5.690    system_i/ps8_0_axi_periph/s00_couplers/auto_ds/inst/gen_downsizer.gen_simple_downsizer.axi_downsizer_inst/USE_READ.read_addr_inst/cmd_push
    SLICE_X48Y140        FDRE                                         r  system_i/ps8_0_axi_periph/s00_couplers/auto_ds/inst/gen_downsizer.gen_simple_downsizer.axi_downsizer_inst/USE_READ.read_addr_inst/queue_id_reg[4]/CE
  -------------------------------------------------------------------    -------------------

                         (clock clk_pl_0 rise edge)
                                                     10.000    10.000 r  
    PS8_X0Y0             PS8                          0.000    10.000 r  system_i/zynq_ultra_ps_e_0/inst/PS8_i/PLCLK[0]
                         net (fo=1, routed)           0.143    10.143    system_i/zynq_ultra_ps_e_0/inst/pl_clk_unbuffered[0]
    BUFG_PS_X0Y73        BUFG_PS (Prop_BUFG_PS_I_O)
                                                      0.025    10.168 r  system_i/zynq_ultra_ps_e_0/inst/buffer_pl_clk_0.PL_CLK_0_BUFG/O
    X1Y3 (CLOCK_ROOT)    net (fo=2075, routed)        1.021    11.189    system_i/ps8_0_axi_periph/s00_couplers/auto_ds/inst/gen_downsizer.gen_simple_downsizer.axi_downsizer_inst/USE_READ.read_addr_inst/CLK
    SLICE_X48Y140        FDRE                                         r  system_i/ps8_0_axi_periph/s00_couplers/auto_ds/inst/gen_downsizer.gen_simple_downsizer.axi_downsizer_inst/USE_READ.read_addr_inst/queue_id_reg[4]/C
                         clock pessimism              0.060    11.249    
                         clock uncertainty           -0.130    11.119    
    SLICE_X48Y140        FDRE (Setup_EFF2_SLICEL_C_CE)
                                                     -0.060    11.059    system_i/ps8_0_axi_periph/s00_couplers/auto_ds/inst/gen_downsizer.gen_simple_downsizer.axi_downsizer_inst/USE_READ.read_addr_inst/queue_id_reg[4]
  -------------------------------------------------------------------
                         required time                         11.059    
                         arrival time                          -5.690    
  -------------------------------------------------------------------
                         slack                                  5.369    





Min Delay Paths
--------------------------------------------------------------------------------------
Slack (MET) :             0.020ns  (arrival time - required time)
  Source:                 system_i/ps8_0_axi_periph/s00_couplers/auto_ds/inst/gen_downsizer.gen_simple_downsizer.axi_downsizer_inst/USE_READ.read_addr_inst/cmd_queue/inst/fifo_gen_inst/inst_fifo_gen/gconvfifo.rf/grf.rf/gntv_or_sync_fifo.gl0.wr/wpntr/gcc0.gc0.count_reg[4]/C
                            (rising edge-triggered cell FDCE clocked by clk_pl_0  {rise@0.000ns fall@5.000ns period=10.000ns})
  Destination:            system_i/ps8_0_axi_periph/s00_couplers/auto_ds/inst/gen_downsizer.gen_simple_downsizer.axi_downsizer_inst/USE_READ.read_addr_inst/cmd_queue/inst/fifo_gen_inst/inst_fifo_gen/gconvfifo.rf/grf.rf/gntv_or_sync_fifo.gl0.wr/wpntr/gcc0.gc0.count_d1_reg[4]/D
                            (rising edge-triggered cell FDCE clocked by clk_pl_0  {rise@0.000ns fall@5.000ns period=10.000ns})
  Path Group:             clk_pl_0
  Path Type:              Hold (Min at Slow Process Corner)
  Requirement:            0.000ns  (clk_pl_0 rise@0.000ns - clk_pl_0 rise@0.000ns)
  Data Path Delay:        0.137ns  (logic 0.061ns (44.526%)  route 0.076ns (55.474%))
  Logic Levels:           0  
  Clock Path Skew:        0.055ns (DCD - SCD - CPR)
    Destination Clock Delay (DCD):    1.457ns
    Source Clock Delay      (SCD):    1.241ns
    Clock Pessimism Removal (CPR):    0.161ns
  Clock Net Delay (Source):      1.073ns (routing 0.162ns, distribution 0.911ns)
  Clock Net Delay (Destination): 1.249ns (routing 0.182ns, distribution 1.067ns)

    Location             Delay type                Incr(ns)  Path(ns)    Netlist Resource(s)
  -------------------------------------------------------------------    -------------------
                         (clock clk_pl_0 rise edge)
                                                      0.000     0.000 r  
    PS8_X0Y0             PS8                          0.000     0.000 r  system_i/zynq_ultra_ps_e_0/inst/PS8_i/PLCLK[0]
                         net (fo=1, routed)           0.143     0.143    system_i/zynq_ultra_ps_e_0/inst/pl_clk_unbuffered[0]
    BUFG_PS_X0Y73        BUFG_PS (Prop_BUFG_PS_I_O)
                                                      0.025     0.168 r  system_i/zynq_ultra_ps_e_0/inst/buffer_pl_clk_0.PL_CLK_0_BUFG/O
    X1Y3 (CLOCK_ROOT)    net (fo=2075, routed)        1.073     1.241    system_i/ps8_0_axi_periph/s00_couplers/auto_ds/inst/gen_downsizer.gen_simple_downsizer.axi_downsizer_inst/USE_READ.read_addr_inst/cmd_queue/inst/fifo_gen_inst/inst_fifo_gen/gconvfifo.rf/grf.rf/gntv_or_sync_fifo.gl0.wr/wpntr/clk
    SLICE_X43Y241        FDCE                                         r  system_i/ps8_0_axi_periph/s00_couplers/auto_ds/inst/gen_downsizer.gen_simple_downsizer.axi_downsizer_inst/USE_READ.read_addr_inst/cmd_queue/inst/fifo_gen_inst/inst_fifo_gen/gconvfifo.rf/grf.rf/gntv_or_sync_fifo.gl0.wr/wpntr/gcc0.gc0.count_reg[4]/C
  -------------------------------------------------------------------    -------------------
    SLICE_X43Y241        FDCE (Prop_DFF2_SLICEL_C_Q)
                                                      0.061     1.302 r  system_i/ps8_0_axi_periph/s00_couplers/auto_ds/inst/gen_downsizer.gen_simple_downsizer.axi_downsizer_inst/USE_READ.read_addr_inst/cmd_queue/inst/fifo_gen_inst/inst_fifo_gen/gconvfifo.rf/grf.rf/gntv_or_sync_fifo.gl0.wr/wpntr/gcc0.gc0.count_reg[4]/Q
                         net (fo=3, routed)           0.076     1.378    system_i/ps8_0_axi_periph/s00_couplers/auto_ds/inst/gen_downsizer.gen_simple_downsizer.axi_downsizer_inst/USE_READ.read_addr_inst/cmd_queue/inst/fifo_gen_inst/inst_fifo_gen/gconvfifo.rf/grf.rf/gntv_or_sync_fifo.gl0.wr/wpntr/p_13_out[4]
    SLICE_X43Y243        FDCE                                         r  system_i/ps8_0_axi_periph/s00_couplers/auto_ds/inst/gen_downsizer.gen_simple_downsizer.axi_downsizer_inst/USE_READ.read_addr_inst/cmd_queue/inst/fifo_gen_inst/inst_fifo_gen/gconvfifo.rf/grf.rf/gntv_or_sync_fifo.gl0.wr/wpntr/gcc0.gc0.count_d1_reg[4]/D
  -------------------------------------------------------------------    -------------------

                         (clock clk_pl_0 rise edge)
                                                      0.000     0.000 r  
    PS8_X0Y0             PS8                          0.000     0.000 r  system_i/zynq_ultra_ps_e_0/inst/PS8_i/PLCLK[0]
                         net (fo=1, routed)           0.180     0.180    system_i/zynq_ultra_ps_e_0/inst/pl_clk_unbuffered[0]
    BUFG_PS_X0Y73        BUFG_PS (Prop_BUFG_PS_I_O)
                                                      0.028     0.208 r  system_i/zynq_ultra_ps_e_0/inst/buffer_pl_clk_0.PL_CLK_0_BUFG/O
    X1Y3 (CLOCK_ROOT)    net (fo=2075, routed)        1.249     1.457    system_i/ps8_0_axi_periph/s00_couplers/auto_ds/inst/gen_downsizer.gen_simple_downsizer.axi_downsizer_inst/USE_READ.read_addr_inst/cmd_queue/inst/fifo_gen_inst/inst_fifo_gen/gconvfifo.rf/grf.rf/gntv_or_sync_fifo.gl0.wr/wpntr/clk
    SLICE_X43Y243        FDCE                                         r  system_i/ps8_0_axi_periph/s00_couplers/auto_ds/inst/gen_downsizer.gen_simple_downsizer.axi_downsizer_inst/USE_READ.read_addr_inst/cmd_queue/inst/fifo_gen_inst/inst_fifo_gen/gconvfifo.rf/grf.rf/gntv_or_sync_fifo.gl0.wr/wpntr/gcc0.gc0.count_d1_reg[4]/C
                         clock pessimism             -0.161     1.296    
    SLICE_X43Y243        FDCE (Hold_FFF2_SLICEL_C_D)
                                                      0.062     1.358    system_i/ps8_0_axi_periph/s00_couplers/auto_ds/inst/gen_downsizer.gen_simple_downsizer.axi_downsizer_inst/USE_READ.read_addr_inst/cmd_queue/inst/fifo_gen_inst/inst_fifo_gen/gconvfifo.rf/grf.rf/gntv_or_sync_fifo.gl0.wr/wpntr/gcc0.gc0.count_d1_reg[4]
  -------------------------------------------------------------------
                         required time                         -1.358    
                         arrival time                           1.378    
  -------------------------------------------------------------------
                         slack                                  0.020    





Pulse Width Checks
--------------------------------------------------------------------------------------
Clock Name:         clk_pl_0
Waveform(ns):       { 0.000 5.000 }
Period(ns):         10.000
Sources:            { system_i/zynq_ultra_ps_e_0/inst/PS8_i/PLCLK[0] }

Check Type        Corner  Lib Pin          Reference Pin  Required(ns)  Actual(ns)  Slack(ns)  Location  Pin
Min Period        n/a     PS8/MAXIGP2ACLK  n/a            3.000         10.000      7.000      PS8_X0Y0  system_i/zynq_ultra_ps_e_0/inst/PS8_i/MAXIGP2ACLK
Low Pulse Width   Fast    PS8/MAXIGP2ACLK  n/a            1.500         5.000       3.500      PS8_X0Y0  system_i/zynq_ultra_ps_e_0/inst/PS8_i/MAXIGP2ACLK
High Pulse Width  Slow    PS8/MAXIGP2ACLK  n/a            1.500         5.000       3.500      PS8_X0Y0  system_i/zynq_ultra_ps_e_0/inst/PS8_i/MAXIGP2ACLK



---------------------------------------------------------------------------------------------------
From Clock:  clk_wiz_inst/inst/clk_in100
  To Clock:  clk_wiz_inst/inst/clk_in100

Setup :           NA  Failing Endpoints,  Worst Slack           NA  ,  Total Violation           NA
Hold  :           NA  Failing Endpoints,  Worst Slack           NA  ,  Total Violation           NA
PW    :            0  Failing Endpoints,  Worst Slack        2.000ns,  Total Violation        0.000ns
---------------------------------------------------------------------------------------------------


Pulse Width Checks
--------------------------------------------------------------------------------------
Clock Name:         clk_wiz_inst/inst/clk_in100
Waveform(ns):       { 0.000 5.000 }
Period(ns):         10.000
Sources:            { clk_wiz_inst/inst/clk_in100 }

Check Type        Corner  Lib Pin            Reference Pin  Required(ns)  Actual(ns)  Slack(ns)  Location   Pin
Min Period        n/a     MMCME4_ADV/CLKIN1  n/a            1.071         10.000      8.929      MMCM_X1Y3  clk_wiz_inst/inst/mmcme4_adv_inst/CLKIN1
Low Pulse Width   Slow    MMCME4_ADV/CLKIN1  n/a            3.000         5.000       2.000      MMCM_X1Y3  clk_wiz_inst/inst/mmcme4_adv_inst/CLKIN1
High Pulse Width  Slow    MMCME4_ADV/CLKIN1  n/a            3.000         5.000       2.000      MMCM_X1Y3  clk_wiz_inst/inst/mmcme4_adv_inst/CLKIN1



---------------------------------------------------------------------------------------------------
From Clock:  clk_out_clk_wiz_uzed
  To Clock:  clk_out_clk_wiz_uzed

Setup :            0  Failing Endpoints,  Worst Slack        0.442ns,  Total Violation        0.000ns
Hold  :            0  Failing Endpoints,  Worst Slack        0.010ns,  Total Violation        0.000ns
PW    :            0  Failing Endpoints,  Worst Slack        0.431ns,  Total Violation        0.000ns
---------------------------------------------------------------------------------------------------


Max Delay Paths
--------------------------------------------------------------------------------------
Slack (MET) :             0.442ns  (required time - arrival time)
  Source:                 gen_code_label[17].heater_inst/gen_dsp[8].dsp_dout_q_reg[8][34]/C
                            (rising edge-triggered cell FDRE clocked by clk_out_clk_wiz_uzed  {rise@0.000ns fall@1.000ns period=2.000ns})
  Destination:            gen_code_label[17].heater_inst/gen_dsp[9].dsp_1/U0/i_synth/i_synth_option.i_synth_model/opt_8series.i_uniwrap/i_primitive/DSP_C_DATA_INST/C[34]
                            (rising edge-triggered cell DSP_C_DATA clocked by clk_out_clk_wiz_uzed  {rise@0.000ns fall@1.000ns period=2.000ns})
  Path Group:             clk_out_clk_wiz_uzed
  Path Type:              Setup (Max at Slow Process Corner)
  Requirement:            2.000ns  (clk_out_clk_wiz_uzed rise@2.000ns - clk_out_clk_wiz_uzed rise@0.000ns)
  Data Path Delay:        1.070ns  (logic 0.079ns (7.383%)  route 0.991ns (92.617%))
  Logic Levels:           0  
  Clock Path Skew:        -0.185ns (DCD - SCD + CPR)
    Destination Clock Delay (DCD):    1.144ns = ( 3.144 - 2.000 ) 
    Source Clock Delay      (SCD):    1.034ns
    Clock Pessimism Removal (CPR):    -0.295ns
  Clock Uncertainty:      0.056ns  ((TSJ^2 + DJ^2)^1/2) / 2 + PE
    Total System Jitter     (TSJ):    0.071ns
    Discrete Jitter          (DJ):    0.087ns
    Phase Error              (PE):    0.000ns
  Clock Net Delay (Source):      2.066ns (routing 0.850ns, distribution 1.216ns)
  Clock Net Delay (Destination): 1.803ns (routing 0.772ns, distribution 1.031ns)

    Location             Delay type                Incr(ns)  Path(ns)    Netlist Resource(s)
  -------------------------------------------------------------------    -------------------
                         (clock clk_out_clk_wiz_uzed rise edge)
                                                      0.000     0.000 r  
    BUFG_PS_X0Y73        BUFG_PS                      0.000     0.000 r  system_i/zynq_ultra_ps_e_0/inst/buffer_pl_clk_0.PL_CLK_0_BUFG/O
                         net (fo=2075, routed)        1.133     1.133    clk_wiz_inst/inst/clk_in100
    MMCM_X1Y3            MMCME4_ADV (Prop_MMCM_CLKIN1_CLKOUT0)
                                                     -2.437    -1.304 r  clk_wiz_inst/inst/mmcme4_adv_inst/CLKOUT0
                         net (fo=1, routed)           0.244    -1.060    clk_wiz_inst/inst/clk_out_clk_wiz_uzed
    BUFGCE_X1Y86         BUFGCE (Prop_BUFCE_BUFGCE_I_O)
                                                      0.028    -1.032 r  clk_wiz_inst/inst/clkout1_buf/O
    X1Y2 (CLOCK_ROOT)    net (fo=128352, routed)      2.066     1.034    gen_code_label[17].heater_inst/clk_out
    SLICE_X49Y238        FDRE                                         r  gen_code_label[17].heater_inst/gen_dsp[8].dsp_dout_q_reg[8][34]/C
  -------------------------------------------------------------------    -------------------
    SLICE_X49Y238        FDRE (Prop_HFF_SLICEM_C_Q)
                                                      0.079     1.113 r  gen_code_label[17].heater_inst/gen_dsp[8].dsp_dout_q_reg[8][34]/Q
                         net (fo=1, routed)           0.991     2.104    gen_code_label[17].heater_inst/gen_dsp[9].dsp_1/U0/i_synth/i_synth_option.i_synth_model/opt_8series.i_uniwrap/i_primitive/C[34]
    DSP48E2_X3Y59        DSP_C_DATA                                   r  gen_code_label[17].heater_inst/gen_dsp[9].dsp_1/U0/i_synth/i_synth_option.i_synth_model/opt_8series.i_uniwrap/i_primitive/DSP_C_DATA_INST/C[34]
  -------------------------------------------------------------------    -------------------

                         (clock clk_out_clk_wiz_uzed rise edge)
                                                      2.000     2.000 r  
    BUFG_PS_X0Y73        BUFG_PS                      0.000     2.000 r  system_i/zynq_ultra_ps_e_0/inst/buffer_pl_clk_0.PL_CLK_0_BUFG/O
                         net (fo=2075, routed)        1.007     3.007    clk_wiz_inst/inst/clk_in100
    MMCM_X1Y3            MMCME4_ADV (Prop_MMCM_CLKIN1_CLKOUT0)
                                                     -1.904     1.103 r  clk_wiz_inst/inst/mmcme4_adv_inst/CLKOUT0
                         net (fo=1, routed)           0.214     1.317    clk_wiz_inst/inst/clk_out_clk_wiz_uzed
    BUFGCE_X1Y86         BUFGCE (Prop_BUFCE_BUFGCE_I_O)
                                                      0.024     1.341 r  clk_wiz_inst/inst/clkout1_buf/O
    X1Y2 (CLOCK_ROOT)    net (fo=128352, routed)      1.803     3.144    gen_code_label[17].heater_inst/gen_dsp[9].dsp_1/U0/i_synth/i_synth_option.i_synth_model/opt_8series.i_uniwrap/i_primitive/CLK
    DSP48E2_X3Y59        DSP_C_DATA                                   r  gen_code_label[17].heater_inst/gen_dsp[9].dsp_1/U0/i_synth/i_synth_option.i_synth_model/opt_8series.i_uniwrap/i_primitive/DSP_C_DATA_INST/CLK
                         clock pessimism             -0.295     2.849    
                         clock uncertainty           -0.056     2.793    
    DSP48E2_X3Y59        DSP_C_DATA (Setup_DSP_C_DATA_DSP48E2_CLK_C[34])
                                                     -0.247     2.546    gen_code_label[17].heater_inst/gen_dsp[9].dsp_1/U0/i_synth/i_synth_option.i_synth_model/opt_8series.i_uniwrap/i_primitive/DSP_C_DATA_INST
  -------------------------------------------------------------------
                         required time                          2.546    
                         arrival time                          -2.104    
  -------------------------------------------------------------------
                         slack                                  0.442    





Min Delay Paths
--------------------------------------------------------------------------------------
Slack (MET) :             0.010ns  (arrival time - required time)
  Source:                 gen_code_label[13].heater_inst/gen_reg[43].gen_ff[0].FDRE_inst/C
                            (rising edge-triggered cell FDRE clocked by clk_out_clk_wiz_uzed  {rise@0.000ns fall@1.000ns period=2.000ns})
  Destination:            gen_code_label[13].heater_inst/gen_reg[44].gen_ff[0].FDRE_inst/D
                            (rising edge-triggered cell FDRE clocked by clk_out_clk_wiz_uzed  {rise@0.000ns fall@1.000ns period=2.000ns})
  Path Group:             clk_out_clk_wiz_uzed
  Path Type:              Hold (Min at Slow Process Corner)
  Requirement:            0.000ns  (clk_out_clk_wiz_uzed rise@0.000ns - clk_out_clk_wiz_uzed rise@0.000ns)
  Data Path Delay:        0.240ns  (logic 0.059ns (24.583%)  route 0.181ns (75.417%))
  Logic Levels:           0  
  Clock Path Skew:        0.170ns (DCD - SCD - CPR)
    Destination Clock Delay (DCD):    1.175ns
    Source Clock Delay      (SCD):    1.226ns
    Clock Pessimism Removal (CPR):    -0.221ns
  Clock Net Delay (Source):      1.885ns (routing 0.772ns, distribution 1.113ns)
  Clock Net Delay (Destination): 2.207ns (routing 0.850ns, distribution 1.357ns)

    Location             Delay type                Incr(ns)  Path(ns)    Netlist Resource(s)
  -------------------------------------------------------------------    -------------------
                         (clock clk_out_clk_wiz_uzed rise edge)
                                                      0.000     0.000 r  
    BUFG_PS_X0Y73        BUFG_PS                      0.000     0.000 r  system_i/zynq_ultra_ps_e_0/inst/buffer_pl_clk_0.PL_CLK_0_BUFG/O
                         net (fo=2075, routed)        1.007     1.007    clk_wiz_inst/inst/clk_in100
    MMCM_X1Y3            MMCME4_ADV (Prop_MMCM_CLKIN1_CLKOUT0)
                                                     -1.904    -0.897 r  clk_wiz_inst/inst/mmcme4_adv_inst/CLKOUT0
                         net (fo=1, routed)           0.214    -0.683    clk_wiz_inst/inst/clk_out_clk_wiz_uzed
    BUFGCE_X1Y86         BUFGCE (Prop_BUFCE_BUFGCE_I_O)
                                                      0.024    -0.659 r  clk_wiz_inst/inst/clkout1_buf/O
    X1Y2 (CLOCK_ROOT)    net (fo=128352, routed)      1.885     1.226    gen_code_label[13].heater_inst/clk_out
    SLICE_X43Y245        FDRE                                         r  gen_code_label[13].heater_inst/gen_reg[43].gen_ff[0].FDRE_inst/C
  -------------------------------------------------------------------    -------------------
    SLICE_X43Y245        FDRE (Prop_EFF_SLICEL_C_Q)
                                                      0.059     1.285 r  gen_code_label[13].heater_inst/gen_reg[43].gen_ff[0].FDRE_inst/Q
                         net (fo=1, routed)           0.181     1.466    gen_code_label[13].heater_inst/ff_dout[43]_0
    SLICE_X38Y245        FDRE                                         r  gen_code_label[13].heater_inst/gen_reg[44].gen_ff[0].FDRE_inst/D
  -------------------------------------------------------------------    -------------------

                         (clock clk_out_clk_wiz_uzed rise edge)
                                                      0.000     0.000 r  
    BUFG_PS_X0Y73        BUFG_PS                      0.000     0.000 r  system_i/zynq_ultra_ps_e_0/inst/buffer_pl_clk_0.PL_CLK_0_BUFG/O
                         net (fo=2075, routed)        1.133     1.133    clk_wiz_inst/inst/clk_in100
    MMCM_X1Y3            MMCME4_ADV (Prop_MMCM_CLKIN1_CLKOUT0)
                                                     -2.437    -1.304 r  clk_wiz_inst/inst/mmcme4_adv_inst/CLKOUT0
                         net (fo=1, routed)           0.244    -1.060    clk_wiz_inst/inst/clk_out_clk_wiz_uzed
    BUFGCE_X1Y86         BUFGCE (Prop_BUFCE_BUFGCE_I_O)
                                                      0.028    -1.032 r  clk_wiz_inst/inst/clkout1_buf/O
    X1Y2 (CLOCK_ROOT)    net (fo=128352, routed)      2.207     1.175    gen_code_label[13].heater_inst/clk_out
    SLICE_X38Y245        FDRE                                         r  gen_code_label[13].heater_inst/gen_reg[44].gen_ff[0].FDRE_inst/C
                         clock pessimism              0.221     1.396    
    SLICE_X38Y245        FDRE (Hold_BFF_SLICEL_C_D)
                                                      0.060     1.456    gen_code_label[13].heater_inst/gen_reg[44].gen_ff[0].FDRE_inst
  -------------------------------------------------------------------
                         required time                         -1.456    
                         arrival time                           1.466    
  -------------------------------------------------------------------
                         slack                                  0.010    





Pulse Width Checks
--------------------------------------------------------------------------------------
Clock Name:         clk_out_clk_wiz_uzed
Waveform(ns):       { 0.000 1.000 }
Period(ns):         2.000
Sources:            { clk_wiz_inst/inst/mmcme4_adv_inst/CLKOUT0 }

Check Type        Corner  Lib Pin             Reference Pin  Required(ns)  Actual(ns)  Slack(ns)  Location      Pin
Min Period        n/a     RAMB36E2/CLKARDCLK  n/a            1.569         2.000       0.431      RAMB36_X1Y22  gen_code_label[17].heater_inst/gen_bram[3].sp_bram_1/U0/inst_blk_mem_gen/gnbram.gnativebmg.native_blk_mem_gen/valid.cstr/ramloop[0].ram.r/prim_noinit.ram/DEVICE_8SERIES.NO_BMM_INFO.SP.SIMPLE_PRIM36.ram/CLKARDCLK
Low Pulse Width   Fast    RAMB36E2/CLKARDCLK  n/a            0.542         1.000       0.458      RAMB36_X1Y22  gen_code_label[17].heater_inst/gen_bram[3].sp_bram_1/U0/inst_blk_mem_gen/gnbram.gnativebmg.native_blk_mem_gen/valid.cstr/ramloop[0].ram.r/prim_noinit.ram/DEVICE_8SERIES.NO_BMM_INFO.SP.SIMPLE_PRIM36.ram/CLKARDCLK
High Pulse Width  Slow    RAMB36E2/CLKARDCLK  n/a            0.542         1.000       0.458      RAMB36_X1Y22  gen_code_label[17].heater_inst/gen_bram[3].sp_bram_1/U0/inst_blk_mem_gen/gnbram.gnativebmg.native_blk_mem_gen/valid.cstr/ramloop[0].ram.r/prim_noinit.ram/DEVICE_8SERIES.NO_BMM_INFO.SP.SIMPLE_PRIM36.ram/CLKARDCLK



---------------------------------------------------------------------------------------------------
From Clock:  clkfbout_clk_wiz_uzed
  To Clock:  clkfbout_clk_wiz_uzed

Setup :           NA  Failing Endpoints,  Worst Slack           NA  ,  Total Violation           NA
Hold  :           NA  Failing Endpoints,  Worst Slack           NA  ,  Total Violation           NA
PW    :            0  Failing Endpoints,  Worst Slack        8.710ns,  Total Violation        0.000ns
---------------------------------------------------------------------------------------------------


Pulse Width Checks
--------------------------------------------------------------------------------------
Clock Name:         clkfbout_clk_wiz_uzed
Waveform(ns):       { 0.000 5.000 }
Period(ns):         10.000
Sources:            { clk_wiz_inst/inst/mmcme4_adv_inst/CLKFBOUT }

Check Type  Corner  Lib Pin   Reference Pin  Required(ns)  Actual(ns)  Slack(ns)  Location      Pin
Min Period  n/a     BUFGCE/I  n/a            1.290         10.000      8.710      BUFGCE_X1Y92  clk_wiz_inst/inst/clkf_buf/I



---------------------------------------------------------------------------------------------------
From Clock:  clk_pl_0
  To Clock:  clk_out_clk_wiz_uzed

Setup :            0  Failing Endpoints,  Worst Slack        0.487ns,  Total Violation        0.000ns
Hold  :            0  Failing Endpoints,  Worst Slack        0.159ns,  Total Violation        0.000ns
---------------------------------------------------------------------------------------------------


Max Delay Paths
--------------------------------------------------------------------------------------
Slack (MET) :             0.487ns  (required time - arrival time)
  Source:                 system_i/axi_gpio_1/U0/gpio_core_1/Dual.gpio_Data_Out_reg[11]/C
                            (rising edge-triggered cell FDRE clocked by clk_pl_0  {rise@0.000ns fall@5.000ns period=10.000ns})
  Destination:            gen_code_label[20].heater_inst/err_clear_q_reg/D
                            (rising edge-triggered cell FDRE clocked by clk_out_clk_wiz_uzed  {rise@0.000ns fall@1.000ns period=2.000ns})
  Path Group:             clk_out_clk_wiz_uzed
  Path Type:              Setup (Max at Slow Process Corner)
  Requirement:            2.000ns  (clk_out_clk_wiz_uzed rise@2.000ns - clk_pl_0 rise@0.000ns)
  Data Path Delay:        1.383ns  (logic 0.079ns (5.712%)  route 1.304ns (94.288%))
  Logic Levels:           0  
  Clock Path Skew:        -0.008ns (DCD - SCD + CPR)
    Destination Clock Delay (DCD):    1.325ns = ( 3.325 - 2.000 ) 
    Source Clock Delay      (SCD):    1.396ns
    Clock Pessimism Removal (CPR):    0.063ns
  Clock Uncertainty:      0.148ns  ((TSJ^2 + DJ^2)^1/2) / 2 + PE
    Total System Jitter     (TSJ):    0.071ns
    Discrete Jitter          (DJ):    0.097ns
    Phase Error              (PE):    0.087ns
  Clock Net Delay (Source):      1.188ns (routing 0.182ns, distribution 1.006ns)
  Clock Net Delay (Destination): 1.984ns (routing 0.772ns, distribution 1.212ns)
  Clock Domain Crossing:  Inter clock paths are considered valid unless explicitly excluded by timing constraints such as set_clock_groups or set_false_path.

    Location             Delay type                Incr(ns)  Path(ns)    Netlist Resource(s)
  -------------------------------------------------------------------    -------------------
                         (clock clk_pl_0 rise edge)
                                                      0.000     0.000 r  
    PS8_X0Y0             PS8                          0.000     0.000 r  system_i/zynq_ultra_ps_e_0/inst/PS8_i/PLCLK[0]
                         net (fo=1, routed)           0.180     0.180    system_i/zynq_ultra_ps_e_0/inst/pl_clk_unbuffered[0]
    BUFG_PS_X0Y73        BUFG_PS (Prop_BUFG_PS_I_O)
                                                      0.028     0.208 r  system_i/zynq_ultra_ps_e_0/inst/buffer_pl_clk_0.PL_CLK_0_BUFG/O
    X1Y3 (CLOCK_ROOT)    net (fo=2075, routed)        1.188     1.396    system_i/axi_gpio_1/U0/gpio_core_1/s_axi_aclk
    SLICE_X51Y195        FDRE                                         r  system_i/axi_gpio_1/U0/gpio_core_1/Dual.gpio_Data_Out_reg[11]/C
  -------------------------------------------------------------------    -------------------
    SLICE_X51Y195        FDRE (Prop_HFF_SLICEL_C_Q)
                                                      0.079     1.475 r  system_i/axi_gpio_1/U0/gpio_core_1/Dual.gpio_Data_Out_reg[11]/Q
                         net (fo=2, routed)           1.304     2.779    gen_code_label[20].heater_inst/GPIO_1_out_tri_o[0]
    SLICE_X71Y237        FDRE                                         r  gen_code_label[20].heater_inst/err_clear_q_reg/D
  -------------------------------------------------------------------    -------------------

                         (clock clk_out_clk_wiz_uzed rise edge)
                                                      2.000     2.000 r  
    BUFG_PS_X0Y73        BUFG_PS                      0.000     2.000 r  system_i/zynq_ultra_ps_e_0/inst/buffer_pl_clk_0.PL_CLK_0_BUFG/O
                         net (fo=2075, routed)        1.007     3.007    clk_wiz_inst/inst/clk_in100
    MMCM_X1Y3            MMCME4_ADV (Prop_MMCM_CLKIN1_CLKOUT0)
                                                     -1.904     1.103 r  clk_wiz_inst/inst/mmcme4_adv_inst/CLKOUT0
                         net (fo=1, routed)           0.214     1.317    clk_wiz_inst/inst/clk_out_clk_wiz_uzed
    BUFGCE_X1Y86         BUFGCE (Prop_BUFCE_BUFGCE_I_O)
                                                      0.024     1.341 r  clk_wiz_inst/inst/clkout1_buf/O
    X1Y2 (CLOCK_ROOT)    net (fo=128352, routed)      1.984     3.325    gen_code_label[20].heater_inst/clk_out
    SLICE_X71Y237        FDRE                                         r  gen_code_label[20].heater_inst/err_clear_q_reg/C
                         clock pessimism              0.063     3.388    
                         clock uncertainty           -0.148     3.241    
    SLICE_X71Y237        FDRE (Setup_BFF_SLICEM_C_D)
                                                      0.025     3.266    gen_code_label[20].heater_inst/err_clear_q_reg
  -------------------------------------------------------------------
                         required time                          3.266    
                         arrival time                          -2.779    
  -------------------------------------------------------------------
                         slack                                  0.487    





Min Delay Paths
--------------------------------------------------------------------------------------
Slack (MET) :             0.159ns  (arrival time - required time)
  Source:                 system_i/axi_gpio_1/U0/gpio_core_1/Dual.gpio_Data_Out_reg[7]/C
                            (rising edge-triggered cell FDRE clocked by clk_pl_0  {rise@0.000ns fall@5.000ns period=10.000ns})
  Destination:            gen_code_label[24].heater_inst/err_clear_q_reg/D
                            (rising edge-triggered cell FDRE clocked by clk_out_clk_wiz_uzed  {rise@0.000ns fall@1.000ns period=2.000ns})
  Path Group:             clk_out_clk_wiz_uzed
  Path Type:              Hold (Min at Fast Process Corner)
  Requirement:            0.000ns  (clk_out_clk_wiz_uzed rise@0.000ns - clk_pl_0 rise@0.000ns)
  Data Path Delay:        0.105ns  (logic 0.039ns (37.143%)  route 0.066ns (62.857%))
  Logic Levels:           0  
  Clock Path Skew:        -0.248ns (DCD - SCD - CPR)
    Destination Clock Delay (DCD):    0.654ns
    Source Clock Delay      (SCD):    0.889ns
    Clock Pessimism Removal (CPR):    0.013ns
  Clock Uncertainty:      0.148ns  ((TSJ^2 + DJ^2)^1/2) / 2 + PE
    Total System Jitter     (TSJ):    0.071ns
    Discrete Jitter          (DJ):    0.097ns
    Phase Error              (PE):    0.087ns
  Clock Net Delay (Source):      0.750ns (routing 0.100ns, distribution 0.650ns)
  Clock Net Delay (Destination): 1.344ns (routing 0.521ns, distribution 0.823ns)
  Clock Domain Crossing:  Inter clock paths are considered valid unless explicitly excluded by timing constraints such as set_clock_groups or set_false_path.

    Location             Delay type                Incr(ns)  Path(ns)    Netlist Resource(s)
  -------------------------------------------------------------------    -------------------
                         (clock clk_pl_0 rise edge)
                                                      0.000     0.000 r  
    PS8_X0Y0             PS8                          0.000     0.000 r  system_i/zynq_ultra_ps_e_0/inst/PS8_i/PLCLK[0]
                         net (fo=1, routed)           0.122     0.122    system_i/zynq_ultra_ps_e_0/inst/pl_clk_unbuffered[0]
    BUFG_PS_X0Y73        BUFG_PS (Prop_BUFG_PS_I_O)
                                                      0.017     0.139 r  system_i/zynq_ultra_ps_e_0/inst/buffer_pl_clk_0.PL_CLK_0_BUFG/O
    X1Y3 (CLOCK_ROOT)    net (fo=2075, routed)        0.750     0.889    system_i/axi_gpio_1/U0/gpio_core_1/s_axi_aclk
    SLICE_X72Y125        FDRE                                         r  system_i/axi_gpio_1/U0/gpio_core_1/Dual.gpio_Data_Out_reg[7]/C
  -------------------------------------------------------------------    -------------------
    SLICE_X72Y125        FDRE (Prop_GFF_SLICEL_C_Q)
                                                      0.039     0.928 r  system_i/axi_gpio_1/U0/gpio_core_1/Dual.gpio_Data_Out_reg[7]/Q
                         net (fo=2, routed)           0.066     0.994    gen_code_label[24].heater_inst/GPIO_1_out_tri_o[0]
    SLICE_X71Y125        FDRE                                         r  gen_code_label[24].heater_inst/err_clear_q_reg/D
  -------------------------------------------------------------------    -------------------

                         (clock clk_out_clk_wiz_uzed rise edge)
                                                      0.000     0.000 r  
    BUFG_PS_X0Y73        BUFG_PS                      0.000     0.000 r  system_i/zynq_ultra_ps_e_0/inst/buffer_pl_clk_0.PL_CLK_0_BUFG/O
                         net (fo=2075, routed)        0.696     0.696    clk_wiz_inst/inst/clk_in100
    MMCM_X1Y3            MMCME4_ADV (Prop_MMCM_CLKIN1_CLKOUT0)
                                                     -1.570    -0.874 r  clk_wiz_inst/inst/mmcme4_adv_inst/CLKOUT0
                         net (fo=1, routed)           0.165    -0.709    clk_wiz_inst/inst/clk_out_clk_wiz_uzed
    BUFGCE_X1Y86         BUFGCE (Prop_BUFCE_BUFGCE_I_O)
                                                      0.019    -0.690 r  clk_wiz_inst/inst/clkout1_buf/O
    X1Y2 (CLOCK_ROOT)    net (fo=128352, routed)      1.344     0.654    gen_code_label[24].heater_inst/clk_out
    SLICE_X71Y125        FDRE                                         r  gen_code_label[24].heater_inst/err_clear_q_reg/C
                         clock pessimism             -0.013     0.641    
                         clock uncertainty            0.148     0.788    
    SLICE_X71Y125        FDRE (Hold_EFF2_SLICEM_C_D)
                                                      0.047     0.835    gen_code_label[24].heater_inst/err_clear_q_reg
  -------------------------------------------------------------------
                         required time                         -0.835    
                         arrival time                           0.994    
  -------------------------------------------------------------------
                         slack                                  0.159    





---------------------------------------------------------------------------------------------------
Path Group:  **async_default**
From Clock:  clk_pl_0
  To Clock:  clk_pl_0

Setup :            0  Failing Endpoints,  Worst Slack        8.496ns,  Total Violation        0.000ns
Hold  :            0  Failing Endpoints,  Worst Slack        0.207ns,  Total Violation        0.000ns
---------------------------------------------------------------------------------------------------


Max Delay Paths
--------------------------------------------------------------------------------------
Slack (MET) :             8.496ns  (required time - arrival time)
  Source:                 system_i/ps8_0_axi_periph/s00_couplers/auto_ds/inst/gen_downsizer.gen_simple_downsizer.axi_downsizer_inst/USE_READ.read_addr_inst/cmd_queue/inst/fifo_gen_inst/inst_fifo_gen/gconvfifo.rf/grf.rf/rstblk/ngwrdrst.grst.g7serrst.gnsckt_wrst.rst_wr_reg2_inst/arststages_ff_reg[1]/C
                            (rising edge-triggered cell FDPE clocked by clk_pl_0  {rise@0.000ns fall@5.000ns period=10.000ns})
  Destination:            system_i/ps8_0_axi_periph/s00_couplers/auto_ds/inst/gen_downsizer.gen_simple_downsizer.axi_downsizer_inst/USE_READ.read_addr_inst/cmd_queue/inst/fifo_gen_inst/inst_fifo_gen/gconvfifo.rf/grf.rf/gntv_or_sync_fifo.gl0.rd/rpntr/gc0.count_reg[0]/PRE
                            (recovery check against rising-edge clock clk_pl_0  {rise@0.000ns fall@5.000ns period=10.000ns})
  Path Group:             **async_default**
  Path Type:              Recovery (Max at Slow Process Corner)
  Requirement:            10.000ns  (clk_pl_0 rise@10.000ns - clk_pl_0 rise@0.000ns)
  Data Path Delay:        1.272ns  (logic 0.179ns (14.072%)  route 1.093ns (85.928%))
  Logic Levels:           1  (LUT3=1)
  Clock Path Skew:        -0.036ns (DCD - SCD + CPR)
    Destination Clock Delay (DCD):    1.246ns = ( 11.246 - 10.000 ) 
    Source Clock Delay      (SCD):    1.342ns
    Clock Pessimism Removal (CPR):    0.060ns
  Clock Uncertainty:      0.130ns  ((TSJ^2 + DJ^2)^1/2) / 2 + PE
    Total System Jitter     (TSJ):    0.071ns
    Discrete Jitter          (DJ):    0.250ns
    Phase Error              (PE):    0.000ns
  Clock Net Delay (Source):      1.134ns (routing 0.182ns, distribution 0.952ns)
  Clock Net Delay (Destination): 1.078ns (routing 0.162ns, distribution 0.916ns)

    Location             Delay type                Incr(ns)  Path(ns)    Netlist Resource(s)
  -------------------------------------------------------------------    -------------------
                         (clock clk_pl_0 rise edge)
                                                      0.000     0.000 r  
    PS8_X0Y0             PS8                          0.000     0.000 r  system_i/zynq_ultra_ps_e_0/inst/PS8_i/PLCLK[0]
                         net (fo=1, routed)           0.180     0.180    system_i/zynq_ultra_ps_e_0/inst/pl_clk_unbuffered[0]
    BUFG_PS_X0Y73        BUFG_PS (Prop_BUFG_PS_I_O)
                                                      0.028     0.208 r  system_i/zynq_ultra_ps_e_0/inst/buffer_pl_clk_0.PL_CLK_0_BUFG/O
    X1Y3 (CLOCK_ROOT)    net (fo=2075, routed)        1.134     1.342    system_i/ps8_0_axi_periph/s00_couplers/auto_ds/inst/gen_downsizer.gen_simple_downsizer.axi_downsizer_inst/USE_READ.read_addr_inst/cmd_queue/inst/fifo_gen_inst/inst_fifo_gen/gconvfifo.rf/grf.rf/rstblk/ngwrdrst.grst.g7serrst.gnsckt_wrst.rst_wr_reg2_inst/dest_clk
    SLICE_X49Y212        FDPE                                         r  system_i/ps8_0_axi_periph/s00_couplers/auto_ds/inst/gen_downsizer.gen_simple_downsizer.axi_downsizer_inst/USE_READ.read_addr_inst/cmd_queue/inst/fifo_gen_inst/inst_fifo_gen/gconvfifo.rf/grf.rf/rstblk/ngwrdrst.grst.g7serrst.gnsckt_wrst.rst_wr_reg2_inst/arststages_ff_reg[1]/C
  -------------------------------------------------------------------    -------------------
    SLICE_X49Y212        FDPE (Prop_AFF2_SLICEM_C_Q)
                                                      0.080     1.422 f  system_i/ps8_0_axi_periph/s00_couplers/auto_ds/inst/gen_downsizer.gen_simple_downsizer.axi_downsizer_inst/USE_READ.read_addr_inst/cmd_queue/inst/fifo_gen_inst/inst_fifo_gen/gconvfifo.rf/grf.rf/rstblk/ngwrdrst.grst.g7serrst.gnsckt_wrst.rst_wr_reg2_inst/arststages_ff_reg[1]/Q
                         net (fo=3, routed)           0.584     2.006    system_i/ps8_0_axi_periph/s00_couplers/auto_ds/inst/gen_downsizer.gen_simple_downsizer.axi_downsizer_inst/USE_READ.read_addr_inst/cmd_queue/inst/fifo_gen_inst/inst_fifo_gen/gconvfifo.rf/grf.rf/rstblk/rst_wr_reg2
    SLICE_X44Y242        LUT3 (Prop_E6LUT_SLICEL_I2_O)
                                                      0.099     2.105 f  system_i/ps8_0_axi_periph/s00_couplers/auto_ds/inst/gen_downsizer.gen_simple_downsizer.axi_downsizer_inst/USE_READ.read_addr_inst/cmd_queue/inst/fifo_gen_inst/inst_fifo_gen/gconvfifo.rf/grf.rf/rstblk/gc0.count_d1[4]_i_2/O
                         net (fo=32, routed)          0.509     2.614    system_i/ps8_0_axi_periph/s00_couplers/auto_ds/inst/gen_downsizer.gen_simple_downsizer.axi_downsizer_inst/USE_READ.read_addr_inst/cmd_queue/inst/fifo_gen_inst/inst_fifo_gen/gconvfifo.rf/grf.rf/gntv_or_sync_fifo.gl0.rd/rpntr/gc0.count_d1_reg[0]_0
    SLICE_X43Y244        FDPE                                         f  system_i/ps8_0_axi_periph/s00_couplers/auto_ds/inst/gen_downsizer.gen_simple_downsizer.axi_downsizer_inst/USE_READ.read_addr_inst/cmd_queue/inst/fifo_gen_inst/inst_fifo_gen/gconvfifo.rf/grf.rf/gntv_or_sync_fifo.gl0.rd/rpntr/gc0.count_reg[0]/PRE
  -------------------------------------------------------------------    -------------------

                         (clock clk_pl_0 rise edge)
                                                     10.000    10.000 r  
    PS8_X0Y0             PS8                          0.000    10.000 r  system_i/zynq_ultra_ps_e_0/inst/PS8_i/PLCLK[0]
                         net (fo=1, routed)           0.143    10.143    system_i/zynq_ultra_ps_e_0/inst/pl_clk_unbuffered[0]
    BUFG_PS_X0Y73        BUFG_PS (Prop_BUFG_PS_I_O)
                                                      0.025    10.168 r  system_i/zynq_ultra_ps_e_0/inst/buffer_pl_clk_0.PL_CLK_0_BUFG/O
    X1Y3 (CLOCK_ROOT)    net (fo=2075, routed)        1.078    11.246    system_i/ps8_0_axi_periph/s00_couplers/auto_ds/inst/gen_downsizer.gen_simple_downsizer.axi_downsizer_inst/USE_READ.read_addr_inst/cmd_queue/inst/fifo_gen_inst/inst_fifo_gen/gconvfifo.rf/grf.rf/gntv_or_sync_fifo.gl0.rd/rpntr/clk
    SLICE_X43Y244        FDPE                                         r  system_i/ps8_0_axi_periph/s00_couplers/auto_ds/inst/gen_downsizer.gen_simple_downsizer.axi_downsizer_inst/USE_READ.read_addr_inst/cmd_queue/inst/fifo_gen_inst/inst_fifo_gen/gconvfifo.rf/grf.rf/gntv_or_sync_fifo.gl0.rd/rpntr/gc0.count_reg[0]/C
                         clock pessimism              0.060    11.306    
                         clock uncertainty           -0.130    11.176    
    SLICE_X43Y244        FDPE (Recov_BFF2_SLICEL_C_PRE)
                                                     -0.066    11.110    system_i/ps8_0_axi_periph/s00_couplers/auto_ds/inst/gen_downsizer.gen_simple_downsizer.axi_downsizer_inst/USE_READ.read_addr_inst/cmd_queue/inst/fifo_gen_inst/inst_fifo_gen/gconvfifo.rf/grf.rf/gntv_or_sync_fifo.gl0.rd/rpntr/gc0.count_reg[0]
  -------------------------------------------------------------------
                         required time                         11.110    
                         arrival time                          -2.614    
  -------------------------------------------------------------------
                         slack                                  8.496    





Min Delay Paths
--------------------------------------------------------------------------------------
Slack (MET) :             0.207ns  (arrival time - required time)
  Source:                 system_i/ps8_0_axi_periph/s00_couplers/auto_ds/inst/gen_downsizer.gen_simple_downsizer.axi_downsizer_inst/USE_WRITE.write_addr_inst/USE_B_CHANNEL.cmd_b_queue/inst/fifo_gen_inst/inst_fifo_gen/gconvfifo.rf/grf.rf/rstblk/ngwrdrst.grst.g7serrst.gnsckt_wrst.gcc_rst.sckt_wr_rst_cc_reg[0]/C
                            (rising edge-triggered cell FDRE clocked by clk_pl_0  {rise@0.000ns fall@5.000ns period=10.000ns})
  Destination:            system_i/ps8_0_axi_periph/s00_couplers/auto_ds/inst/gen_downsizer.gen_simple_downsizer.axi_downsizer_inst/USE_WRITE.write_addr_inst/USE_B_CHANNEL.cmd_b_queue/inst/fifo_gen_inst/inst_fifo_gen/gconvfifo.rf/grf.rf/gntv_or_sync_fifo.gl0.rd/gr1.gr1_int.rfwft/aempty_fwft_fb_i_reg/PRE
                            (removal check against rising-edge clock clk_pl_0  {rise@0.000ns fall@5.000ns period=10.000ns})
  Path Group:             **async_default**
  Path Type:              Removal (Min at Fast Process Corner)
  Requirement:            0.000ns  (clk_pl_0 rise@0.000ns - clk_pl_0 rise@0.000ns)
  Data Path Delay:        0.197ns  (logic 0.074ns (37.563%)  route 0.123ns (62.437%))
  Logic Levels:           1  (LUT3=1)
  Clock Path Skew:        0.010ns (DCD - SCD - CPR)
    Destination Clock Delay (DCD):    0.924ns
    Source Clock Delay      (SCD):    0.802ns
    Clock Pessimism Removal (CPR):    0.112ns
  Clock Net Delay (Source):      0.663ns (routing 0.100ns, distribution 0.563ns)
  Clock Net Delay (Destination): 0.752ns (routing 0.114ns, distribution 0.638ns)

    Location             Delay type                Incr(ns)  Path(ns)    Netlist Resource(s)
  -------------------------------------------------------------------    -------------------
                         (clock clk_pl_0 rise edge)
                                                      0.000     0.000 r  
    PS8_X0Y0             PS8                          0.000     0.000 r  system_i/zynq_ultra_ps_e_0/inst/PS8_i/PLCLK[0]
                         net (fo=1, routed)           0.122     0.122    system_i/zynq_ultra_ps_e_0/inst/pl_clk_unbuffered[0]
    BUFG_PS_X0Y73        BUFG_PS (Prop_BUFG_PS_I_O)
                                                      0.017     0.139 r  system_i/zynq_ultra_ps_e_0/inst/buffer_pl_clk_0.PL_CLK_0_BUFG/O
    X1Y3 (CLOCK_ROOT)    net (fo=2075, routed)        0.663     0.802    system_i/ps8_0_axi_periph/s00_couplers/auto_ds/inst/gen_downsizer.gen_simple_downsizer.axi_downsizer_inst/USE_WRITE.write_addr_inst/USE_B_CHANNEL.cmd_b_queue/inst/fifo_gen_inst/inst_fifo_gen/gconvfifo.rf/grf.rf/rstblk/clk
    SLICE_X55Y196        FDRE                                         r  system_i/ps8_0_axi_periph/s00_couplers/auto_ds/inst/gen_downsizer.gen_simple_downsizer.axi_downsizer_inst/USE_WRITE.write_addr_inst/USE_B_CHANNEL.cmd_b_queue/inst/fifo_gen_inst/inst_fifo_gen/gconvfifo.rf/grf.rf/rstblk/ngwrdrst.grst.g7serrst.gnsckt_wrst.gcc_rst.sckt_wr_rst_cc_reg[0]/C
  -------------------------------------------------------------------    -------------------
    SLICE_X55Y196        FDRE (Prop_EFF_SLICEL_C_Q)
                                                      0.039     0.841 f  system_i/ps8_0_axi_periph/s00_couplers/auto_ds/inst/gen_downsizer.gen_simple_downsizer.axi_downsizer_inst/USE_WRITE.write_addr_inst/USE_B_CHANNEL.cmd_b_queue/inst/fifo_gen_inst/inst_fifo_gen/gconvfifo.rf/grf.rf/rstblk/ngwrdrst.grst.g7serrst.gnsckt_wrst.gcc_rst.sckt_wr_rst_cc_reg[0]/Q
                         net (fo=3, routed)           0.030     0.871    system_i/ps8_0_axi_periph/s00_couplers/auto_ds/inst/gen_downsizer.gen_simple_downsizer.axi_downsizer_inst/USE_WRITE.write_addr_inst/USE_B_CHANNEL.cmd_b_queue/inst/fifo_gen_inst/inst_fifo_gen/gconvfifo.rf/grf.rf/rstblk/sckt_wr_rst_cc[0]
    SLICE_X55Y196        LUT3 (Prop_E6LUT_SLICEL_I1_O)
                                                      0.035     0.906 f  system_i/ps8_0_axi_periph/s00_couplers/auto_ds/inst/gen_downsizer.gen_simple_downsizer.axi_downsizer_inst/USE_WRITE.write_addr_inst/USE_B_CHANNEL.cmd_b_queue/inst/fifo_gen_inst/inst_fifo_gen/gconvfifo.rf/grf.rf/rstblk/gc0.count_d1[4]_i_2/O
                         net (fo=32, routed)          0.093     0.999    system_i/ps8_0_axi_periph/s00_couplers/auto_ds/inst/gen_downsizer.gen_simple_downsizer.axi_downsizer_inst/USE_WRITE.write_addr_inst/USE_B_CHANNEL.cmd_b_queue/inst/fifo_gen_inst/inst_fifo_gen/gconvfifo.rf/grf.rf/gntv_or_sync_fifo.gl0.rd/gr1.gr1_int.rfwft/gpregsm1.user_valid_reg_0
    SLICE_X55Y196        FDPE                                         f  system_i/ps8_0_axi_periph/s00_couplers/auto_ds/inst/gen_downsizer.gen_simple_downsizer.axi_downsizer_inst/USE_WRITE.write_addr_inst/USE_B_CHANNEL.cmd_b_queue/inst/fifo_gen_inst/inst_fifo_gen/gconvfifo.rf/grf.rf/gntv_or_sync_fifo.gl0.rd/gr1.gr1_int.rfwft/aempty_fwft_fb_i_reg/PRE
  -------------------------------------------------------------------    -------------------

                         (clock clk_pl_0 rise edge)
                                                      0.000     0.000 r  
    PS8_X0Y0             PS8                          0.000     0.000 r  system_i/zynq_ultra_ps_e_0/inst/PS8_i/PLCLK[0]
                         net (fo=1, routed)           0.154     0.154    system_i/zynq_ultra_ps_e_0/inst/pl_clk_unbuffered[0]
    BUFG_PS_X0Y73        BUFG_PS (Prop_BUFG_PS_I_O)
                                                      0.018     0.172 r  system_i/zynq_ultra_ps_e_0/inst/buffer_pl_clk_0.PL_CLK_0_BUFG/O
    X1Y3 (CLOCK_ROOT)    net (fo=2075, routed)        0.752     0.924    system_i/ps8_0_axi_periph/s00_couplers/auto_ds/inst/gen_downsizer.gen_simple_downsizer.axi_downsizer_inst/USE_WRITE.write_addr_inst/USE_B_CHANNEL.cmd_b_queue/inst/fifo_gen_inst/inst_fifo_gen/gconvfifo.rf/grf.rf/gntv_or_sync_fifo.gl0.rd/gr1.gr1_int.rfwft/clk
    SLICE_X55Y196        FDPE                                         r  system_i/ps8_0_axi_periph/s00_couplers/auto_ds/inst/gen_downsizer.gen_simple_downsizer.axi_downsizer_inst/USE_WRITE.write_addr_inst/USE_B_CHANNEL.cmd_b_queue/inst/fifo_gen_inst/inst_fifo_gen/gconvfifo.rf/grf.rf/gntv_or_sync_fifo.gl0.rd/gr1.gr1_int.rfwft/aempty_fwft_fb_i_reg/C
                         clock pessimism             -0.112     0.812    
    SLICE_X55Y196        FDPE (Remov_AFF_SLICEL_C_PRE)
                                                     -0.020     0.792    system_i/ps8_0_axi_periph/s00_couplers/auto_ds/inst/gen_downsizer.gen_simple_downsizer.axi_downsizer_inst/USE_WRITE.write_addr_inst/USE_B_CHANNEL.cmd_b_queue/inst/fifo_gen_inst/inst_fifo_gen/gconvfifo.rf/grf.rf/gntv_or_sync_fifo.gl0.rd/gr1.gr1_int.rfwft/aempty_fwft_fb_i_reg
  -------------------------------------------------------------------
                         required time                         -0.792    
                         arrival time                           0.999    
  -------------------------------------------------------------------
                         slack                                  0.207    





