Copyright 1986-2022 Xilinx, Inc. All Rights Reserved. Copyright 2022-2024 Advanced Micro Devices, Inc. All Rights Reserved.
---------------------------------------------------------------------------------------------------------------------------------------------
| Tool Version : Vivado v.2024.2 (lin64) Build 5239630 Fri Nov 08 22:34:34 MST 2024
| Date         : Mon Feb  3 07:36:59 2025
| Host         : WD850X2TB running 64-bit Ubuntu 22.04.5 LTS
| Command      : report_utilization -file ./results/utilization.rpt
| Design       : axau15_top
| Device       : xcau15p-ffvb676-2-i
| Speed File   : -2
| Design State : Routed
---------------------------------------------------------------------------------------------------------------------------------------------

Utilization Design Information

Table of Contents
-----------------
1. CLB Logic
1.1 Summary of Registers by Type
2. CLB Logic Distribution
3. BLOCKRAM
4. ARITHMETIC
5. I/O
6. CLOCK
7. ADVANCED
8. CONFIGURATION
9. Primitives
10. Black Boxes
11. Instantiated Netlists

1. CLB Logic
------------

+----------------------------+--------+-------+------------+-----------+-------+
|          Site Type         |  Used  | Fixed | Prohibited | Available | Util% |
+----------------------------+--------+-------+------------+-----------+-------+
| CLB LUTs                   |  75305 |     0 |          0 |     77760 | 96.84 |
|   LUT as Logic             |  62997 |     0 |          0 |     77760 | 81.01 |
|   LUT as Memory            |  12308 |     0 |          0 |     40320 | 30.53 |
|     LUT as Distributed RAM |     20 |     0 |            |           |       |
|     LUT as Shift Register  |  12288 |     0 |            |           |       |
| CLB Registers              | 101525 |     0 |          0 |    155520 | 65.28 |
|   Register as Flip Flop    | 101525 |     0 |          0 |    155520 | 65.28 |
|   Register as Latch        |      0 |     0 |          0 |    155520 |  0.00 |
| CARRY8                     |      7 |     0 |          0 |      9720 |  0.07 |
| F7 Muxes                   |      0 |     0 |          0 |     38880 |  0.00 |
| F8 Muxes                   |      0 |     0 |          0 |     19440 |  0.00 |
| F9 Muxes                   |      0 |     0 |          0 |      9720 |  0.00 |
+----------------------------+--------+-------+------------+-----------+-------+
* Warning! LUT value is adjusted to account for LUT combining.


1.1 Summary of Registers by Type
--------------------------------

+--------+--------------+-------------+--------------+
|  Total | Clock Enable | Synchronous | Asynchronous |
+--------+--------------+-------------+--------------+
| 0      |            _ |           - |            - |
| 0      |            _ |           - |          Set |
| 0      |            _ |           - |        Reset |
| 0      |            _ |         Set |            - |
| 0      |            _ |       Reset |            - |
| 0      |          Yes |           - |            - |
| 41     |          Yes |           - |          Set |
| 184    |          Yes |           - |        Reset |
| 47     |          Yes |         Set |            - |
| 101253 |          Yes |       Reset |            - |
+--------+--------------+-------------+--------------+


2. CLB Logic Distribution
-------------------------

+--------------------------------------------+--------+-------+------------+-----------+-------+
|                  Site Type                 |  Used  | Fixed | Prohibited | Available | Util% |
+--------------------------------------------+--------+-------+------------+-----------+-------+
| CLB                                        |   9711 |     0 |          0 |      9720 | 99.91 |
|   CLBL                                     |   4672 |     0 |            |           |       |
|   CLBM                                     |   5039 |     0 |            |           |       |
| LUT as Logic                               |  62997 |     0 |          0 |     77760 | 81.01 |
|   using O5 output only                     |     58 |       |            |           |       |
|   using O6 output only                     |  62719 |       |            |           |       |
|   using O5 and O6                          |    220 |       |            |           |       |
| LUT as Memory                              |  12308 |     0 |          0 |     40320 | 30.53 |
|   LUT as Distributed RAM                   |     20 |     0 |            |           |       |
|     using O5 output only                   |      0 |       |            |           |       |
|     using O6 output only                   |      0 |       |            |           |       |
|     using O5 and O6                        |     20 |       |            |           |       |
|   LUT as Shift Register                    |  12288 |     0 |            |           |       |
|     using O5 output only                   |      0 |       |            |           |       |
|     using O6 output only                   |  12288 |       |            |           |       |
|     using O5 and O6                        |      0 |       |            |           |       |
| CLB Registers                              | 101525 |     0 |          0 |    155520 | 65.28 |
|   Register driven from within the CLB      |  69972 |       |            |           |       |
|   Register driven from outside the CLB     |  31553 |       |            |           |       |
|     LUT in front of the register is unused |   2804 |       |            |           |       |
|     LUT in front of the register is used   |  28749 |       |            |           |       |
| Unique Control Sets                        |    114 |       |          0 |     19440 |  0.59 |
+--------------------------------------------+--------+-------+------------+-----------+-------+
* * Note: Available Control Sets calculated as Slices * 2, Review the Control Sets Report for more information regarding control sets.


3. BLOCKRAM
-----------

+-------------------+------+-------+------------+-----------+-------+
|     Site Type     | Used | Fixed | Prohibited | Available | Util% |
+-------------------+------+-------+------------+-----------+-------+
| Block RAM Tile    |  128 |     0 |          0 |       144 | 88.89 |
|   RAMB36/FIFO*    |  128 |     0 |          0 |       144 | 88.89 |
|     RAMB36E2 only |  128 |       |            |           |       |
|   RAMB18          |    0 |     0 |          0 |       288 |  0.00 |
+-------------------+------+-------+------------+-----------+-------+
* Note: Each Block RAM Tile only has one FIFO logic available and therefore can accommodate only one FIFO36E2 or one FIFO18E2. However, if a FIFO18E2 occupies a Block RAM Tile, that tile can still accommodate a RAMB18E2


4. ARITHMETIC
-------------

+----------------+------+-------+------------+-----------+-------+
|    Site Type   | Used | Fixed | Prohibited | Available | Util% |
+----------------+------+-------+------------+-----------+-------+
| DSPs           |  384 |     0 |          0 |       576 | 66.67 |
|   DSP48E2 only |  384 |       |            |           |       |
+----------------+------+-------+------------+-----------+-------+


5. I/O
------

+------------------+------+-------+------------+-----------+-------+
|     Site Type    | Used | Fixed | Prohibited | Available | Util% |
+------------------+------+-------+------------+-----------+-------+
| Bonded IOB       |    4 |     4 |          0 |       228 |  1.75 |
| HPIOB_M          |    1 |     1 |          0 |        72 |  1.39 |
|   INPUT          |    1 |       |            |           |       |
|   OUTPUT         |    0 |       |            |           |       |
|   BIDIR          |    0 |       |            |           |       |
| HPIOB_S          |    1 |     1 |          0 |        72 |  1.39 |
|   INPUT          |    1 |       |            |           |       |
|   OUTPUT         |    0 |       |            |           |       |
|   BIDIR          |    0 |       |            |           |       |
| HDIOB_M          |    0 |     0 |          0 |        36 |  0.00 |
| HDIOB_S          |    0 |     0 |          0 |        36 |  0.00 |
| HPIOB_SNGL       |    2 |     2 |          0 |        12 | 16.67 |
|   INPUT          |    0 |       |            |           |       |
|   OUTPUT         |    2 |       |            |           |       |
|   BIDIR          |    0 |       |            |           |       |
| HPIOBDIFFINBUF   |    1 |     1 |          0 |        72 |  1.39 |
|   DIFFINBUF      |    1 |     1 |            |           |       |
| HPIOBDIFFOUTBUF  |    0 |     0 |          0 |        72 |  0.00 |
| HDIOBDIFFINBUF   |    0 |     0 |          0 |        36 |  0.00 |
| BITSLICE_CONTROL |    0 |     0 |          0 |        24 |  0.00 |
| BITSLICE_RX_TX   |    0 |     0 |          0 |       936 |  0.00 |
| BITSLICE_TX      |    0 |     0 |          0 |        24 |  0.00 |
| RIU_OR           |    0 |     0 |          0 |        12 |  0.00 |
+------------------+------+-------+------------+-----------+-------+


6. CLOCK
--------

+------------+------+-------+------------+-----------+-------+
|  Site Type | Used | Fixed | Prohibited | Available | Util% |
+------------+------+-------+------------+-----------+-------+
| BUFGCE     |    4 |     0 |          0 |        84 |  4.76 |
| BUFGCE_DIV |    0 |     0 |          0 |        12 |  0.00 |
| BUFG_GT    |    0 |     0 |          0 |        72 |  0.00 |
| BUFGCTRL*  |    0 |     0 |          0 |        24 |  0.00 |
| PLL        |    0 |     0 |          0 |         6 |  0.00 |
| MMCM       |    1 |     0 |          0 |         3 | 33.33 |
+------------+------+-------+------------+-----------+-------+
* Note: Each used BUFGCTRL counts as two GLOBAL CLOCK BUFFERs. This table does not include global clocking resources, only buffer cell usage. See the Clock Utilization Report (report_clock_utilization) for detailed accounting of global clocking resource availability.


7. ADVANCED
-----------

+-----------------+------+-------+------------+-----------+-------+
|    Site Type    | Used | Fixed | Prohibited | Available | Util% |
+-----------------+------+-------+------------+-----------+-------+
| GTHE4_CHANNEL   |    0 |     0 |          0 |        12 |  0.00 |
| GTHE4_COMMON    |    0 |     0 |          0 |         3 |  0.00 |
| OBUFDS_GTE4     |    0 |     0 |          0 |         6 |  0.00 |
| OBUFDS_GTE4_ADV |    0 |     0 |          0 |         6 |  0.00 |
| PCIE4CE4        |    0 |     0 |          0 |         1 |  0.00 |
| SYSMONE4        |    0 |     0 |          0 |         1 |  0.00 |
+-----------------+------+-------+------------+-----------+-------+


8. CONFIGURATION
----------------

+-------------+------+-------+------------+-----------+-------+
|  Site Type  | Used | Fixed | Prohibited | Available | Util% |
+-------------+------+-------+------------+-----------+-------+
| BSCANE2     |    1 |     0 |          0 |         4 | 25.00 |
| DNA_PORTE2  |    0 |     0 |          0 |         1 |  0.00 |
| EFUSE_USR   |    0 |     0 |          0 |         1 |  0.00 |
| FRAME_ECCE4 |    0 |     0 |          0 |         1 |  0.00 |
| ICAPE3      |    0 |     0 |          0 |         2 |  0.00 |
| MASTER_JTAG |    0 |     0 |          0 |         1 |  0.00 |
| STARTUPE3   |    0 |     0 |          0 |         1 |  0.00 |
+-------------+------+-------+------------+-----------+-------+


9. Primitives
-------------

+------------+--------+---------------------+
|  Ref Name  |  Used  | Functional Category |
+------------+--------+---------------------+
| FDRE       | 101253 |            Register |
| LUT1       |  60598 |                 CLB |
| SRLC32E    |  12288 |                 CLB |
| LUT6       |    803 |                 CLB |
| LUT2       |    554 |                 CLB |
| LUT3       |    485 |                 CLB |
| LUT4       |    415 |                 CLB |
| DSP48E2    |    384 |          Arithmetic |
| LUT5       |    362 |                 CLB |
| FDCE       |    184 |            Register |
| RAMB36E2   |    128 |            BLOCKRAM |
| FDSE       |     47 |            Register |
| FDPE       |     41 |            Register |
| RAMD32     |     36 |                 CLB |
| CARRY8     |      7 |                 CLB |
| RAMS32     |      4 |                 CLB |
| BUFGCE     |      4 |               Clock |
| OBUF       |      2 |                 I/O |
| MMCME4_ADV |      1 |               Clock |
| IBUFCTRL   |      1 |              Others |
| DIFFINBUF  |      1 |                 I/O |
| BSCANE2    |      1 |       Configuration |
+------------+--------+---------------------+


10. Black Boxes
---------------

+----------+------+
| Ref Name | Used |
+----------+------+


11. Instantiated Netlists
-------------------------

+------------------+------+
|     Ref Name     | Used |
+------------------+------+
| dsp_nop          |  384 |
| srl32            |  192 |
| sp_bram          |  128 |
| dbg_hub          |    1 |
| axau15_clock_wiz |    1 |
| artix_vio        |    1 |
+------------------+------+


