Copyright 1986-2019 Xilinx, Inc. All Rights Reserved.
-------------------------------------------------------------------------------------
| Tool Version : Vivado v.2019.1 (lin64) Build 2552052 Fri May 24 14:47:09 MDT 2019
| Date         : Thu Nov 14 09:16:15 2019
| Host         : pedro-mini-itx running 64-bit Ubuntu 18.04.3 LTS
| Command      : report_timing_summary -file ./results/post_route_timing_summary.rpt
| Design       : top
| Device       : 7z020-clg400
| Speed File   : -1  PRODUCTION 1.11 2014-09-11
-------------------------------------------------------------------------------------

Timing Summary Report

------------------------------------------------------------------------------------------------
| Timer Settings
| --------------
------------------------------------------------------------------------------------------------

  Enable Multi Corner Analysis               :  Yes
  Enable Pessimism Removal                   :  Yes
  Pessimism Removal Resolution               :  Nearest Common Node
  Enable Input Delay Default Clock           :  No
  Enable Preset / Clear Arcs                 :  No
  Disable Flight Delays                      :  No
  Ignore I/O Paths                           :  No
  Timing Early Launch at Borrowing Latches   :  No
  Borrow Time for Max Delay Exceptions       :  Yes

  Corner  Analyze    Analyze    
  Name    Max Paths  Min Paths  
  ------  ---------  ---------  
  Slow    Yes        Yes        
  Fast    Yes        Yes        



check_timing report

Table of Contents
-----------------
1. checking no_clock
2. checking constant_clock
3. checking pulse_width_clock
4. checking unconstrained_internal_endpoints
5. checking no_input_delay
6. checking no_output_delay
7. checking multiple_clock
8. checking generated_clocks
9. checking loops
10. checking partial_input_delay
11. checking partial_output_delay
12. checking latch_loops

1. checking no_clock
--------------------
 There are 0 register/latch pins with no clock.


2. checking constant_clock
--------------------------
 There are 0 register/latch pins with constant_clock.


3. checking pulse_width_clock
-----------------------------
 There are 0 register/latch pins which need pulse_width check


4. checking unconstrained_internal_endpoints
--------------------------------------------
 There are 0 pins that are not constrained for maximum delay.

 There are 0 pins that are not constrained for maximum delay due to constant clock.


5. checking no_input_delay
--------------------------
 There are 0 input ports with no input delay specified.

 There are 0 input ports with no input delay but user has a false path constraint.


6. checking no_output_delay
---------------------------
 There are 0 ports with no output delay specified.

 There are 0 ports with no output delay but user has a false path constraint

 There are 0 ports with no output delay but with a timing clock defined on it or propagating through it


7. checking multiple_clock
--------------------------
 There are 0 register/latch pins with multiple clocks.


8. checking generated_clocks
----------------------------
 There are 0 generated clocks that are not connected to a clock source.


9. checking loops
-----------------
 There are 0 combinational loops in the design.


10. checking partial_input_delay
--------------------------------
 There are 0 input ports with partial input delay specified.


11. checking partial_output_delay
---------------------------------
 There are 0 ports with partial output delay specified.


12. checking latch_loops
------------------------
 There are 0 combinational latch loops in the design through latch input



------------------------------------------------------------------------------------------------
| Design Timing Summary
| ---------------------
------------------------------------------------------------------------------------------------

    WNS(ns)      TNS(ns)  TNS Failing Endpoints  TNS Total Endpoints      WHS(ns)      THS(ns)  THS Failing Endpoints  THS Total Endpoints     WPWS(ns)     TPWS(ns)  TPWS Failing Endpoints  TPWS Total Endpoints  
    -------      -------  ---------------------  -------------------      -------      -------  ---------------------  -------------------     --------     --------  ----------------------  --------------------  
      1.022        0.000                      0               106553        0.010        0.000                      0               106553        1.520        0.000                       0                 91700  


All user specified timing constraints are met.


------------------------------------------------------------------------------------------------
| Clock Summary
| -------------
------------------------------------------------------------------------------------------------

Clock                         Waveform(ns)         Period(ns)      Frequency(MHz)
-----                         ------------         ----------      --------------
clk_fpga_0                    {0.000 5.000}        10.000          100.000         
instance_name/inst/clk_in100  {0.000 5.000}        10.000          100.000         
  clk_out200_clk_wiz_0        {0.000 2.500}        5.000           200.000         
  clkfbout_clk_wiz_0          {0.000 5.000}        10.000          100.000         


------------------------------------------------------------------------------------------------
| Intra Clock Table
| -----------------
------------------------------------------------------------------------------------------------

Clock                             WNS(ns)      TNS(ns)  TNS Failing Endpoints  TNS Total Endpoints      WHS(ns)      THS(ns)  THS Failing Endpoints  THS Total Endpoints     WPWS(ns)     TPWS(ns)  TPWS Failing Endpoints  TPWS Total Endpoints  
-----                             -------      -------  ---------------------  -------------------      -------      -------  ---------------------  -------------------     --------     --------  ----------------------  --------------------  
clk_fpga_0                          3.329        0.000                      0                 2521        0.058        0.000                      0                 2521        4.020        0.000                       0                  1294  
instance_name/inst/clk_in100                                                                                                                                                    3.000        0.000                       0                     1  
  clk_out200_clk_wiz_0              1.276        0.000                      0               104000        0.010        0.000                      0               104000        1.520        0.000                       0                 90402  
  clkfbout_clk_wiz_0                                                                                                                                                            7.845        0.000                       0                     3  


------------------------------------------------------------------------------------------------
| Inter Clock Table
| -----------------
------------------------------------------------------------------------------------------------

From Clock            To Clock                  WNS(ns)      TNS(ns)  TNS Failing Endpoints  TNS Total Endpoints      WHS(ns)      THS(ns)  THS Failing Endpoints  THS Total Endpoints  
----------            --------                  -------      -------  ---------------------  -------------------      -------      -------  ---------------------  -------------------  
clk_fpga_0            clk_out200_clk_wiz_0        1.022        0.000                      0                   32        0.044        0.000                      0                   32  


------------------------------------------------------------------------------------------------
| Other Path Groups Table
| -----------------------
------------------------------------------------------------------------------------------------

Path Group    From Clock    To Clock          WNS(ns)      TNS(ns)  TNS Failing Endpoints  TNS Total Endpoints      WHS(ns)      THS(ns)  THS Failing Endpoints  THS Total Endpoints  
----------    ----------    --------          -------      -------  ---------------------  -------------------      -------      -------  ---------------------  -------------------  


------------------------------------------------------------------------------------------------
| Timing Details
| --------------
------------------------------------------------------------------------------------------------


---------------------------------------------------------------------------------------------------
From Clock:  clk_fpga_0
  To Clock:  clk_fpga_0

Setup :            0  Failing Endpoints,  Worst Slack        3.329ns,  Total Violation        0.000ns
Hold  :            0  Failing Endpoints,  Worst Slack        0.058ns,  Total Violation        0.000ns
PW    :            0  Failing Endpoints,  Worst Slack        4.020ns,  Total Violation        0.000ns
---------------------------------------------------------------------------------------------------


Max Delay Paths
--------------------------------------------------------------------------------------
Slack (MET) :             3.329ns  (required time - arrival time)
  Source:                 system_i/ps7_0_axi_periph/s00_couplers/auto_pc/inst/gen_axilite.gen_b2s_conv.axilite_b2s/WR.b_channel_0/bid_fifo_0/cnt_read_reg[1]/C
                            (rising edge-triggered cell FDSE clocked by clk_fpga_0  {rise@0.000ns fall@5.000ns period=10.000ns})
  Destination:            system_i/ps7_0_axi_periph/s00_couplers/auto_pc/inst/gen_axilite.gen_b2s_conv.axilite_b2s/WR.aw_channel_0/cmd_translator_0/incr_cmd_0/axaddr_incr_reg[7]/D
                            (rising edge-triggered cell FDRE clocked by clk_fpga_0  {rise@0.000ns fall@5.000ns period=10.000ns})
  Path Group:             clk_fpga_0
  Path Type:              Setup (Max at Slow Process Corner)
  Requirement:            10.000ns  (clk_fpga_0 rise@10.000ns - clk_fpga_0 rise@0.000ns)
  Data Path Delay:        6.239ns  (logic 2.619ns (41.975%)  route 3.620ns (58.025%))
  Logic Levels:           6  (CARRY4=2 LUT2=1 LUT3=1 LUT4=1 LUT5=1)
  Clock Path Skew:        -0.352ns (DCD - SCD + CPR)
    Destination Clock Delay (DCD):    2.705ns = ( 12.705 - 10.000 ) 
    Source Clock Delay      (SCD):    3.186ns
    Clock Pessimism Removal (CPR):    0.129ns
  Clock Uncertainty:      0.154ns  ((TSJ^2 + TIJ^2)^1/2 + DJ) / 2 + PE
    Total System Jitter     (TSJ):    0.071ns
    Total Input Jitter      (TIJ):    0.300ns
    Discrete Jitter          (DJ):    0.000ns
    Phase Error              (PE):    0.000ns

    Location             Delay type                Incr(ns)  Path(ns)    Netlist Resource(s)
  -------------------------------------------------------------------    -------------------
                         (clock clk_fpga_0 rise edge)
                                                      0.000     0.000 r  
    PS7_X0Y0             PS7                          0.000     0.000 r  system_i/processing_system7_0/inst/PS7_i/FCLKCLK[0]
                         net (fo=1, routed)           1.193     1.193    system_i/processing_system7_0/inst/FCLK_CLK_unbuffered[0]
    BUFGCTRL_X0Y18       BUFG (Prop_bufg_I_O)         0.101     1.294 r  system_i/processing_system7_0/inst/buffer_fclk_clk_0.FCLK_CLK_0_BUFG/O
                         net (fo=1295, routed)        1.892     3.186    system_i/ps7_0_axi_periph/s00_couplers/auto_pc/inst/gen_axilite.gen_b2s_conv.axilite_b2s/WR.b_channel_0/bid_fifo_0/aclk
    SLICE_X31Y100        FDSE                                         r  system_i/ps7_0_axi_periph/s00_couplers/auto_pc/inst/gen_axilite.gen_b2s_conv.axilite_b2s/WR.b_channel_0/bid_fifo_0/cnt_read_reg[1]/C
  -------------------------------------------------------------------    -------------------
    SLICE_X31Y100        FDSE (Prop_fdse_C_Q)         0.419     3.605 f  system_i/ps7_0_axi_periph/s00_couplers/auto_pc/inst/gen_axilite.gen_b2s_conv.axilite_b2s/WR.b_channel_0/bid_fifo_0/cnt_read_reg[1]/Q
                         net (fo=21, routed)          0.928     4.533    system_i/ps7_0_axi_periph/s00_couplers/auto_pc/inst/gen_axilite.gen_b2s_conv.axilite_b2s/WR.b_channel_0/bid_fifo_0/addr[1]
    SLICE_X33Y100        LUT2 (Prop_lut2_I0_O)        0.325     4.858 f  system_i/ps7_0_axi_periph/s00_couplers/auto_pc/inst/gen_axilite.gen_b2s_conv.axilite_b2s/WR.b_channel_0/bid_fifo_0/memory_reg[3][0]_srl4_i_2/O
                         net (fo=3, routed)           1.063     5.921    system_i/ps7_0_axi_periph/s00_couplers/auto_pc/inst/gen_axilite.gen_b2s_conv.axilite_b2s/WR.aw_channel_0/aw_cmd_fsm_0/state_reg[0]_1
    SLICE_X29Y99         LUT5 (Prop_lut5_I4_O)        0.354     6.275 r  system_i/ps7_0_axi_periph/s00_couplers/auto_pc/inst/gen_axilite.gen_b2s_conv.axilite_b2s/WR.aw_channel_0/aw_cmd_fsm_0/next_pending_r_i_4__0/O
                         net (fo=23, routed)          0.912     7.188    system_i/ps7_0_axi_periph/s00_couplers/auto_pc/inst/gen_axilite.gen_b2s_conv.axilite_b2s/WR.aw_channel_0/cmd_translator_0/incr_cmd_0/next
    SLICE_X31Y96         LUT4 (Prop_lut4_I1_O)        0.326     7.514 r  system_i/ps7_0_axi_periph/s00_couplers/auto_pc/inst/gen_axilite.gen_b2s_conv.axilite_b2s/WR.aw_channel_0/cmd_translator_0/incr_cmd_0/axaddr_incr[3]_i_9/O
                         net (fo=1, routed)           0.000     7.514    system_i/ps7_0_axi_periph/s00_couplers/auto_pc/inst/gen_axilite.gen_b2s_conv.axilite_b2s/SI_REG/aw.aw_pipe/axaddr_incr_reg[3][1]
    SLICE_X31Y96         CARRY4 (Prop_carry4_S[1]_CO[3])
                                                      0.550     8.064 r  system_i/ps7_0_axi_periph/s00_couplers/auto_pc/inst/gen_axilite.gen_b2s_conv.axilite_b2s/SI_REG/aw.aw_pipe/axaddr_incr_reg[3]_i_2/CO[3]
                         net (fo=1, routed)           0.000     8.064    system_i/ps7_0_axi_periph/s00_couplers/auto_pc/inst/gen_axilite.gen_b2s_conv.axilite_b2s/SI_REG/aw.aw_pipe/axaddr_incr_reg[3]_i_2_n_0
    SLICE_X31Y97         CARRY4 (Prop_carry4_CI_O[3])
                                                      0.313     8.377 r  system_i/ps7_0_axi_periph/s00_couplers/auto_pc/inst/gen_axilite.gen_b2s_conv.axilite_b2s/SI_REG/aw.aw_pipe/axaddr_incr_reg[7]_i_2/O[3]
                         net (fo=1, routed)           0.717     9.093    system_i/ps7_0_axi_periph/s00_couplers/auto_pc/inst/gen_axilite.gen_b2s_conv.axilite_b2s/WR.aw_channel_0/cmd_translator_0/incr_cmd_0/axaddr_incr[7]
    SLICE_X29Y97         LUT3 (Prop_lut3_I0_O)        0.332     9.425 r  system_i/ps7_0_axi_periph/s00_couplers/auto_pc/inst/gen_axilite.gen_b2s_conv.axilite_b2s/WR.aw_channel_0/cmd_translator_0/incr_cmd_0/axaddr_incr[7]_i_1/O
                         net (fo=1, routed)           0.000     9.425    system_i/ps7_0_axi_periph/s00_couplers/auto_pc/inst/gen_axilite.gen_b2s_conv.axilite_b2s/WR.aw_channel_0/cmd_translator_0/incr_cmd_0/p_1_in[7]
    SLICE_X29Y97         FDRE                                         r  system_i/ps7_0_axi_periph/s00_couplers/auto_pc/inst/gen_axilite.gen_b2s_conv.axilite_b2s/WR.aw_channel_0/cmd_translator_0/incr_cmd_0/axaddr_incr_reg[7]/D
  -------------------------------------------------------------------    -------------------

                         (clock clk_fpga_0 rise edge)
                                                     10.000    10.000 r  
    PS7_X0Y0             PS7                          0.000    10.000 r  system_i/processing_system7_0/inst/PS7_i/FCLKCLK[0]
                         net (fo=1, routed)           1.088    11.088    system_i/processing_system7_0/inst/FCLK_CLK_unbuffered[0]
    BUFGCTRL_X0Y18       BUFG (Prop_bufg_I_O)         0.091    11.179 r  system_i/processing_system7_0/inst/buffer_fclk_clk_0.FCLK_CLK_0_BUFG/O
                         net (fo=1295, routed)        1.526    12.705    system_i/ps7_0_axi_periph/s00_couplers/auto_pc/inst/gen_axilite.gen_b2s_conv.axilite_b2s/WR.aw_channel_0/cmd_translator_0/incr_cmd_0/aclk
    SLICE_X29Y97         FDRE                                         r  system_i/ps7_0_axi_periph/s00_couplers/auto_pc/inst/gen_axilite.gen_b2s_conv.axilite_b2s/WR.aw_channel_0/cmd_translator_0/incr_cmd_0/axaddr_incr_reg[7]/C
                         clock pessimism              0.129    12.834    
                         clock uncertainty           -0.154    12.680    
    SLICE_X29Y97         FDRE (Setup_fdre_C_D)        0.075    12.755    system_i/ps7_0_axi_periph/s00_couplers/auto_pc/inst/gen_axilite.gen_b2s_conv.axilite_b2s/WR.aw_channel_0/cmd_translator_0/incr_cmd_0/axaddr_incr_reg[7]
  -------------------------------------------------------------------
                         required time                         12.755    
                         arrival time                          -9.425    
  -------------------------------------------------------------------
                         slack                                  3.329    





Min Delay Paths
--------------------------------------------------------------------------------------
Slack (MET) :             0.058ns  (arrival time - required time)
  Source:                 system_i/axi_gpio_0/U0/ip2bus_data_i_D1_reg[13]/C
                            (rising edge-triggered cell FDRE clocked by clk_fpga_0  {rise@0.000ns fall@5.000ns period=10.000ns})
  Destination:            system_i/axi_gpio_0/U0/AXI_LITE_IPIF_I/I_SLAVE_ATTACHMENT/s_axi_rdata_i_reg[18]/D
                            (rising edge-triggered cell FDRE clocked by clk_fpga_0  {rise@0.000ns fall@5.000ns period=10.000ns})
  Path Group:             clk_fpga_0
  Path Type:              Hold (Min at Fast Process Corner)
  Requirement:            0.000ns  (clk_fpga_0 rise@0.000ns - clk_fpga_0 rise@0.000ns)
  Data Path Delay:        0.314ns  (logic 0.141ns (44.852%)  route 0.173ns (55.148%))
  Logic Levels:           0  
  Clock Path Skew:        0.181ns (DCD - SCD - CPR)
    Destination Clock Delay (DCD):    1.191ns
    Source Clock Delay      (SCD):    0.975ns
    Clock Pessimism Removal (CPR):    0.035ns

    Location             Delay type                Incr(ns)  Path(ns)    Netlist Resource(s)
  -------------------------------------------------------------------    -------------------
                         (clock clk_fpga_0 rise edge)
                                                      0.000     0.000 r  
    PS7_X0Y0             PS7                          0.000     0.000 r  system_i/processing_system7_0/inst/PS7_i/FCLKCLK[0]
                         net (fo=1, routed)           0.310     0.310    system_i/processing_system7_0/inst/FCLK_CLK_unbuffered[0]
    BUFGCTRL_X0Y18       BUFG (Prop_bufg_I_O)         0.026     0.336 r  system_i/processing_system7_0/inst/buffer_fclk_clk_0.FCLK_CLK_0_BUFG/O
                         net (fo=1295, routed)        0.639     0.975    system_i/axi_gpio_0/U0/s_axi_aclk
    SLICE_X43Y100        FDRE                                         r  system_i/axi_gpio_0/U0/ip2bus_data_i_D1_reg[13]/C
  -------------------------------------------------------------------    -------------------
    SLICE_X43Y100        FDRE (Prop_fdre_C_Q)         0.141     1.116 r  system_i/axi_gpio_0/U0/ip2bus_data_i_D1_reg[13]/Q
                         net (fo=1, routed)           0.173     1.289    system_i/axi_gpio_0/U0/AXI_LITE_IPIF_I/I_SLAVE_ATTACHMENT/Q[18]
    SLICE_X43Y99         FDRE                                         r  system_i/axi_gpio_0/U0/AXI_LITE_IPIF_I/I_SLAVE_ATTACHMENT/s_axi_rdata_i_reg[18]/D
  -------------------------------------------------------------------    -------------------

                         (clock clk_fpga_0 rise edge)
                                                      0.000     0.000 r  
    PS7_X0Y0             PS7                          0.000     0.000 r  system_i/processing_system7_0/inst/PS7_i/FCLKCLK[0]
                         net (fo=1, routed)           0.337     0.337    system_i/processing_system7_0/inst/FCLK_CLK_unbuffered[0]
    BUFGCTRL_X0Y18       BUFG (Prop_bufg_I_O)         0.029     0.366 r  system_i/processing_system7_0/inst/buffer_fclk_clk_0.FCLK_CLK_0_BUFG/O
                         net (fo=1295, routed)        0.825     1.191    system_i/axi_gpio_0/U0/AXI_LITE_IPIF_I/I_SLAVE_ATTACHMENT/s_axi_aclk
    SLICE_X43Y99         FDRE                                         r  system_i/axi_gpio_0/U0/AXI_LITE_IPIF_I/I_SLAVE_ATTACHMENT/s_axi_rdata_i_reg[18]/C
                         clock pessimism             -0.035     1.156    
    SLICE_X43Y99         FDRE (Hold_fdre_C_D)         0.075     1.231    system_i/axi_gpio_0/U0/AXI_LITE_IPIF_I/I_SLAVE_ATTACHMENT/s_axi_rdata_i_reg[18]
  -------------------------------------------------------------------
                         required time                         -1.231    
                         arrival time                           1.289    
  -------------------------------------------------------------------
                         slack                                  0.058    





Pulse Width Checks
--------------------------------------------------------------------------------------
Clock Name:         clk_fpga_0
Waveform(ns):       { 0.000 5.000 }
Period(ns):         10.000
Sources:            { system_i/processing_system7_0/inst/PS7_i/FCLKCLK[0] }

Check Type        Corner  Lib Pin      Reference Pin  Required(ns)  Actual(ns)  Slack(ns)  Location        Pin
Min Period        n/a     BUFG/I       n/a            2.155         10.000      7.845      BUFGCTRL_X0Y18  system_i/processing_system7_0/inst/buffer_fclk_clk_0.FCLK_CLK_0_BUFG/I
Low Pulse Width   Fast    SRLC32E/CLK  n/a            0.980         5.000       4.020      SLICE_X34Y90    system_i/ps7_0_axi_periph/s00_couplers/auto_pc/inst/gen_axilite.gen_b2s_conv.axilite_b2s/RD.r_channel_0/rd_data_fifo_0/memory_reg[31][0]_srl32/CLK
High Pulse Width  Slow    SRLC32E/CLK  n/a            0.980         5.000       4.020      SLICE_X32Y93    system_i/ps7_0_axi_periph/s00_couplers/auto_pc/inst/gen_axilite.gen_b2s_conv.axilite_b2s/RD.r_channel_0/rd_data_fifo_0/memory_reg[31][12]_srl32/CLK



---------------------------------------------------------------------------------------------------
From Clock:  instance_name/inst/clk_in100
  To Clock:  instance_name/inst/clk_in100

Setup :           NA  Failing Endpoints,  Worst Slack           NA  ,  Total Violation           NA
Hold  :           NA  Failing Endpoints,  Worst Slack           NA  ,  Total Violation           NA
PW    :            0  Failing Endpoints,  Worst Slack        3.000ns,  Total Violation        0.000ns
---------------------------------------------------------------------------------------------------


Pulse Width Checks
--------------------------------------------------------------------------------------
Clock Name:         instance_name/inst/clk_in100
Waveform(ns):       { 0.000 5.000 }
Period(ns):         10.000
Sources:            { instance_name/inst/clk_in100 }

Check Type        Corner  Lib Pin            Reference Pin  Required(ns)  Actual(ns)  Slack(ns)  Location         Pin
Min Period        n/a     MMCME2_ADV/CLKIN1  n/a            1.249         10.000      8.751      MMCME2_ADV_X1Y2  instance_name/inst/mmcm_adv_inst/CLKIN1
Max Period        n/a     MMCME2_ADV/CLKIN1  n/a            100.000       10.000      90.000     MMCME2_ADV_X1Y2  instance_name/inst/mmcm_adv_inst/CLKIN1
Low Pulse Width   Fast    MMCME2_ADV/CLKIN1  n/a            2.000         5.000       3.000      MMCME2_ADV_X1Y2  instance_name/inst/mmcm_adv_inst/CLKIN1
High Pulse Width  Slow    MMCME2_ADV/CLKIN1  n/a            2.000         5.000       3.000      MMCME2_ADV_X1Y2  instance_name/inst/mmcm_adv_inst/CLKIN1



---------------------------------------------------------------------------------------------------
From Clock:  clk_out200_clk_wiz_0
  To Clock:  clk_out200_clk_wiz_0

Setup :            0  Failing Endpoints,  Worst Slack        1.276ns,  Total Violation        0.000ns
Hold  :            0  Failing Endpoints,  Worst Slack        0.010ns,  Total Violation        0.000ns
PW    :            0  Failing Endpoints,  Worst Slack        1.520ns,  Total Violation        0.000ns
---------------------------------------------------------------------------------------------------


Max Delay Paths
--------------------------------------------------------------------------------------
Slack (MET) :             1.276ns  (required time - arrival time)
  Source:                 gen_code_label[5].heater_inst/sp_bram_0/U0/inst_blk_mem_gen/gnbram.gnativebmg.native_blk_mem_gen/valid.cstr/ramloop[0].ram.r/prim_noinit.ram/DEVICE_7SERIES.NO_BMM_INFO.SP.SIMPLE_PRIM36.ram/CLKARDCLK
                            (rising edge-triggered cell RAMB36E1 clocked by clk_out200_clk_wiz_0  {rise@0.000ns fall@2.500ns period=5.000ns})
  Destination:            gen_code_label[5].heater_inst/sp_bram_0/U0/inst_blk_mem_gen/gnbram.gnativebmg.native_blk_mem_gen/valid.cstr/mux_a_wire.mux_reg.ce_pri.douta_i_reg[21]/D
                            (rising edge-triggered cell FDRE clocked by clk_out200_clk_wiz_0  {rise@0.000ns fall@2.500ns period=5.000ns})
  Path Group:             clk_out200_clk_wiz_0
  Path Type:              Setup (Max at Slow Process Corner)
  Requirement:            5.000ns  (clk_out200_clk_wiz_0 rise@5.000ns - clk_out200_clk_wiz_0 rise@0.000ns)
  Data Path Delay:        3.257ns  (logic 0.882ns (27.077%)  route 2.375ns (72.923%))
  Logic Levels:           0  
  Clock Path Skew:        -0.341ns (DCD - SCD + CPR)
    Destination Clock Delay (DCD):    1.489ns = ( 6.489 - 5.000 ) 
    Source Clock Delay      (SCD):    1.834ns
    Clock Pessimism Removal (CPR):    0.004ns
  Clock Uncertainty:      0.067ns  ((TSJ^2 + DJ^2)^1/2) / 2 + PE
    Total System Jitter     (TSJ):    0.071ns
    Discrete Jitter          (DJ):    0.115ns
    Phase Error              (PE):    0.000ns

    Location             Delay type                Incr(ns)  Path(ns)    Netlist Resource(s)
  -------------------------------------------------------------------    -------------------
                         (clock clk_out200_clk_wiz_0 rise edge)
                                                      0.000     0.000 r  
    BUFGCTRL_X0Y18       BUFG                         0.000     0.000 r  system_i/processing_system7_0/inst/buffer_fclk_clk_0.FCLK_CLK_0_BUFG/O
                         net (fo=1295, routed)        1.980     1.980    instance_name/inst/clk_in100
    MMCME2_ADV_X1Y2      MMCME2_ADV (Prop_mmcme2_adv_CLKIN1_CLKOUT0)
                                                     -4.287    -2.307 r  instance_name/inst/mmcm_adv_inst/CLKOUT0
                         net (fo=1, routed)           2.206    -0.101    instance_name/inst/clk_out200_clk_wiz_0
    BUFGCTRL_X0Y17       BUFG (Prop_bufg_I_O)         0.101    -0.000 r  instance_name/inst/clkout1_buf/O
                         net (fo=90400, routed)       1.834     1.834    gen_code_label[5].heater_inst/sp_bram_0/U0/inst_blk_mem_gen/gnbram.gnativebmg.native_blk_mem_gen/valid.cstr/ramloop[0].ram.r/prim_noinit.ram/clka
    RAMB36_X5Y3          RAMB36E1                                     r  gen_code_label[5].heater_inst/sp_bram_0/U0/inst_blk_mem_gen/gnbram.gnativebmg.native_blk_mem_gen/valid.cstr/ramloop[0].ram.r/prim_noinit.ram/DEVICE_7SERIES.NO_BMM_INFO.SP.SIMPLE_PRIM36.ram/CLKARDCLK
  -------------------------------------------------------------------    -------------------
    RAMB36_X5Y3          RAMB36E1 (Prop_ramb36e1_CLKARDCLK_DOADO[21])
                                                      0.882     2.716 r  gen_code_label[5].heater_inst/sp_bram_0/U0/inst_blk_mem_gen/gnbram.gnativebmg.native_blk_mem_gen/valid.cstr/ramloop[0].ram.r/prim_noinit.ram/DEVICE_7SERIES.NO_BMM_INFO.SP.SIMPLE_PRIM36.ram/DOADO[21]
                         net (fo=1, routed)           2.375     5.092    gen_code_label[5].heater_inst/sp_bram_0/U0/inst_blk_mem_gen/gnbram.gnativebmg.native_blk_mem_gen/valid.cstr/ram_douta[21]
    SLICE_X43Y15         FDRE                                         r  gen_code_label[5].heater_inst/sp_bram_0/U0/inst_blk_mem_gen/gnbram.gnativebmg.native_blk_mem_gen/valid.cstr/mux_a_wire.mux_reg.ce_pri.douta_i_reg[21]/D
  -------------------------------------------------------------------    -------------------

                         (clock clk_out200_clk_wiz_0 rise edge)
                                                      5.000     5.000 r  
    BUFGCTRL_X0Y18       BUFG                         0.000     5.000 r  system_i/processing_system7_0/inst/buffer_fclk_clk_0.FCLK_CLK_0_BUFG/O
                         net (fo=1295, routed)        1.770     6.770    instance_name/inst/clk_in100
    MMCME2_ADV_X1Y2      MMCME2_ADV (Prop_mmcme2_adv_CLKIN1_CLKOUT0)
                                                     -3.873     2.897 r  instance_name/inst/mmcm_adv_inst/CLKOUT0
                         net (fo=1, routed)           2.012     4.909    instance_name/inst/clk_out200_clk_wiz_0
    BUFGCTRL_X0Y17       BUFG (Prop_bufg_I_O)         0.091     5.000 r  instance_name/inst/clkout1_buf/O
                         net (fo=90400, routed)       1.489     6.489    gen_code_label[5].heater_inst/sp_bram_0/U0/inst_blk_mem_gen/gnbram.gnativebmg.native_blk_mem_gen/valid.cstr/clka
    SLICE_X43Y15         FDRE                                         r  gen_code_label[5].heater_inst/sp_bram_0/U0/inst_blk_mem_gen/gnbram.gnativebmg.native_blk_mem_gen/valid.cstr/mux_a_wire.mux_reg.ce_pri.douta_i_reg[21]/C
                         clock pessimism              0.004     6.493    
                         clock uncertainty           -0.067     6.426    
    SLICE_X43Y15         FDRE (Setup_fdre_C_D)       -0.058     6.368    gen_code_label[5].heater_inst/sp_bram_0/U0/inst_blk_mem_gen/gnbram.gnativebmg.native_blk_mem_gen/valid.cstr/mux_a_wire.mux_reg.ce_pri.douta_i_reg[21]
  -------------------------------------------------------------------
                         required time                          6.368    
                         arrival time                          -5.092    
  -------------------------------------------------------------------
                         slack                                  1.276    





Min Delay Paths
--------------------------------------------------------------------------------------
Slack (MET) :             0.010ns  (arrival time - required time)
  Source:                 gen_code_label[17].heater_inst/gen_srl[3].srl32_1/U0/i_synth/i_bb_inst/f1.only_clb.srl_sig_reg[63][8]/C
                            (rising edge-triggered cell FDRE clocked by clk_out200_clk_wiz_0  {rise@0.000ns fall@2.500ns period=5.000ns})
  Destination:            gen_code_label[17].heater_inst/gen_srl[4].srl32_1/U0/i_synth/i_bb_inst/f1.only_clb.srl_sig_reg[0][8]/D
                            (rising edge-triggered cell FDRE clocked by clk_out200_clk_wiz_0  {rise@0.000ns fall@2.500ns period=5.000ns})
  Path Group:             clk_out200_clk_wiz_0
  Path Type:              Hold (Min at Fast Process Corner)
  Requirement:            0.000ns  (clk_out200_clk_wiz_0 rise@0.000ns - clk_out200_clk_wiz_0 rise@0.000ns)
  Data Path Delay:        0.339ns  (logic 0.164ns (48.395%)  route 0.175ns (51.605%))
  Logic Levels:           0  
  Clock Path Skew:        0.276ns (DCD - SCD - CPR)
    Destination Clock Delay (DCD):    0.884ns
    Source Clock Delay      (SCD):    0.608ns
    Clock Pessimism Removal (CPR):    -0.000ns

    Location             Delay type                Incr(ns)  Path(ns)    Netlist Resource(s)
  -------------------------------------------------------------------    -------------------
                         (clock clk_out200_clk_wiz_0 rise edge)
                                                      0.000     0.000 r  
    BUFGCTRL_X0Y18       BUFG                         0.000     0.000 r  system_i/processing_system7_0/inst/buffer_fclk_clk_0.FCLK_CLK_0_BUFG/O
                         net (fo=1295, routed)        0.672     0.672    instance_name/inst/clk_in100
    MMCME2_ADV_X1Y2      MMCME2_ADV (Prop_mmcme2_adv_CLKIN1_CLKOUT0)
                                                     -1.395    -0.722 r  instance_name/inst/mmcm_adv_inst/CLKOUT0
                         net (fo=1, routed)           0.696    -0.026    instance_name/inst/clk_out200_clk_wiz_0
    BUFGCTRL_X0Y17       BUFG (Prop_bufg_I_O)         0.026    -0.000 r  instance_name/inst/clkout1_buf/O
                         net (fo=90400, routed)       0.608     0.608    gen_code_label[17].heater_inst/gen_srl[3].srl32_1/U0/i_synth/i_bb_inst/clk
    SLICE_X96Y50         FDRE                                         r  gen_code_label[17].heater_inst/gen_srl[3].srl32_1/U0/i_synth/i_bb_inst/f1.only_clb.srl_sig_reg[63][8]/C
  -------------------------------------------------------------------    -------------------
    SLICE_X96Y50         FDRE (Prop_fdre_C_Q)         0.164     0.772 r  gen_code_label[17].heater_inst/gen_srl[3].srl32_1/U0/i_synth/i_bb_inst/f1.only_clb.srl_sig_reg[63][8]/Q
                         net (fo=1, routed)           0.175     0.947    gen_code_label[17].heater_inst/gen_srl[4].srl32_1/U0/i_synth/i_bb_inst/d[8]
    SLICE_X96Y49         FDRE                                         r  gen_code_label[17].heater_inst/gen_srl[4].srl32_1/U0/i_synth/i_bb_inst/f1.only_clb.srl_sig_reg[0][8]/D
  -------------------------------------------------------------------    -------------------

                         (clock clk_out200_clk_wiz_0 rise edge)
                                                      0.000     0.000 r  
    BUFGCTRL_X0Y18       BUFG                         0.000     0.000 r  system_i/processing_system7_0/inst/buffer_fclk_clk_0.FCLK_CLK_0_BUFG/O
                         net (fo=1295, routed)        0.945     0.945    instance_name/inst/clk_in100
    MMCME2_ADV_X1Y2      MMCME2_ADV (Prop_mmcme2_adv_CLKIN1_CLKOUT0)
                                                     -1.726    -0.781 r  instance_name/inst/mmcm_adv_inst/CLKOUT0
                         net (fo=1, routed)           0.752    -0.029    instance_name/inst/clk_out200_clk_wiz_0
    BUFGCTRL_X0Y17       BUFG (Prop_bufg_I_O)         0.029     0.000 r  instance_name/inst/clkout1_buf/O
                         net (fo=90400, routed)       0.884     0.884    gen_code_label[17].heater_inst/gen_srl[4].srl32_1/U0/i_synth/i_bb_inst/clk
    SLICE_X96Y49         FDRE                                         r  gen_code_label[17].heater_inst/gen_srl[4].srl32_1/U0/i_synth/i_bb_inst/f1.only_clb.srl_sig_reg[0][8]/C
                         clock pessimism              0.000     0.884    
    SLICE_X96Y49         FDRE (Hold_fdre_C_D)         0.053     0.937    gen_code_label[17].heater_inst/gen_srl[4].srl32_1/U0/i_synth/i_bb_inst/f1.only_clb.srl_sig_reg[0][8]
  -------------------------------------------------------------------
                         required time                         -0.937    
                         arrival time                           0.947    
  -------------------------------------------------------------------
                         slack                                  0.010    





Pulse Width Checks
--------------------------------------------------------------------------------------
Clock Name:         clk_out200_clk_wiz_0
Waveform(ns):       { 0.000 2.500 }
Period(ns):         5.000
Sources:            { instance_name/inst/mmcm_adv_inst/CLKOUT0 }

Check Type        Corner  Lib Pin             Reference Pin  Required(ns)  Actual(ns)  Slack(ns)  Location         Pin
Min Period        n/a     RAMB36E1/CLKARDCLK  n/a            2.576         5.000       2.424      RAMB36_X3Y14     gen_code_label[13].heater_inst/gen_bram[2].sp_bram_1/U0/inst_blk_mem_gen/gnbram.gnativebmg.native_blk_mem_gen/valid.cstr/ramloop[0].ram.r/prim_noinit.ram/DEVICE_7SERIES.NO_BMM_INFO.SP.SIMPLE_PRIM36.ram/CLKARDCLK
Max Period        n/a     MMCME2_ADV/CLKOUT0  n/a            213.360       5.000       208.360    MMCME2_ADV_X1Y2  instance_name/inst/mmcm_adv_inst/CLKOUT0
Low Pulse Width   Slow    SRLC32E/CLK         n/a            0.980         2.500       1.520      SLICE_X30Y34     gen_code_label[8].heater_inst/gen_srl[1].srl32_1/U0/i_synth/i_bb_inst/f1.only_clb.srl_sig_reg[32][22]_srl32/CLK
High Pulse Width  Slow    SRLC32E/CLK         n/a            0.980         2.500       1.520      SLICE_X26Y36     gen_code_label[8].heater_inst/gen_srl[1].srl32_1/U0/i_synth/i_bb_inst/f1.only_clb.srl_sig_reg[32][0]_srl32/CLK



---------------------------------------------------------------------------------------------------
From Clock:  clkfbout_clk_wiz_0
  To Clock:  clkfbout_clk_wiz_0

Setup :           NA  Failing Endpoints,  Worst Slack           NA  ,  Total Violation           NA
Hold  :           NA  Failing Endpoints,  Worst Slack           NA  ,  Total Violation           NA
PW    :            0  Failing Endpoints,  Worst Slack        7.845ns,  Total Violation        0.000ns
---------------------------------------------------------------------------------------------------


Pulse Width Checks
--------------------------------------------------------------------------------------
Clock Name:         clkfbout_clk_wiz_0
Waveform(ns):       { 0.000 5.000 }
Period(ns):         10.000
Sources:            { instance_name/inst/mmcm_adv_inst/CLKFBOUT }

Check Type  Corner  Lib Pin             Reference Pin  Required(ns)  Actual(ns)  Slack(ns)  Location         Pin
Min Period  n/a     BUFG/I              n/a            2.155         10.000      7.845      BUFGCTRL_X0Y16   instance_name/inst/clkf_buf/I
Max Period  n/a     MMCME2_ADV/CLKFBIN  n/a            100.000       10.000      90.000     MMCME2_ADV_X1Y2  instance_name/inst/mmcm_adv_inst/CLKFBIN



---------------------------------------------------------------------------------------------------
From Clock:  clk_fpga_0
  To Clock:  clk_out200_clk_wiz_0

Setup :            0  Failing Endpoints,  Worst Slack        1.022ns,  Total Violation        0.000ns
Hold  :            0  Failing Endpoints,  Worst Slack        0.044ns,  Total Violation        0.000ns
---------------------------------------------------------------------------------------------------


Max Delay Paths
--------------------------------------------------------------------------------------
Slack (MET) :             1.022ns  (required time - arrival time)
  Source:                 system_i/axi_gpio_1/U0/gpio_core_1/Dual.gpio_Data_Out_reg[27]/C
                            (rising edge-triggered cell FDRE clocked by clk_fpga_0  {rise@0.000ns fall@5.000ns period=10.000ns})
  Destination:            gen_code_label[4].heater_inst/err_clear_q_reg/D
                            (rising edge-triggered cell FDRE clocked by clk_out200_clk_wiz_0  {rise@0.000ns fall@2.500ns period=5.000ns})
  Path Group:             clk_out200_clk_wiz_0
  Path Type:              Setup (Max at Slow Process Corner)
  Requirement:            5.000ns  (clk_out200_clk_wiz_0 rise@5.000ns - clk_fpga_0 rise@0.000ns)
  Data Path Delay:        1.982ns  (logic 0.419ns (21.139%)  route 1.563ns (78.861%))
  Logic Levels:           0  
  Clock Path Skew:        -1.465ns (DCD - SCD + CPR)
    Destination Clock Delay (DCD):    1.477ns = ( 6.477 - 5.000 ) 
    Source Clock Delay      (SCD):    2.942ns
    Clock Pessimism Removal (CPR):    0.000ns
  Clock Uncertainty:      0.263ns  ((TSJ^2 + TIJ^2 + DJ^2)^1/2) / 2 + PE
    Total System Jitter     (TSJ):    0.071ns
    Total Input Jitter      (TIJ):    0.300ns
    Discrete Jitter          (DJ):    0.115ns
    Phase Error              (PE):    0.099ns
  Clock Domain Crossing:  Inter clock paths are considered valid unless explicitly excluded by timing constraints such as set_clock_groups or set_false_path.

    Location             Delay type                Incr(ns)  Path(ns)    Netlist Resource(s)
  -------------------------------------------------------------------    -------------------
                         (clock clk_fpga_0 rise edge)
                                                      0.000     0.000 r  
    PS7_X0Y0             PS7                          0.000     0.000 r  system_i/processing_system7_0/inst/PS7_i/FCLKCLK[0]
                         net (fo=1, routed)           1.193     1.193    system_i/processing_system7_0/inst/FCLK_CLK_unbuffered[0]
    BUFGCTRL_X0Y18       BUFG (Prop_bufg_I_O)         0.101     1.294 r  system_i/processing_system7_0/inst/buffer_fclk_clk_0.FCLK_CLK_0_BUFG/O
                         net (fo=1295, routed)        1.648     2.942    system_i/axi_gpio_1/U0/gpio_core_1/s_axi_aclk
    SLICE_X44Y88         FDRE                                         r  system_i/axi_gpio_1/U0/gpio_core_1/Dual.gpio_Data_Out_reg[27]/C
  -------------------------------------------------------------------    -------------------
    SLICE_X44Y88         FDRE (Prop_fdre_C_Q)         0.419     3.361 r  system_i/axi_gpio_1/U0/gpio_core_1/Dual.gpio_Data_Out_reg[27]/Q
                         net (fo=2, routed)           1.563     4.924    gen_code_label[4].heater_inst/GPIO1_out_tri_o[0]
    SLICE_X49Y53         FDRE                                         r  gen_code_label[4].heater_inst/err_clear_q_reg/D
  -------------------------------------------------------------------    -------------------

                         (clock clk_out200_clk_wiz_0 rise edge)
                                                      5.000     5.000 r  
    BUFGCTRL_X0Y18       BUFG                         0.000     5.000 r  system_i/processing_system7_0/inst/buffer_fclk_clk_0.FCLK_CLK_0_BUFG/O
                         net (fo=1295, routed)        1.770     6.770    instance_name/inst/clk_in100
    MMCME2_ADV_X1Y2      MMCME2_ADV (Prop_mmcme2_adv_CLKIN1_CLKOUT0)
                                                     -3.873     2.897 r  instance_name/inst/mmcm_adv_inst/CLKOUT0
                         net (fo=1, routed)           2.012     4.909    instance_name/inst/clk_out200_clk_wiz_0
    BUFGCTRL_X0Y17       BUFG (Prop_bufg_I_O)         0.091     5.000 r  instance_name/inst/clkout1_buf/O
                         net (fo=90400, routed)       1.477     6.477    gen_code_label[4].heater_inst/clk_out200
    SLICE_X49Y53         FDRE                                         r  gen_code_label[4].heater_inst/err_clear_q_reg/C
                         clock pessimism              0.000     6.477    
                         clock uncertainty           -0.263     6.214    
    SLICE_X49Y53         FDRE (Setup_fdre_C_D)       -0.268     5.946    gen_code_label[4].heater_inst/err_clear_q_reg
  -------------------------------------------------------------------
                         required time                          5.946    
                         arrival time                          -4.924    
  -------------------------------------------------------------------
                         slack                                  1.022    





Min Delay Paths
--------------------------------------------------------------------------------------
Slack (MET) :             0.044ns  (arrival time - required time)
  Source:                 system_i/axi_gpio_1/U0/gpio_core_1/Dual.gpio_Data_Out_reg[26]/C
                            (rising edge-triggered cell FDRE clocked by clk_fpga_0  {rise@0.000ns fall@5.000ns period=10.000ns})
  Destination:            gen_code_label[5].heater_inst/err_clear_q_reg/D
                            (rising edge-triggered cell FDRE clocked by clk_out200_clk_wiz_0  {rise@0.000ns fall@2.500ns period=5.000ns})
  Path Group:             clk_out200_clk_wiz_0
  Path Type:              Hold (Min at Fast Process Corner)
  Requirement:            0.000ns  (clk_out200_clk_wiz_0 rise@0.000ns - clk_fpga_0 rise@0.000ns)
  Data Path Delay:        0.264ns  (logic 0.128ns (48.567%)  route 0.136ns (51.433%))
  Logic Levels:           0  
  Clock Path Skew:        -0.069ns (DCD - SCD - CPR)
    Destination Clock Delay (DCD):    0.823ns
    Source Clock Delay      (SCD):    0.892ns
    Clock Pessimism Removal (CPR):    -0.000ns
  Clock Uncertainty:      0.263ns  ((TSJ^2 + TIJ^2 + DJ^2)^1/2) / 2 + PE
    Total System Jitter     (TSJ):    0.071ns
    Total Input Jitter      (TIJ):    0.300ns
    Discrete Jitter          (DJ):    0.115ns
    Phase Error              (PE):    0.099ns
  Clock Domain Crossing:  Inter clock paths are considered valid unless explicitly excluded by timing constraints such as set_clock_groups or set_false_path.

    Location             Delay type                Incr(ns)  Path(ns)    Netlist Resource(s)
  -------------------------------------------------------------------    -------------------
                         (clock clk_fpga_0 rise edge)
                                                      0.000     0.000 r  
    PS7_X0Y0             PS7                          0.000     0.000 r  system_i/processing_system7_0/inst/PS7_i/FCLKCLK[0]
                         net (fo=1, routed)           0.310     0.310    system_i/processing_system7_0/inst/FCLK_CLK_unbuffered[0]
    BUFGCTRL_X0Y18       BUFG (Prop_bufg_I_O)         0.026     0.336 r  system_i/processing_system7_0/inst/buffer_fclk_clk_0.FCLK_CLK_0_BUFG/O
                         net (fo=1295, routed)        0.556     0.892    system_i/axi_gpio_1/U0/gpio_core_1/s_axi_aclk
    SLICE_X44Y94         FDRE                                         r  system_i/axi_gpio_1/U0/gpio_core_1/Dual.gpio_Data_Out_reg[26]/C
  -------------------------------------------------------------------    -------------------
    SLICE_X44Y94         FDRE (Prop_fdre_C_Q)         0.128     1.020 r  system_i/axi_gpio_1/U0/gpio_core_1/Dual.gpio_Data_Out_reg[26]/Q
                         net (fo=2, routed)           0.136     1.155    gen_code_label[5].heater_inst/GPIO1_out_tri_o[0]
    SLICE_X44Y92         FDRE                                         r  gen_code_label[5].heater_inst/err_clear_q_reg/D
  -------------------------------------------------------------------    -------------------

                         (clock clk_out200_clk_wiz_0 rise edge)
                                                      0.000     0.000 r  
    BUFGCTRL_X0Y18       BUFG                         0.000     0.000 r  system_i/processing_system7_0/inst/buffer_fclk_clk_0.FCLK_CLK_0_BUFG/O
                         net (fo=1295, routed)        0.945     0.945    instance_name/inst/clk_in100
    MMCME2_ADV_X1Y2      MMCME2_ADV (Prop_mmcme2_adv_CLKIN1_CLKOUT0)
                                                     -1.726    -0.781 r  instance_name/inst/mmcm_adv_inst/CLKOUT0
                         net (fo=1, routed)           0.752    -0.029    instance_name/inst/clk_out200_clk_wiz_0
    BUFGCTRL_X0Y17       BUFG (Prop_bufg_I_O)         0.029     0.000 r  instance_name/inst/clkout1_buf/O
                         net (fo=90400, routed)       0.823     0.823    gen_code_label[5].heater_inst/clk_out200
    SLICE_X44Y92         FDRE                                         r  gen_code_label[5].heater_inst/err_clear_q_reg/C
                         clock pessimism              0.000     0.823    
                         clock uncertainty            0.263     1.086    
    SLICE_X44Y92         FDRE (Hold_fdre_C_D)         0.025     1.111    gen_code_label[5].heater_inst/err_clear_q_reg
  -------------------------------------------------------------------
                         required time                         -1.111    
                         arrival time                           1.155    
  -------------------------------------------------------------------
                         slack                                  0.044    





