Copyright 1986-2021 Xilinx, Inc. All Rights Reserved.
------------------------------------------------------------------------------------
| Tool Version : Vivado v.2021.1 (lin64) Build 3247384 Thu Jun 10 19:36:07 MDT 2021
| Date         : Thu Aug 26 13:35:09 2021
| Host         : WD-SN850 running 64-bit Ubuntu 20.04.3 LTS
| Command      : report_timing_summary -file ./results/timing.rpt
| Design       : top
| Device       : 7z020-clg400
| Speed File   : -1  PRODUCTION 1.12 2019-11-22
------------------------------------------------------------------------------------

Timing Summary Report

------------------------------------------------------------------------------------------------
| Timer Settings
| --------------
------------------------------------------------------------------------------------------------

  Enable Multi Corner Analysis               :  Yes
  Enable Pessimism Removal                   :  Yes
  Pessimism Removal Resolution               :  Nearest Common Node
  Enable Input Delay Default Clock           :  No
  Enable Preset / Clear Arcs                 :  No
  Disable Flight Delays                      :  No
  Ignore I/O Paths                           :  No
  Timing Early Launch at Borrowing Latches   :  No
  Borrow Time for Max Delay Exceptions       :  Yes
  Merge Timing Exceptions                    :  Yes

  Corner  Analyze    Analyze    
  Name    Max Paths  Min Paths  
  ------  ---------  ---------  
  Slow    Yes        Yes        
  Fast    Yes        Yes        


------------------------------------------------------------------------------------------------
| Report Methodology
| ------------------
------------------------------------------------------------------------------------------------

No report available as report_methodology has not been run prior. Run report_methodology on the current design for the summary of methodology violations.



check_timing report

Table of Contents
-----------------
1. checking no_clock (0)
2. checking constant_clock (0)
3. checking pulse_width_clock (0)
4. checking unconstrained_internal_endpoints (0)
5. checking no_input_delay (0)
6. checking no_output_delay (0)
7. checking multiple_clock (0)
8. checking generated_clocks (0)
9. checking loops (0)
10. checking partial_input_delay (0)
11. checking partial_output_delay (0)
12. checking latch_loops (0)

1. checking no_clock (0)
------------------------
 There are 0 register/latch pins with no clock.


2. checking constant_clock (0)
------------------------------
 There are 0 register/latch pins with constant_clock.


3. checking pulse_width_clock (0)
---------------------------------
 There are 0 register/latch pins which need pulse_width check


4. checking unconstrained_internal_endpoints (0)
------------------------------------------------
 There are 0 pins that are not constrained for maximum delay.

 There are 0 pins that are not constrained for maximum delay due to constant clock.


5. checking no_input_delay (0)
------------------------------
 There are 0 input ports with no input delay specified.

 There are 0 input ports with no input delay but user has a false path constraint.


6. checking no_output_delay (0)
-------------------------------
 There are 0 ports with no output delay specified.

 There are 0 ports with no output delay but user has a false path constraint

 There are 0 ports with no output delay but with a timing clock defined on it or propagating through it


7. checking multiple_clock (0)
------------------------------
 There are 0 register/latch pins with multiple clocks.


8. checking generated_clocks (0)
--------------------------------
 There are 0 generated clocks that are not connected to a clock source.


9. checking loops (0)
---------------------
 There are 0 combinational loops in the design.


10. checking partial_input_delay (0)
------------------------------------
 There are 0 input ports with partial input delay specified.


11. checking partial_output_delay (0)
-------------------------------------
 There are 0 ports with partial output delay specified.


12. checking latch_loops (0)
----------------------------
 There are 0 combinational latch loops in the design through latch input



------------------------------------------------------------------------------------------------
| Design Timing Summary
| ---------------------
------------------------------------------------------------------------------------------------

    WNS(ns)      TNS(ns)  TNS Failing Endpoints  TNS Total Endpoints      WHS(ns)      THS(ns)  THS Failing Endpoints  THS Total Endpoints     WPWS(ns)     TPWS(ns)  TPWS Failing Endpoints  TPWS Total Endpoints  
    -------      -------  ---------------------  -------------------      -------      -------  ---------------------  -------------------     --------     --------  ----------------------  --------------------  
      0.861        0.000                      0                81672        0.009        0.000                      0                81672        1.520        0.000                       0                 67496  


All user specified timing constraints are met.


------------------------------------------------------------------------------------------------
| Clock Summary
| -------------
------------------------------------------------------------------------------------------------

Clock                         Waveform(ns)         Period(ns)      Frequency(MHz)
-----                         ------------         ----------      --------------
clk_fpga_0                    {0.000 5.000}        10.000          100.000         
instance_name/inst/clk_in100  {0.000 5.000}        10.000          100.000         
  clk_out200_clk_wiz_0        {0.000 2.500}        5.000           200.000         
  clkfbout_clk_wiz_0          {0.000 5.000}        10.000          100.000         


------------------------------------------------------------------------------------------------
| Intra Clock Table
| -----------------
------------------------------------------------------------------------------------------------

Clock                             WNS(ns)      TNS(ns)  TNS Failing Endpoints  TNS Total Endpoints      WHS(ns)      THS(ns)  THS Failing Endpoints  THS Total Endpoints     WPWS(ns)     TPWS(ns)  TPWS Failing Endpoints  TPWS Total Endpoints  
-----                             -------      -------  ---------------------  -------------------      -------      -------  ---------------------  -------------------     --------     --------  ----------------------  --------------------  
clk_fpga_0                                                                                                                                                                      7.845        0.000                       0                     1  
instance_name/inst/clk_in100                                                                                                                                                    3.000        0.000                       0                     1  
  clk_out200_clk_wiz_0              0.861        0.000                      0                81672        0.009        0.000                      0                81672        1.520        0.000                       0                 67491  
  clkfbout_clk_wiz_0                                                                                                                                                            7.845        0.000                       0                     3  


------------------------------------------------------------------------------------------------
| Inter Clock Table
| -----------------
------------------------------------------------------------------------------------------------

From Clock    To Clock          WNS(ns)      TNS(ns)  TNS Failing Endpoints  TNS Total Endpoints      WHS(ns)      THS(ns)  THS Failing Endpoints  THS Total Endpoints  
----------    --------          -------      -------  ---------------------  -------------------      -------      -------  ---------------------  -------------------  


------------------------------------------------------------------------------------------------
| Other Path Groups Table
| -----------------------
------------------------------------------------------------------------------------------------

Path Group    From Clock    To Clock          WNS(ns)      TNS(ns)  TNS Failing Endpoints  TNS Total Endpoints      WHS(ns)      THS(ns)  THS Failing Endpoints  THS Total Endpoints  
----------    ----------    --------          -------      -------  ---------------------  -------------------      -------      -------  ---------------------  -------------------  


------------------------------------------------------------------------------------------------
| Timing Details
| --------------
------------------------------------------------------------------------------------------------


---------------------------------------------------------------------------------------------------
From Clock:  clk_fpga_0
  To Clock:  clk_fpga_0

Setup :           NA  Failing Endpoints,  Worst Slack           NA  ,  Total Violation           NA
Hold  :           NA  Failing Endpoints,  Worst Slack           NA  ,  Total Violation           NA
PW    :            0  Failing Endpoints,  Worst Slack        7.845ns,  Total Violation        0.000ns
---------------------------------------------------------------------------------------------------


Pulse Width Checks
--------------------------------------------------------------------------------------
Clock Name:         clk_fpga_0
Waveform(ns):       { 0.000 5.000 }
Period(ns):         10.000
Sources:            { system_i/processing_system7_0/inst/PS7_i/FCLKCLK[0] }

Check Type  Corner  Lib Pin  Reference Pin  Required(ns)  Actual(ns)  Slack(ns)  Location        Pin
Min Period  n/a     BUFG/I   n/a            2.155         10.000      7.845      BUFGCTRL_X0Y18  system_i/processing_system7_0/inst/buffer_fclk_clk_0.FCLK_CLK_0_BUFG/I



---------------------------------------------------------------------------------------------------
From Clock:  instance_name/inst/clk_in100
  To Clock:  instance_name/inst/clk_in100

Setup :           NA  Failing Endpoints,  Worst Slack           NA  ,  Total Violation           NA
Hold  :           NA  Failing Endpoints,  Worst Slack           NA  ,  Total Violation           NA
PW    :            0  Failing Endpoints,  Worst Slack        3.000ns,  Total Violation        0.000ns
---------------------------------------------------------------------------------------------------


Pulse Width Checks
--------------------------------------------------------------------------------------
Clock Name:         instance_name/inst/clk_in100
Waveform(ns):       { 0.000 5.000 }
Period(ns):         10.000
Sources:            { instance_name/inst/clk_in100 }

Check Type        Corner  Lib Pin            Reference Pin  Required(ns)  Actual(ns)  Slack(ns)  Location         Pin
Min Period        n/a     MMCME2_ADV/CLKIN1  n/a            1.249         10.000      8.751      MMCME2_ADV_X1Y2  instance_name/inst/mmcm_adv_inst/CLKIN1
Max Period        n/a     MMCME2_ADV/CLKIN1  n/a            100.000       10.000      90.000     MMCME2_ADV_X1Y2  instance_name/inst/mmcm_adv_inst/CLKIN1
Low Pulse Width   Slow    MMCME2_ADV/CLKIN1  n/a            2.000         5.000       3.000      MMCME2_ADV_X1Y2  instance_name/inst/mmcm_adv_inst/CLKIN1
High Pulse Width  Slow    MMCME2_ADV/CLKIN1  n/a            2.000         5.000       3.000      MMCME2_ADV_X1Y2  instance_name/inst/mmcm_adv_inst/CLKIN1



---------------------------------------------------------------------------------------------------
From Clock:  clk_out200_clk_wiz_0
  To Clock:  clk_out200_clk_wiz_0

Setup :            0  Failing Endpoints,  Worst Slack        0.861ns,  Total Violation        0.000ns
Hold  :            0  Failing Endpoints,  Worst Slack        0.009ns,  Total Violation        0.000ns
PW    :            0  Failing Endpoints,  Worst Slack        1.520ns,  Total Violation        0.000ns
---------------------------------------------------------------------------------------------------


Max Delay Paths
--------------------------------------------------------------------------------------
Slack (MET) :             0.861ns  (required time - arrival time)
  Source:                 gen_code_label[24].heater_inst/gen_bram[3].sp_bram_1/U0/inst_blk_mem_gen/gnbram.gnativebmg.native_blk_mem_gen/valid.cstr/ramloop[0].ram.r/prim_noinit.ram/DEVICE_7SERIES.NO_BMM_INFO.SP.SIMPLE_PRIM36.ram/CLKARDCLK
                            (rising edge-triggered cell RAMB36E1 clocked by clk_out200_clk_wiz_0  {rise@0.000ns fall@2.500ns period=5.000ns})
  Destination:            gen_code_label[24].heater_inst/gen_bram[3].sp_bram_1/U0/inst_blk_mem_gen/gnbram.gnativebmg.native_blk_mem_gen/valid.cstr/mux_a_wire.mux_reg.ce_pri.douta_i_reg[11]/D
                            (rising edge-triggered cell FDRE clocked by clk_out200_clk_wiz_0  {rise@0.000ns fall@2.500ns period=5.000ns})
  Path Group:             clk_out200_clk_wiz_0
  Path Type:              Setup (Max at Slow Process Corner)
  Requirement:            5.000ns  (clk_out200_clk_wiz_0 rise@5.000ns - clk_out200_clk_wiz_0 rise@0.000ns)
  Data Path Delay:        3.472ns  (logic 0.882ns (25.400%)  route 2.590ns (74.600%))
  Logic Levels:           0  
  Clock Path Skew:        -0.552ns (DCD - SCD + CPR)
    Destination Clock Delay (DCD):    1.455ns = ( 6.455 - 5.000 ) 
    Source Clock Delay      (SCD):    2.010ns
    Clock Pessimism Removal (CPR):    0.004ns
  Clock Uncertainty:      0.067ns  ((TSJ^2 + DJ^2)^1/2) / 2 + PE
    Total System Jitter     (TSJ):    0.071ns
    Discrete Jitter          (DJ):    0.115ns
    Phase Error              (PE):    0.000ns

    Location             Delay type                Incr(ns)  Path(ns)    Netlist Resource(s)
  -------------------------------------------------------------------    -------------------
                         (clock clk_out200_clk_wiz_0 rise edge)
                                                      0.000     0.000 r  
    BUFGCTRL_X0Y18       BUFG                         0.000     0.000 r  system_i/processing_system7_0/inst/buffer_fclk_clk_0.FCLK_CLK_0_BUFG/O
                         net (fo=1, routed)           1.980     1.980    instance_name/inst/clk_in100
    MMCME2_ADV_X1Y2      MMCME2_ADV (Prop_mmcme2_adv_CLKIN1_CLKOUT0)
                                                     -4.287    -2.307 r  instance_name/inst/mmcm_adv_inst/CLKOUT0
                         net (fo=1, routed)           2.206    -0.101    instance_name/inst/clk_out200_clk_wiz_0
    BUFGCTRL_X0Y17       BUFG (Prop_bufg_I_O)         0.101    -0.000 r  instance_name/inst/clkout1_buf/O
                         net (fo=67489, routed)       2.010     2.010    gen_code_label[24].heater_inst/gen_bram[3].sp_bram_1/U0/inst_blk_mem_gen/gnbram.gnativebmg.native_blk_mem_gen/valid.cstr/ramloop[0].ram.r/prim_noinit.ram/clka
    RAMB36_X4Y22         RAMB36E1                                     r  gen_code_label[24].heater_inst/gen_bram[3].sp_bram_1/U0/inst_blk_mem_gen/gnbram.gnativebmg.native_blk_mem_gen/valid.cstr/ramloop[0].ram.r/prim_noinit.ram/DEVICE_7SERIES.NO_BMM_INFO.SP.SIMPLE_PRIM36.ram/CLKARDCLK
  -------------------------------------------------------------------    -------------------
    RAMB36_X4Y22         RAMB36E1 (Prop_ramb36e1_CLKARDCLK_DOADO[11])
                                                      0.882     2.892 r  gen_code_label[24].heater_inst/gen_bram[3].sp_bram_1/U0/inst_blk_mem_gen/gnbram.gnativebmg.native_blk_mem_gen/valid.cstr/ramloop[0].ram.r/prim_noinit.ram/DEVICE_7SERIES.NO_BMM_INFO.SP.SIMPLE_PRIM36.ram/DOADO[11]
                         net (fo=1, routed)           2.590     5.483    gen_code_label[24].heater_inst/gen_bram[3].sp_bram_1/U0/inst_blk_mem_gen/gnbram.gnativebmg.native_blk_mem_gen/valid.cstr/ram_douta[11]
    SLICE_X51Y80         FDRE                                         r  gen_code_label[24].heater_inst/gen_bram[3].sp_bram_1/U0/inst_blk_mem_gen/gnbram.gnativebmg.native_blk_mem_gen/valid.cstr/mux_a_wire.mux_reg.ce_pri.douta_i_reg[11]/D
  -------------------------------------------------------------------    -------------------

                         (clock clk_out200_clk_wiz_0 rise edge)
                                                      5.000     5.000 r  
    BUFGCTRL_X0Y18       BUFG                         0.000     5.000 r  system_i/processing_system7_0/inst/buffer_fclk_clk_0.FCLK_CLK_0_BUFG/O
                         net (fo=1, routed)           1.770     6.770    instance_name/inst/clk_in100
    MMCME2_ADV_X1Y2      MMCME2_ADV (Prop_mmcme2_adv_CLKIN1_CLKOUT0)
                                                     -3.873     2.897 r  instance_name/inst/mmcm_adv_inst/CLKOUT0
                         net (fo=1, routed)           2.012     4.909    instance_name/inst/clk_out200_clk_wiz_0
    BUFGCTRL_X0Y17       BUFG (Prop_bufg_I_O)         0.091     5.000 r  instance_name/inst/clkout1_buf/O
                         net (fo=67489, routed)       1.455     6.455    gen_code_label[24].heater_inst/gen_bram[3].sp_bram_1/U0/inst_blk_mem_gen/gnbram.gnativebmg.native_blk_mem_gen/valid.cstr/clka
    SLICE_X51Y80         FDRE                                         r  gen_code_label[24].heater_inst/gen_bram[3].sp_bram_1/U0/inst_blk_mem_gen/gnbram.gnativebmg.native_blk_mem_gen/valid.cstr/mux_a_wire.mux_reg.ce_pri.douta_i_reg[11]/C
                         clock pessimism              0.004     6.459    
                         clock uncertainty           -0.067     6.391    
    SLICE_X51Y80         FDRE (Setup_fdre_C_D)       -0.047     6.344    gen_code_label[24].heater_inst/gen_bram[3].sp_bram_1/U0/inst_blk_mem_gen/gnbram.gnativebmg.native_blk_mem_gen/valid.cstr/mux_a_wire.mux_reg.ce_pri.douta_i_reg[11]
  -------------------------------------------------------------------
                         required time                          6.344    
                         arrival time                          -5.483    
  -------------------------------------------------------------------
                         slack                                  0.861    





Min Delay Paths
--------------------------------------------------------------------------------------
Slack (MET) :             0.009ns  (arrival time - required time)
  Source:                 gen_code_label[8].heater_inst/gen_srl[4].srl32_1/U0/i_synth/i_bb_inst/f1.only_clb.srl_sig_reg[63][4]/C
                            (rising edge-triggered cell FDRE clocked by clk_out200_clk_wiz_0  {rise@0.000ns fall@2.500ns period=5.000ns})
  Destination:            gen_code_label[8].heater_inst/gen_srl[5].srl32_1/U0/i_synth/i_bb_inst/f1.only_clb.srl_sig_reg[0][4]/D
                            (rising edge-triggered cell FDRE clocked by clk_out200_clk_wiz_0  {rise@0.000ns fall@2.500ns period=5.000ns})
  Path Group:             clk_out200_clk_wiz_0
  Path Type:              Hold (Min at Fast Process Corner)
  Requirement:            0.000ns  (clk_out200_clk_wiz_0 rise@0.000ns - clk_out200_clk_wiz_0 rise@0.000ns)
  Data Path Delay:        0.264ns  (logic 0.164ns (62.011%)  route 0.100ns (37.989%))
  Logic Levels:           0  
  Clock Path Skew:        0.181ns (DCD - SCD - CPR)
    Destination Clock Delay (DCD):    0.821ns
    Source Clock Delay      (SCD):    0.635ns
    Clock Pessimism Removal (CPR):    0.005ns

    Location             Delay type                Incr(ns)  Path(ns)    Netlist Resource(s)
  -------------------------------------------------------------------    -------------------
                         (clock clk_out200_clk_wiz_0 rise edge)
                                                      0.000     0.000 r  
    BUFGCTRL_X0Y18       BUFG                         0.000     0.000 r  system_i/processing_system7_0/inst/buffer_fclk_clk_0.FCLK_CLK_0_BUFG/O
                         net (fo=1, routed)           0.672     0.672    instance_name/inst/clk_in100
    MMCME2_ADV_X1Y2      MMCME2_ADV (Prop_mmcme2_adv_CLKIN1_CLKOUT0)
                                                     -1.395    -0.722 r  instance_name/inst/mmcm_adv_inst/CLKOUT0
                         net (fo=1, routed)           0.696    -0.026    instance_name/inst/clk_out200_clk_wiz_0
    BUFGCTRL_X0Y17       BUFG (Prop_bufg_I_O)         0.026    -0.000 r  instance_name/inst/clkout1_buf/O
                         net (fo=67489, routed)       0.635     0.635    gen_code_label[8].heater_inst/gen_srl[4].srl32_1/U0/i_synth/i_bb_inst/clk
    SLICE_X50Y100        FDRE                                         r  gen_code_label[8].heater_inst/gen_srl[4].srl32_1/U0/i_synth/i_bb_inst/f1.only_clb.srl_sig_reg[63][4]/C
  -------------------------------------------------------------------    -------------------
    SLICE_X50Y100        FDRE (Prop_fdre_C_Q)         0.164     0.799 r  gen_code_label[8].heater_inst/gen_srl[4].srl32_1/U0/i_synth/i_bb_inst/f1.only_clb.srl_sig_reg[63][4]/Q
                         net (fo=1, routed)           0.100     0.900    gen_code_label[8].heater_inst/gen_srl[5].srl32_1/U0/i_synth/i_bb_inst/d[4]
    SLICE_X53Y99         FDRE                                         r  gen_code_label[8].heater_inst/gen_srl[5].srl32_1/U0/i_synth/i_bb_inst/f1.only_clb.srl_sig_reg[0][4]/D
  -------------------------------------------------------------------    -------------------

                         (clock clk_out200_clk_wiz_0 rise edge)
                                                      0.000     0.000 r  
    BUFGCTRL_X0Y18       BUFG                         0.000     0.000 r  system_i/processing_system7_0/inst/buffer_fclk_clk_0.FCLK_CLK_0_BUFG/O
                         net (fo=1, routed)           0.945     0.945    instance_name/inst/clk_in100
    MMCME2_ADV_X1Y2      MMCME2_ADV (Prop_mmcme2_adv_CLKIN1_CLKOUT0)
                                                     -1.726    -0.781 r  instance_name/inst/mmcm_adv_inst/CLKOUT0
                         net (fo=1, routed)           0.752    -0.029    instance_name/inst/clk_out200_clk_wiz_0
    BUFGCTRL_X0Y17       BUFG (Prop_bufg_I_O)         0.029     0.000 r  instance_name/inst/clkout1_buf/O
                         net (fo=67489, routed)       0.821     0.821    gen_code_label[8].heater_inst/gen_srl[5].srl32_1/U0/i_synth/i_bb_inst/clk
    SLICE_X53Y99         FDRE                                         r  gen_code_label[8].heater_inst/gen_srl[5].srl32_1/U0/i_synth/i_bb_inst/f1.only_clb.srl_sig_reg[0][4]/C
                         clock pessimism             -0.005     0.816    
    SLICE_X53Y99         FDRE (Hold_fdre_C_D)         0.075     0.891    gen_code_label[8].heater_inst/gen_srl[5].srl32_1/U0/i_synth/i_bb_inst/f1.only_clb.srl_sig_reg[0][4]
  -------------------------------------------------------------------
                         required time                         -0.891    
                         arrival time                           0.900    
  -------------------------------------------------------------------
                         slack                                  0.009    





Pulse Width Checks
--------------------------------------------------------------------------------------
Clock Name:         clk_out200_clk_wiz_0
Waveform(ns):       { 0.000 2.500 }
Period(ns):         5.000
Sources:            { instance_name/inst/mmcm_adv_inst/CLKOUT0 }

Check Type        Corner  Lib Pin             Reference Pin  Required(ns)  Actual(ns)  Slack(ns)  Location         Pin
Min Period        n/a     RAMB36E1/CLKARDCLK  n/a            2.576         5.000       2.424      RAMB36_X3Y13     gen_code_label[0].heater_inst/gen_bram[1].sp_bram_1/U0/inst_blk_mem_gen/gnbram.gnativebmg.native_blk_mem_gen/valid.cstr/ramloop[0].ram.r/prim_noinit.ram/DEVICE_7SERIES.NO_BMM_INFO.SP.SIMPLE_PRIM36.ram/CLKARDCLK
Max Period        n/a     MMCME2_ADV/CLKOUT0  n/a            213.360       5.000       208.360    MMCME2_ADV_X1Y2  instance_name/inst/mmcm_adv_inst/CLKOUT0
Low Pulse Width   Slow    SRLC32E/CLK         n/a            0.980         2.500       1.520      SLICE_X26Y86     gen_code_label[0].heater_inst/gen_srl[1].srl32_1/U0/i_synth/i_bb_inst/f1.only_clb.srl_sig_reg[32][0]_srl32/CLK
High Pulse Width  Slow    SRLC32E/CLK         n/a            0.980         2.500       1.520      SLICE_X26Y86     gen_code_label[0].heater_inst/gen_srl[1].srl32_1/U0/i_synth/i_bb_inst/f1.only_clb.srl_sig_reg[32][0]_srl32/CLK



---------------------------------------------------------------------------------------------------
From Clock:  clkfbout_clk_wiz_0
  To Clock:  clkfbout_clk_wiz_0

Setup :           NA  Failing Endpoints,  Worst Slack           NA  ,  Total Violation           NA
Hold  :           NA  Failing Endpoints,  Worst Slack           NA  ,  Total Violation           NA
PW    :            0  Failing Endpoints,  Worst Slack        7.845ns,  Total Violation        0.000ns
---------------------------------------------------------------------------------------------------


Pulse Width Checks
--------------------------------------------------------------------------------------
Clock Name:         clkfbout_clk_wiz_0
Waveform(ns):       { 0.000 5.000 }
Period(ns):         10.000
Sources:            { instance_name/inst/mmcm_adv_inst/CLKFBOUT }

Check Type  Corner  Lib Pin             Reference Pin  Required(ns)  Actual(ns)  Slack(ns)  Location         Pin
Min Period  n/a     BUFG/I              n/a            2.155         10.000      7.845      BUFGCTRL_X0Y16   instance_name/inst/clkf_buf/I
Max Period  n/a     MMCME2_ADV/CLKFBIN  n/a            100.000       10.000      90.000     MMCME2_ADV_X1Y2  instance_name/inst/mmcm_adv_inst/CLKFBIN



