Copyright 1986-2020 Xilinx, Inc. All Rights Reserved.
------------------------------------------------------------------------------------
| Tool Version : Vivado v.2020.2 (lin64) Build 3064766 Wed Nov 18 09:12:47 MST 2020
| Date         : Mon Feb  1 09:18:08 2021
| Host         : WD-SN850 running 64-bit Ubuntu 20.04.2 LTS
| Command      : report_timing_summary -file ./results/timing.rpt
| Design       : top
| Device       : 7z030-sbg485
| Speed File   : -1  PRODUCTION 1.12 2019-11-22
------------------------------------------------------------------------------------

Timing Summary Report

------------------------------------------------------------------------------------------------
| Timer Settings
| --------------
------------------------------------------------------------------------------------------------

  Enable Multi Corner Analysis               :  Yes
  Enable Pessimism Removal                   :  Yes
  Pessimism Removal Resolution               :  Nearest Common Node
  Enable Input Delay Default Clock           :  No
  Enable Preset / Clear Arcs                 :  No
  Disable Flight Delays                      :  No
  Ignore I/O Paths                           :  No
  Timing Early Launch at Borrowing Latches   :  No
  Borrow Time for Max Delay Exceptions       :  Yes
  Merge Timing Exceptions                    :  Yes

  Corner  Analyze    Analyze    
  Name    Max Paths  Min Paths  
  ------  ---------  ---------  
  Slow    Yes        Yes        
  Fast    Yes        Yes        



check_timing report

Table of Contents
-----------------
1. checking no_clock (0)
2. checking constant_clock (0)
3. checking pulse_width_clock (0)
4. checking unconstrained_internal_endpoints (0)
5. checking no_input_delay (0)
6. checking no_output_delay (0)
7. checking multiple_clock (0)
8. checking generated_clocks (0)
9. checking loops (0)
10. checking partial_input_delay (0)
11. checking partial_output_delay (0)
12. checking latch_loops (0)

1. checking no_clock (0)
------------------------
 There are 0 register/latch pins with no clock.


2. checking constant_clock (0)
------------------------------
 There are 0 register/latch pins with constant_clock.


3. checking pulse_width_clock (0)
---------------------------------
 There are 0 register/latch pins which need pulse_width check


4. checking unconstrained_internal_endpoints (0)
------------------------------------------------
 There are 0 pins that are not constrained for maximum delay.

 There are 0 pins that are not constrained for maximum delay due to constant clock.


5. checking no_input_delay (0)
------------------------------
 There are 0 input ports with no input delay specified.

 There are 0 input ports with no input delay but user has a false path constraint.


6. checking no_output_delay (0)
-------------------------------
 There are 0 ports with no output delay specified.

 There are 0 ports with no output delay but user has a false path constraint

 There are 0 ports with no output delay but with a timing clock defined on it or propagating through it


7. checking multiple_clock (0)
------------------------------
 There are 0 register/latch pins with multiple clocks.


8. checking generated_clocks (0)
--------------------------------
 There are 0 generated clocks that are not connected to a clock source.


9. checking loops (0)
---------------------
 There are 0 combinational loops in the design.


10. checking partial_input_delay (0)
------------------------------------
 There are 0 input ports with partial input delay specified.


11. checking partial_output_delay (0)
-------------------------------------
 There are 0 ports with partial output delay specified.


12. checking latch_loops (0)
----------------------------
 There are 0 combinational latch loops in the design through latch input



------------------------------------------------------------------------------------------------
| Design Timing Summary
| ---------------------
------------------------------------------------------------------------------------------------

    WNS(ns)      TNS(ns)  TNS Failing Endpoints  TNS Total Endpoints      WHS(ns)      THS(ns)  THS Failing Endpoints  THS Total Endpoints     WPWS(ns)     TPWS(ns)  TPWS Failing Endpoints  TPWS Total Endpoints  
    -------      -------  ---------------------  -------------------      -------      -------  ---------------------  -------------------     --------     --------  ----------------------  --------------------  
      1.365        0.000                      0               108572        0.021        0.000                      0               108572        1.720        0.000                       0                 92716  


All user specified timing constraints are met.


------------------------------------------------------------------------------------------------
| Clock Summary
| -------------
------------------------------------------------------------------------------------------------

Clock                         Waveform(ns)         Period(ns)      Frequency(MHz)
-----                         ------------         ----------      --------------
clk_fpga_0                    {0.000 5.000}        10.000          100.000         
instance_name/inst/clk_in100  {0.000 5.000}        10.000          100.000         
  clk_out200_clk_wiz_0        {0.000 2.500}        5.000           200.000         
  clkfbout_clk_wiz_0          {0.000 5.000}        10.000          100.000         


------------------------------------------------------------------------------------------------
| Intra Clock Table
| -----------------
------------------------------------------------------------------------------------------------

Clock                             WNS(ns)      TNS(ns)  TNS Failing Endpoints  TNS Total Endpoints      WHS(ns)      THS(ns)  THS Failing Endpoints  THS Total Endpoints     WPWS(ns)     TPWS(ns)  TPWS Failing Endpoints  TPWS Total Endpoints  
-----                             -------      -------  ---------------------  -------------------      -------      -------  ---------------------  -------------------     --------     --------  ----------------------  --------------------  
clk_fpga_0                          5.794        0.000                      0                 2460        0.040        0.000                      0                 2460        4.220        0.000                       0                  1254  
instance_name/inst/clk_in100                                                                                                                                                    3.000        0.000                       0                     1  
  clk_out200_clk_wiz_0              1.489        0.000                      0               106048        0.021        0.000                      0               106048        1.720        0.000                       0                 91458  
  clkfbout_clk_wiz_0                                                                                                                                                            8.400        0.000                       0                     3  


------------------------------------------------------------------------------------------------
| Inter Clock Table
| -----------------
------------------------------------------------------------------------------------------------

From Clock            To Clock                  WNS(ns)      TNS(ns)  TNS Failing Endpoints  TNS Total Endpoints      WHS(ns)      THS(ns)  THS Failing Endpoints  THS Total Endpoints  
----------            --------                  -------      -------  ---------------------  -------------------      -------      -------  ---------------------  -------------------  
clk_fpga_0            clk_out200_clk_wiz_0        1.365        0.000                      0                   64        0.062        0.000                      0                   64  


------------------------------------------------------------------------------------------------
| Other Path Groups Table
| -----------------------
------------------------------------------------------------------------------------------------

Path Group    From Clock    To Clock          WNS(ns)      TNS(ns)  TNS Failing Endpoints  TNS Total Endpoints      WHS(ns)      THS(ns)  THS Failing Endpoints  THS Total Endpoints  
----------    ----------    --------          -------      -------  ---------------------  -------------------      -------      -------  ---------------------  -------------------  


------------------------------------------------------------------------------------------------
| Timing Details
| --------------
------------------------------------------------------------------------------------------------


---------------------------------------------------------------------------------------------------
From Clock:  clk_fpga_0
  To Clock:  clk_fpga_0

Setup :            0  Failing Endpoints,  Worst Slack        5.794ns,  Total Violation        0.000ns
Hold  :            0  Failing Endpoints,  Worst Slack        0.040ns,  Total Violation        0.000ns
PW    :            0  Failing Endpoints,  Worst Slack        4.220ns,  Total Violation        0.000ns
---------------------------------------------------------------------------------------------------


Max Delay Paths
--------------------------------------------------------------------------------------
Slack (MET) :             5.794ns  (required time - arrival time)
  Source:                 system_i/processing_system7_0/inst/PS7_i/MAXIGP0ACLK
                            (rising edge-triggered cell PS7 clocked by clk_fpga_0  {rise@0.000ns fall@5.000ns period=10.000ns})
  Destination:            system_i/axi_gpio_1/U0/AXI_LITE_IPIF_I/I_SLAVE_ATTACHMENT/bus2ip_rnw_i_reg/CE
                            (rising edge-triggered cell FDRE clocked by clk_fpga_0  {rise@0.000ns fall@5.000ns period=10.000ns})
  Path Group:             clk_fpga_0
  Path Type:              Setup (Max at Slow Process Corner)
  Requirement:            10.000ns  (clk_fpga_0 rise@10.000ns - clk_fpga_0 rise@0.000ns)
  Data Path Delay:        3.596ns  (logic 1.576ns (43.826%)  route 2.020ns (56.174%))
  Logic Levels:           2  (LUT5=2)
  Clock Path Skew:        -0.096ns (DCD - SCD + CPR)
    Destination Clock Delay (DCD):    2.287ns = ( 12.287 - 10.000 ) 
    Source Clock Delay      (SCD):    2.512ns
    Clock Pessimism Removal (CPR):    0.129ns
  Clock Uncertainty:      0.154ns  ((TSJ^2 + TIJ^2)^1/2 + DJ) / 2 + PE
    Total System Jitter     (TSJ):    0.071ns
    Total Input Jitter      (TIJ):    0.300ns
    Discrete Jitter          (DJ):    0.000ns
    Phase Error              (PE):    0.000ns

    Location             Delay type                Incr(ns)  Path(ns)    Netlist Resource(s)
  -------------------------------------------------------------------    -------------------
                         (clock clk_fpga_0 rise edge)
                                                      0.000     0.000 r  
    PS7_X0Y0             PS7                          0.000     0.000 r  system_i/processing_system7_0/inst/PS7_i/FCLKCLK[0]
                         net (fo=1, routed)           0.936     0.936    system_i/processing_system7_0/inst/FCLK_CLK_unbuffered[0]
    BUFGCTRL_X0Y18       BUFG (Prop_bufg_I_O)         0.120     1.056 r  system_i/processing_system7_0/inst/buffer_fclk_clk_0.FCLK_CLK_0_BUFG/O
                         net (fo=1255, routed)        1.456     2.512    system_i/processing_system7_0/inst/FCLK_CLK0
    PS7_X0Y0             PS7                                          r  system_i/processing_system7_0/inst/PS7_i/MAXIGP0ACLK
  -------------------------------------------------------------------    -------------------
    PS7_X0Y0             PS7 (Prop_ps7_MAXIGP0ACLK_MAXIGP0WVALID)
                                                      1.334     3.846 r  system_i/processing_system7_0/inst/PS7_i/MAXIGP0WVALID
                         net (fo=5, routed)           1.065     4.911    system_i/ps7_0_axi_periph/xbar/inst/gen_sasd.crossbar_sasd_0/addr_arbiter_inst/s_axi_wvalid[0]
    SLICE_X38Y148        LUT5 (Prop_lut5_I1_O)        0.065     4.976 r  system_i/ps7_0_axi_periph/xbar/inst/gen_sasd.crossbar_sasd_0/addr_arbiter_inst/m_axi_wvalid[1]_INST_0/O
                         net (fo=6, routed)           0.486     5.463    system_i/axi_gpio_1/U0/AXI_LITE_IPIF_I/I_SLAVE_ATTACHMENT/s_axi_wvalid
    SLICE_X40Y147        LUT5 (Prop_lut5_I2_O)        0.177     5.640 r  system_i/axi_gpio_1/U0/AXI_LITE_IPIF_I/I_SLAVE_ATTACHMENT/bus2ip_addr_i[8]_i_1/O
                         net (fo=4, routed)           0.468     6.108    system_i/axi_gpio_1/U0/AXI_LITE_IPIF_I/I_SLAVE_ATTACHMENT/bus2ip_addr_i[8]_i_1_n_0
    SLICE_X39Y146        FDRE                                         r  system_i/axi_gpio_1/U0/AXI_LITE_IPIF_I/I_SLAVE_ATTACHMENT/bus2ip_rnw_i_reg/CE
  -------------------------------------------------------------------    -------------------

                         (clock clk_fpga_0 rise edge)
                                                     10.000    10.000 r  
    PS7_X0Y0             PS7                          0.000    10.000 r  system_i/processing_system7_0/inst/PS7_i/FCLKCLK[0]
                         net (fo=1, routed)           0.903    10.903    system_i/processing_system7_0/inst/FCLK_CLK_unbuffered[0]
    BUFGCTRL_X0Y18       BUFG (Prop_bufg_I_O)         0.113    11.016 r  system_i/processing_system7_0/inst/buffer_fclk_clk_0.FCLK_CLK_0_BUFG/O
                         net (fo=1255, routed)        1.271    12.287    system_i/axi_gpio_1/U0/AXI_LITE_IPIF_I/I_SLAVE_ATTACHMENT/s_axi_aclk
    SLICE_X39Y146        FDRE                                         r  system_i/axi_gpio_1/U0/AXI_LITE_IPIF_I/I_SLAVE_ATTACHMENT/bus2ip_rnw_i_reg/C
                         clock pessimism              0.129    12.416    
                         clock uncertainty           -0.154    12.262    
    SLICE_X39Y146        FDRE (Setup_fdre_C_CE)      -0.360    11.902    system_i/axi_gpio_1/U0/AXI_LITE_IPIF_I/I_SLAVE_ATTACHMENT/bus2ip_rnw_i_reg
  -------------------------------------------------------------------
                         required time                         11.902    
                         arrival time                          -6.108    
  -------------------------------------------------------------------
                         slack                                  5.794    





Min Delay Paths
--------------------------------------------------------------------------------------
Slack (MET) :             0.040ns  (arrival time - required time)
  Source:                 system_i/ps7_0_axi_periph/xbar/inst/gen_sasd.crossbar_sasd_0/reg_slice_r/m_payload_i_reg[9]/C
                            (rising edge-triggered cell FDRE clocked by clk_fpga_0  {rise@0.000ns fall@5.000ns period=10.000ns})
  Destination:            system_i/ps7_0_axi_periph/s00_couplers/auto_pc/inst/gen_axilite.gen_b2s_conv.axilite_b2s/RD.r_channel_0/rd_data_fifo_0/memory_reg[31][6]_srl32/D
                            (rising edge-triggered cell SRLC32E clocked by clk_fpga_0  {rise@0.000ns fall@5.000ns period=10.000ns})
  Path Group:             clk_fpga_0
  Path Type:              Hold (Min at Fast Process Corner)
  Requirement:            0.000ns  (clk_fpga_0 rise@0.000ns - clk_fpga_0 rise@0.000ns)
  Data Path Delay:        0.227ns  (logic 0.118ns (52.088%)  route 0.109ns (47.911%))
  Logic Levels:           0  
  Clock Path Skew:        0.033ns (DCD - SCD - CPR)
    Destination Clock Delay (DCD):    1.116ns
    Source Clock Delay      (SCD):    0.872ns
    Clock Pessimism Removal (CPR):    0.211ns

    Location             Delay type                Incr(ns)  Path(ns)    Netlist Resource(s)
  -------------------------------------------------------------------    -------------------
                         (clock clk_fpga_0 rise edge)
                                                      0.000     0.000 r  
    PS7_X0Y0             PS7                          0.000     0.000 r  system_i/processing_system7_0/inst/PS7_i/FCLKCLK[0]
                         net (fo=1, routed)           0.316     0.316    system_i/processing_system7_0/inst/FCLK_CLK_unbuffered[0]
    BUFGCTRL_X0Y18       BUFG (Prop_bufg_I_O)         0.026     0.342 r  system_i/processing_system7_0/inst/buffer_fclk_clk_0.FCLK_CLK_0_BUFG/O
                         net (fo=1255, routed)        0.530     0.872    system_i/ps7_0_axi_periph/xbar/inst/gen_sasd.crossbar_sasd_0/reg_slice_r/aclk
    SLICE_X34Y139        FDRE                                         r  system_i/ps7_0_axi_periph/xbar/inst/gen_sasd.crossbar_sasd_0/reg_slice_r/m_payload_i_reg[9]/C
  -------------------------------------------------------------------    -------------------
    SLICE_X34Y139        FDRE (Prop_fdre_C_Q)         0.118     0.990 r  system_i/ps7_0_axi_periph/xbar/inst/gen_sasd.crossbar_sasd_0/reg_slice_r/m_payload_i_reg[9]/Q
                         net (fo=1, routed)           0.109     1.099    system_i/ps7_0_axi_periph/s00_couplers/auto_pc/inst/gen_axilite.gen_b2s_conv.axilite_b2s/RD.r_channel_0/rd_data_fifo_0/in[6]
    SLICE_X32Y138        SRLC32E                                      r  system_i/ps7_0_axi_periph/s00_couplers/auto_pc/inst/gen_axilite.gen_b2s_conv.axilite_b2s/RD.r_channel_0/rd_data_fifo_0/memory_reg[31][6]_srl32/D
  -------------------------------------------------------------------    -------------------

                         (clock clk_fpga_0 rise edge)
                                                      0.000     0.000 r  
    PS7_X0Y0             PS7                          0.000     0.000 r  system_i/processing_system7_0/inst/PS7_i/FCLKCLK[0]
                         net (fo=1, routed)           0.350     0.350    system_i/processing_system7_0/inst/FCLK_CLK_unbuffered[0]
    BUFGCTRL_X0Y18       BUFG (Prop_bufg_I_O)         0.030     0.380 r  system_i/processing_system7_0/inst/buffer_fclk_clk_0.FCLK_CLK_0_BUFG/O
                         net (fo=1255, routed)        0.736     1.116    system_i/ps7_0_axi_periph/s00_couplers/auto_pc/inst/gen_axilite.gen_b2s_conv.axilite_b2s/RD.r_channel_0/rd_data_fifo_0/aclk
    SLICE_X32Y138        SRLC32E                                      r  system_i/ps7_0_axi_periph/s00_couplers/auto_pc/inst/gen_axilite.gen_b2s_conv.axilite_b2s/RD.r_channel_0/rd_data_fifo_0/memory_reg[31][6]_srl32/CLK
                         clock pessimism             -0.211     0.905    
    SLICE_X32Y138        SRLC32E (Hold_srlc32e_CLK_D)
                                                      0.154     1.059    system_i/ps7_0_axi_periph/s00_couplers/auto_pc/inst/gen_axilite.gen_b2s_conv.axilite_b2s/RD.r_channel_0/rd_data_fifo_0/memory_reg[31][6]_srl32
  -------------------------------------------------------------------
                         required time                         -1.059    
                         arrival time                           1.099    
  -------------------------------------------------------------------
                         slack                                  0.040    





Pulse Width Checks
--------------------------------------------------------------------------------------
Clock Name:         clk_fpga_0
Waveform(ns):       { 0.000 5.000 }
Period(ns):         10.000
Sources:            { system_i/processing_system7_0/inst/PS7_i/FCLKCLK[0] }

Check Type        Corner  Lib Pin      Reference Pin  Required(ns)  Actual(ns)  Slack(ns)  Location        Pin
Min Period        n/a     BUFG/I       n/a            1.600         10.000      8.400      BUFGCTRL_X0Y18  system_i/processing_system7_0/inst/buffer_fclk_clk_0.FCLK_CLK_0_BUFG/I
Low Pulse Width   Slow    SRLC32E/CLK  n/a            0.780         5.000       4.220      SLICE_X30Y141   system_i/ps7_0_axi_periph/s00_couplers/auto_pc/inst/gen_axilite.gen_b2s_conv.axilite_b2s/RD.r_channel_0/transaction_fifo_0/memory_reg[31][0]_srl32/CLK
High Pulse Width  Slow    SRLC32E/CLK  n/a            0.780         5.000       4.220      SLICE_X32Y140   system_i/ps7_0_axi_periph/s00_couplers/auto_pc/inst/gen_axilite.gen_b2s_conv.axilite_b2s/RD.r_channel_0/rd_data_fifo_0/memory_reg[31][0]_srl32/CLK



---------------------------------------------------------------------------------------------------
From Clock:  instance_name/inst/clk_in100
  To Clock:  instance_name/inst/clk_in100

Setup :           NA  Failing Endpoints,  Worst Slack           NA  ,  Total Violation           NA
Hold  :           NA  Failing Endpoints,  Worst Slack           NA  ,  Total Violation           NA
PW    :            0  Failing Endpoints,  Worst Slack        3.000ns,  Total Violation        0.000ns
---------------------------------------------------------------------------------------------------


Pulse Width Checks
--------------------------------------------------------------------------------------
Clock Name:         instance_name/inst/clk_in100
Waveform(ns):       { 0.000 5.000 }
Period(ns):         10.000
Sources:            { instance_name/inst/clk_in100 }

Check Type        Corner  Lib Pin            Reference Pin  Required(ns)  Actual(ns)  Slack(ns)  Location         Pin
Min Period        n/a     MMCME2_ADV/CLKIN1  n/a            1.249         10.000      8.751      MMCME2_ADV_X1Y3  instance_name/inst/mmcm_adv_inst/CLKIN1
Max Period        n/a     MMCME2_ADV/CLKIN1  n/a            100.000       10.000      90.000     MMCME2_ADV_X1Y3  instance_name/inst/mmcm_adv_inst/CLKIN1
Low Pulse Width   Slow    MMCME2_ADV/CLKIN1  n/a            2.000         5.000       3.000      MMCME2_ADV_X1Y3  instance_name/inst/mmcm_adv_inst/CLKIN1
High Pulse Width  Slow    MMCME2_ADV/CLKIN1  n/a            2.000         5.000       3.000      MMCME2_ADV_X1Y3  instance_name/inst/mmcm_adv_inst/CLKIN1



---------------------------------------------------------------------------------------------------
From Clock:  clk_out200_clk_wiz_0
  To Clock:  clk_out200_clk_wiz_0

Setup :            0  Failing Endpoints,  Worst Slack        1.489ns,  Total Violation        0.000ns
Hold  :            0  Failing Endpoints,  Worst Slack        0.021ns,  Total Violation        0.000ns
PW    :            0  Failing Endpoints,  Worst Slack        1.720ns,  Total Violation        0.000ns
---------------------------------------------------------------------------------------------------


Max Delay Paths
--------------------------------------------------------------------------------------
Slack (MET) :             1.489ns  (required time - arrival time)
  Source:                 gen_code_label[2].heater_inst/reset_reg/C
                            (rising edge-triggered cell FDRE clocked by clk_out200_clk_wiz_0  {rise@0.000ns fall@2.500ns period=5.000ns})
  Destination:            gen_code_label[2].heater_inst/lfsr_gen_inst/dataout_reg[16]/R
                            (rising edge-triggered cell FDRE clocked by clk_out200_clk_wiz_0  {rise@0.000ns fall@2.500ns period=5.000ns})
  Path Group:             clk_out200_clk_wiz_0
  Path Type:              Setup (Max at Slow Process Corner)
  Requirement:            5.000ns  (clk_out200_clk_wiz_0 rise@5.000ns - clk_out200_clk_wiz_0 rise@0.000ns)
  Data Path Delay:        3.189ns  (logic 0.269ns (8.435%)  route 2.920ns (91.565%))
  Logic Levels:           0  
  Clock Path Skew:        0.113ns (DCD - SCD + CPR)
    Destination Clock Delay (DCD):    1.488ns = ( 6.488 - 5.000 ) 
    Source Clock Delay      (SCD):    1.375ns
    Clock Pessimism Removal (CPR):    0.000ns
  Clock Uncertainty:      0.067ns  ((TSJ^2 + DJ^2)^1/2) / 2 + PE
    Total System Jitter     (TSJ):    0.071ns
    Discrete Jitter          (DJ):    0.115ns
    Phase Error              (PE):    0.000ns

    Location             Delay type                Incr(ns)  Path(ns)    Netlist Resource(s)
  -------------------------------------------------------------------    -------------------
                         (clock clk_out200_clk_wiz_0 rise edge)
                                                      0.000     0.000 r  
    BUFGCTRL_X0Y18       BUFG                         0.000     0.000 r  system_i/processing_system7_0/inst/buffer_fclk_clk_0.FCLK_CLK_0_BUFG/O
                         net (fo=1255, routed)        1.757     1.757    instance_name/inst/clk_in100
    MMCME2_ADV_X1Y3      MMCME2_ADV (Prop_mmcme2_adv_CLKIN1_CLKOUT0)
                                                     -3.752    -1.995 r  instance_name/inst/mmcm_adv_inst/CLKOUT0
                         net (fo=1, routed)           1.875    -0.120    instance_name/inst/clk_out200_clk_wiz_0
    BUFGCTRL_X0Y17       BUFG (Prop_bufg_I_O)         0.120     0.000 r  instance_name/inst/clkout1_buf/O
                         net (fo=91456, routed)       1.375     1.375    gen_code_label[2].heater_inst/clk_out200
    SLICE_X64Y121        FDRE                                         r  gen_code_label[2].heater_inst/reset_reg/C
  -------------------------------------------------------------------    -------------------
    SLICE_X64Y121        FDRE (Prop_fdre_C_Q)         0.269     1.644 r  gen_code_label[2].heater_inst/reset_reg/Q
                         net (fo=32, routed)          2.920     4.564    gen_code_label[2].heater_inst/lfsr_gen_inst/SS[0]
    SLICE_X89Y11         FDRE                                         r  gen_code_label[2].heater_inst/lfsr_gen_inst/dataout_reg[16]/R
  -------------------------------------------------------------------    -------------------

                         (clock clk_out200_clk_wiz_0 rise edge)
                                                      5.000     5.000 r  
    BUFGCTRL_X0Y18       BUFG                         0.000     5.000 r  system_i/processing_system7_0/inst/buffer_fclk_clk_0.FCLK_CLK_0_BUFG/O
                         net (fo=1255, routed)        1.569     6.569    instance_name/inst/clk_in100
    MMCME2_ADV_X1Y3      MMCME2_ADV (Prop_mmcme2_adv_CLKIN1_CLKOUT0)
                                                     -3.442     3.127 r  instance_name/inst/mmcm_adv_inst/CLKOUT0
                         net (fo=1, routed)           1.760     4.887    instance_name/inst/clk_out200_clk_wiz_0
    BUFGCTRL_X0Y17       BUFG (Prop_bufg_I_O)         0.113     5.000 r  instance_name/inst/clkout1_buf/O
                         net (fo=91456, routed)       1.488     6.488    gen_code_label[2].heater_inst/lfsr_gen_inst/clk_out200
    SLICE_X89Y11         FDRE                                         r  gen_code_label[2].heater_inst/lfsr_gen_inst/dataout_reg[16]/C
                         clock pessimism              0.000     6.488    
                         clock uncertainty           -0.067     6.421    
    SLICE_X89Y11         FDRE (Setup_fdre_C_R)       -0.367     6.054    gen_code_label[2].heater_inst/lfsr_gen_inst/dataout_reg[16]
  -------------------------------------------------------------------
                         required time                          6.054    
                         arrival time                          -4.564    
  -------------------------------------------------------------------
                         slack                                  1.489    





Min Delay Paths
--------------------------------------------------------------------------------------
Slack (MET) :             0.021ns  (arrival time - required time)
  Source:                 gen_code_label[13].heater_inst/gen_srl[2].srl32_1/U0/i_synth/i_bb_inst/f1.only_clb.srl_sig_reg[0][9]/C
                            (rising edge-triggered cell FDRE clocked by clk_out200_clk_wiz_0  {rise@0.000ns fall@2.500ns period=5.000ns})
  Destination:            gen_code_label[13].heater_inst/gen_srl[2].srl32_1/U0/i_synth/i_bb_inst/f1.only_clb.srl_sig_reg[32][9]_srl32/D
                            (rising edge-triggered cell SRLC32E clocked by clk_out200_clk_wiz_0  {rise@0.000ns fall@2.500ns period=5.000ns})
  Path Group:             clk_out200_clk_wiz_0
  Path Type:              Hold (Min at Fast Process Corner)
  Requirement:            0.000ns  (clk_out200_clk_wiz_0 rise@0.000ns - clk_out200_clk_wiz_0 rise@0.000ns)
  Data Path Delay:        0.261ns  (logic 0.100ns (38.343%)  route 0.161ns (61.657%))
  Logic Levels:           0  
  Clock Path Skew:        0.141ns (DCD - SCD - CPR)
    Destination Clock Delay (DCD):    0.752ns
    Source Clock Delay      (SCD):    0.603ns
    Clock Pessimism Removal (CPR):    0.008ns

    Location             Delay type                Incr(ns)  Path(ns)    Netlist Resource(s)
  -------------------------------------------------------------------    -------------------
                         (clock clk_out200_clk_wiz_0 rise edge)
                                                      0.000     0.000 r  
    BUFGCTRL_X0Y18       BUFG                         0.000     0.000 r  system_i/processing_system7_0/inst/buffer_fclk_clk_0.FCLK_CLK_0_BUFG/O
                         net (fo=1255, routed)        0.660     0.660    instance_name/inst/clk_in100
    MMCME2_ADV_X1Y3      MMCME2_ADV (Prop_mmcme2_adv_CLKIN1_CLKOUT0)
                                                     -1.442    -0.782 r  instance_name/inst/mmcm_adv_inst/CLKOUT0
                         net (fo=1, routed)           0.756    -0.026    instance_name/inst/clk_out200_clk_wiz_0
    BUFGCTRL_X0Y17       BUFG (Prop_bufg_I_O)         0.026     0.000 r  instance_name/inst/clkout1_buf/O
                         net (fo=91456, routed)       0.603     0.603    gen_code_label[13].heater_inst/gen_srl[2].srl32_1/U0/i_synth/i_bb_inst/clk
    SLICE_X33Y49         FDRE                                         r  gen_code_label[13].heater_inst/gen_srl[2].srl32_1/U0/i_synth/i_bb_inst/f1.only_clb.srl_sig_reg[0][9]/C
  -------------------------------------------------------------------    -------------------
    SLICE_X33Y49         FDRE (Prop_fdre_C_Q)         0.100     0.703 r  gen_code_label[13].heater_inst/gen_srl[2].srl32_1/U0/i_synth/i_bb_inst/f1.only_clb.srl_sig_reg[0][9]/Q
                         net (fo=1, routed)           0.161     0.864    gen_code_label[13].heater_inst/gen_srl[2].srl32_1/U0/i_synth/i_bb_inst/f1.only_clb.srl_sig_reg_n_0_[0][9]
    SLICE_X32Y50         SRLC32E                                      r  gen_code_label[13].heater_inst/gen_srl[2].srl32_1/U0/i_synth/i_bb_inst/f1.only_clb.srl_sig_reg[32][9]_srl32/D
  -------------------------------------------------------------------    -------------------

                         (clock clk_out200_clk_wiz_0 rise edge)
                                                      0.000     0.000 r  
    BUFGCTRL_X0Y18       BUFG                         0.000     0.000 r  system_i/processing_system7_0/inst/buffer_fclk_clk_0.FCLK_CLK_0_BUFG/O
                         net (fo=1255, routed)        0.896     0.896    instance_name/inst/clk_in100
    MMCME2_ADV_X1Y3      MMCME2_ADV (Prop_mmcme2_adv_CLKIN1_CLKOUT0)
                                                     -1.749    -0.853 r  instance_name/inst/mmcm_adv_inst/CLKOUT0
                         net (fo=1, routed)           0.823    -0.030    instance_name/inst/clk_out200_clk_wiz_0
    BUFGCTRL_X0Y17       BUFG (Prop_bufg_I_O)         0.030    -0.000 r  instance_name/inst/clkout1_buf/O
                         net (fo=91456, routed)       0.752     0.752    gen_code_label[13].heater_inst/gen_srl[2].srl32_1/U0/i_synth/i_bb_inst/clk
    SLICE_X32Y50         SRLC32E                                      r  gen_code_label[13].heater_inst/gen_srl[2].srl32_1/U0/i_synth/i_bb_inst/f1.only_clb.srl_sig_reg[32][9]_srl32/CLK
                         clock pessimism             -0.008     0.744    
    SLICE_X32Y50         SRLC32E (Hold_srlc32e_CLK_D)
                                                      0.099     0.843    gen_code_label[13].heater_inst/gen_srl[2].srl32_1/U0/i_synth/i_bb_inst/f1.only_clb.srl_sig_reg[32][9]_srl32
  -------------------------------------------------------------------
                         required time                         -0.843    
                         arrival time                           0.864    
  -------------------------------------------------------------------
                         slack                                  0.021    





Pulse Width Checks
--------------------------------------------------------------------------------------
Clock Name:         clk_out200_clk_wiz_0
Waveform(ns):       { 0.000 2.500 }
Period(ns):         5.000
Sources:            { instance_name/inst/mmcm_adv_inst/CLKOUT0 }

Check Type        Corner  Lib Pin             Reference Pin  Required(ns)  Actual(ns)  Slack(ns)  Location         Pin
Min Period        n/a     RAMB36E1/CLKARDCLK  n/a            2.183         5.000       2.817      RAMB36_X1Y9      gen_code_label[13].heater_inst/gen_bram[2].sp_bram_1/U0/inst_blk_mem_gen/gnbram.gnativebmg.native_blk_mem_gen/valid.cstr/ramloop[0].ram.r/prim_noinit.ram/DEVICE_7SERIES.NO_BMM_INFO.SP.SIMPLE_PRIM36.ram/CLKARDCLK
Max Period        n/a     MMCME2_ADV/CLKOUT0  n/a            213.360       5.000       208.360    MMCME2_ADV_X1Y3  instance_name/inst/mmcm_adv_inst/CLKOUT0
Low Pulse Width   Slow    SRLC32E/CLK         n/a            0.780         2.500       1.720      SLICE_X42Y30     gen_code_label[8].heater_inst/gen_srl[1].srl32_1/U0/i_synth/i_bb_inst/f1.only_clb.srl_sig_reg[32][16]_srl32/CLK
High Pulse Width  Slow    SRLC32E/CLK         n/a            0.780         2.500       1.720      SLICE_X38Y34     gen_code_label[8].heater_inst/gen_srl[1].srl32_1/U0/i_synth/i_bb_inst/f1.only_clb.srl_sig_reg[32][10]_srl32/CLK



---------------------------------------------------------------------------------------------------
From Clock:  clkfbout_clk_wiz_0
  To Clock:  clkfbout_clk_wiz_0

Setup :           NA  Failing Endpoints,  Worst Slack           NA  ,  Total Violation           NA
Hold  :           NA  Failing Endpoints,  Worst Slack           NA  ,  Total Violation           NA
PW    :            0  Failing Endpoints,  Worst Slack        8.400ns,  Total Violation        0.000ns
---------------------------------------------------------------------------------------------------


Pulse Width Checks
--------------------------------------------------------------------------------------
Clock Name:         clkfbout_clk_wiz_0
Waveform(ns):       { 0.000 5.000 }
Period(ns):         10.000
Sources:            { instance_name/inst/mmcm_adv_inst/CLKFBOUT }

Check Type  Corner  Lib Pin             Reference Pin  Required(ns)  Actual(ns)  Slack(ns)  Location         Pin
Min Period  n/a     BUFG/I              n/a            1.600         10.000      8.400      BUFGCTRL_X0Y16   instance_name/inst/clkf_buf/I
Max Period  n/a     MMCME2_ADV/CLKFBIN  n/a            100.000       10.000      90.000     MMCME2_ADV_X1Y3  instance_name/inst/mmcm_adv_inst/CLKFBIN



---------------------------------------------------------------------------------------------------
From Clock:  clk_fpga_0
  To Clock:  clk_out200_clk_wiz_0

Setup :            0  Failing Endpoints,  Worst Slack        1.365ns,  Total Violation        0.000ns
Hold  :            0  Failing Endpoints,  Worst Slack        0.062ns,  Total Violation        0.000ns
---------------------------------------------------------------------------------------------------


Max Delay Paths
--------------------------------------------------------------------------------------
Slack (MET) :             1.365ns  (required time - arrival time)
  Source:                 system_i/axi_gpio_1/U0/gpio_core_1/Dual.gpio_Data_Out_reg[28]/C
                            (rising edge-triggered cell FDRE clocked by clk_fpga_0  {rise@0.000ns fall@5.000ns period=10.000ns})
  Destination:            gen_code_label[3].heater_inst/err_clear_q_reg/D
                            (rising edge-triggered cell FDRE clocked by clk_out200_clk_wiz_0  {rise@0.000ns fall@2.500ns period=5.000ns})
  Path Group:             clk_out200_clk_wiz_0
  Path Type:              Setup (Max at Slow Process Corner)
  Requirement:            5.000ns  (clk_out200_clk_wiz_0 rise@5.000ns - clk_fpga_0 rise@0.000ns)
  Data Path Delay:        2.171ns  (logic 0.269ns (12.393%)  route 1.902ns (87.607%))
  Logic Levels:           0  
  Clock Path Skew:        -1.169ns (DCD - SCD + CPR)
    Destination Clock Delay (DCD):    1.271ns = ( 6.271 - 5.000 ) 
    Source Clock Delay      (SCD):    2.440ns
    Clock Pessimism Removal (CPR):    0.000ns
  Clock Uncertainty:      0.263ns  ((TSJ^2 + TIJ^2 + DJ^2)^1/2) / 2 + PE
    Total System Jitter     (TSJ):    0.071ns
    Total Input Jitter      (TIJ):    0.300ns
    Discrete Jitter          (DJ):    0.115ns
    Phase Error              (PE):    0.099ns
  Clock Domain Crossing:  Inter clock paths are considered valid unless explicitly excluded by timing constraints such as set_clock_groups or set_false_path.

    Location             Delay type                Incr(ns)  Path(ns)    Netlist Resource(s)
  -------------------------------------------------------------------    -------------------
                         (clock clk_fpga_0 rise edge)
                                                      0.000     0.000 r  
    PS7_X0Y0             PS7                          0.000     0.000 r  system_i/processing_system7_0/inst/PS7_i/FCLKCLK[0]
                         net (fo=1, routed)           0.936     0.936    system_i/processing_system7_0/inst/FCLK_CLK_unbuffered[0]
    BUFGCTRL_X0Y18       BUFG (Prop_bufg_I_O)         0.120     1.056 r  system_i/processing_system7_0/inst/buffer_fclk_clk_0.FCLK_CLK_0_BUFG/O
                         net (fo=1255, routed)        1.384     2.440    system_i/axi_gpio_1/U0/gpio_core_1/s_axi_aclk
    SLICE_X39Y134        FDRE                                         r  system_i/axi_gpio_1/U0/gpio_core_1/Dual.gpio_Data_Out_reg[28]/C
  -------------------------------------------------------------------    -------------------
    SLICE_X39Y134        FDRE (Prop_fdre_C_Q)         0.269     2.709 r  system_i/axi_gpio_1/U0/gpio_core_1/Dual.gpio_Data_Out_reg[28]/Q
                         net (fo=2, routed)           1.902     4.611    gen_code_label[3].heater_inst/GPIO1_out_tri_o[0]
    SLICE_X57Y66         FDRE                                         r  gen_code_label[3].heater_inst/err_clear_q_reg/D
  -------------------------------------------------------------------    -------------------

                         (clock clk_out200_clk_wiz_0 rise edge)
                                                      5.000     5.000 r  
    BUFGCTRL_X0Y18       BUFG                         0.000     5.000 r  system_i/processing_system7_0/inst/buffer_fclk_clk_0.FCLK_CLK_0_BUFG/O
                         net (fo=1255, routed)        1.569     6.569    instance_name/inst/clk_in100
    MMCME2_ADV_X1Y3      MMCME2_ADV (Prop_mmcme2_adv_CLKIN1_CLKOUT0)
                                                     -3.442     3.127 r  instance_name/inst/mmcm_adv_inst/CLKOUT0
                         net (fo=1, routed)           1.760     4.887    instance_name/inst/clk_out200_clk_wiz_0
    BUFGCTRL_X0Y17       BUFG (Prop_bufg_I_O)         0.113     5.000 r  instance_name/inst/clkout1_buf/O
                         net (fo=91456, routed)       1.271     6.271    gen_code_label[3].heater_inst/clk_out200
    SLICE_X57Y66         FDRE                                         r  gen_code_label[3].heater_inst/err_clear_q_reg/C
                         clock pessimism              0.000     6.271    
                         clock uncertainty           -0.263     6.008    
    SLICE_X57Y66         FDRE (Setup_fdre_C_D)       -0.032     5.976    gen_code_label[3].heater_inst/err_clear_q_reg
  -------------------------------------------------------------------
                         required time                          5.976    
                         arrival time                          -4.611    
  -------------------------------------------------------------------
                         slack                                  1.365    





Min Delay Paths
--------------------------------------------------------------------------------------
Slack (MET) :             0.062ns  (arrival time - required time)
  Source:                 system_i/axi_gpio_1/U0/gpio_core_1/Dual.gpio_Data_Out_reg[11]/C
                            (rising edge-triggered cell FDRE clocked by clk_fpga_0  {rise@0.000ns fall@5.000ns period=10.000ns})
  Destination:            gen_code_label[20].heater_inst/err_clear_q_reg/D
                            (rising edge-triggered cell FDRE clocked by clk_out200_clk_wiz_0  {rise@0.000ns fall@2.500ns period=5.000ns})
  Path Group:             clk_out200_clk_wiz_0
  Path Type:              Hold (Min at Fast Process Corner)
  Requirement:            0.000ns  (clk_out200_clk_wiz_0 rise@0.000ns - clk_fpga_0 rise@0.000ns)
  Data Path Delay:        0.220ns  (logic 0.100ns (45.547%)  route 0.120ns (54.453%))
  Logic Levels:           0  
  Clock Path Skew:        -0.137ns (DCD - SCD - CPR)
    Destination Clock Delay (DCD):    0.735ns
    Source Clock Delay      (SCD):    0.872ns
    Clock Pessimism Removal (CPR):    -0.000ns
  Clock Uncertainty:      0.263ns  ((TSJ^2 + TIJ^2 + DJ^2)^1/2) / 2 + PE
    Total System Jitter     (TSJ):    0.071ns
    Total Input Jitter      (TIJ):    0.300ns
    Discrete Jitter          (DJ):    0.115ns
    Phase Error              (PE):    0.099ns
  Clock Domain Crossing:  Inter clock paths are considered valid unless explicitly excluded by timing constraints such as set_clock_groups or set_false_path.

    Location             Delay type                Incr(ns)  Path(ns)    Netlist Resource(s)
  -------------------------------------------------------------------    -------------------
                         (clock clk_fpga_0 rise edge)
                                                      0.000     0.000 r  
    PS7_X0Y0             PS7                          0.000     0.000 r  system_i/processing_system7_0/inst/PS7_i/FCLKCLK[0]
                         net (fo=1, routed)           0.316     0.316    system_i/processing_system7_0/inst/FCLK_CLK_unbuffered[0]
    BUFGCTRL_X0Y18       BUFG (Prop_bufg_I_O)         0.026     0.342 r  system_i/processing_system7_0/inst/buffer_fclk_clk_0.FCLK_CLK_0_BUFG/O
                         net (fo=1255, routed)        0.530     0.872    system_i/axi_gpio_1/U0/gpio_core_1/s_axi_aclk
    SLICE_X39Y138        FDRE                                         r  system_i/axi_gpio_1/U0/gpio_core_1/Dual.gpio_Data_Out_reg[11]/C
  -------------------------------------------------------------------    -------------------
    SLICE_X39Y138        FDRE (Prop_fdre_C_Q)         0.100     0.972 r  system_i/axi_gpio_1/U0/gpio_core_1/Dual.gpio_Data_Out_reg[11]/Q
                         net (fo=2, routed)           0.120     1.092    gen_code_label[20].heater_inst/GPIO1_out_tri_o[0]
    SLICE_X40Y138        FDRE                                         r  gen_code_label[20].heater_inst/err_clear_q_reg/D
  -------------------------------------------------------------------    -------------------

                         (clock clk_out200_clk_wiz_0 rise edge)
                                                      0.000     0.000 r  
    BUFGCTRL_X0Y18       BUFG                         0.000     0.000 r  system_i/processing_system7_0/inst/buffer_fclk_clk_0.FCLK_CLK_0_BUFG/O
                         net (fo=1255, routed)        0.896     0.896    instance_name/inst/clk_in100
    MMCME2_ADV_X1Y3      MMCME2_ADV (Prop_mmcme2_adv_CLKIN1_CLKOUT0)
                                                     -1.749    -0.853 r  instance_name/inst/mmcm_adv_inst/CLKOUT0
                         net (fo=1, routed)           0.823    -0.030    instance_name/inst/clk_out200_clk_wiz_0
    BUFGCTRL_X0Y17       BUFG (Prop_bufg_I_O)         0.030    -0.000 r  instance_name/inst/clkout1_buf/O
                         net (fo=91456, routed)       0.735     0.735    gen_code_label[20].heater_inst/clk_out200
    SLICE_X40Y138        FDRE                                         r  gen_code_label[20].heater_inst/err_clear_q_reg/C
                         clock pessimism              0.000     0.735    
                         clock uncertainty            0.263     0.998    
    SLICE_X40Y138        FDRE (Hold_fdre_C_D)         0.032     1.030    gen_code_label[20].heater_inst/err_clear_q_reg
  -------------------------------------------------------------------
                         required time                         -1.030    
                         arrival time                           1.092    
  -------------------------------------------------------------------
                         slack                                  0.062    





